2018-09-28 19:12:10 [scrapy.utils.log] INFO: Scrapy 1.5.1 started (bot: jobboss)
2018-09-28 19:12:10 [scrapy.utils.log] INFO: Versions: lxml 4.2.4.0, libxml2 2.9.5, cssselect 1.0.3, parsel 1.5.0, w3lib 1.19.0, Twisted 18.7.0, Python 3.6.5 |Anaconda, Inc.| (default, Mar 29 2018, 13:32:41) [MSC v.1900 64 bit (AMD64)], pyOpenSSL 18.0.0 (OpenSSL 1.1.0i  14 Aug 2018), cryptography 2.3.1, Platform Windows-10-10.0.16299-SP0
2018-09-28 19:12:10 [scrapy.crawler] INFO: Overridden settings: {'BOT_NAME': 'jobboss', 'LOG_FILE': 'jobboss.log', 'LOG_LEVEL': 'INFO', 'NEWSPIDER_MODULE': 'jobboss.spiders', 'ROBOTSTXT_OBEY': True, 'SPIDER_MODULES': ['jobboss.spiders']}
2018-09-28 19:12:10 [scrapy.middleware] INFO: Enabled extensions:
['scrapy.extensions.corestats.CoreStats',
 'scrapy.extensions.telnet.TelnetConsole',
 'scrapy.extensions.logstats.LogStats']
2018-09-28 19:12:11 [scrapy.middleware] INFO: Enabled downloader middlewares:
['scrapy.downloadermiddlewares.robotstxt.RobotsTxtMiddleware',
 'scrapy.downloadermiddlewares.httpauth.HttpAuthMiddleware',
 'scrapy.downloadermiddlewares.downloadtimeout.DownloadTimeoutMiddleware',
 'scrapy.downloadermiddlewares.defaultheaders.DefaultHeadersMiddleware',
 'scrapy.downloadermiddlewares.useragent.UserAgentMiddleware',
 'scrapy.downloadermiddlewares.retry.RetryMiddleware',
 'scrapy.downloadermiddlewares.redirect.MetaRefreshMiddleware',
 'scrapy.downloadermiddlewares.httpcompression.HttpCompressionMiddleware',
 'scrapy.downloadermiddlewares.redirect.RedirectMiddleware',
 'scrapy.downloadermiddlewares.cookies.CookiesMiddleware',
 'scrapy.downloadermiddlewares.httpproxy.HttpProxyMiddleware',
 'scrapy.downloadermiddlewares.stats.DownloaderStats']
2018-09-28 19:12:11 [scrapy.middleware] INFO: Enabled spider middlewares:
['scrapy.spidermiddlewares.httperror.HttpErrorMiddleware',
 'scrapy.spidermiddlewares.offsite.OffsiteMiddleware',
 'scrapy.spidermiddlewares.referer.RefererMiddleware',
 'scrapy.spidermiddlewares.urllength.UrlLengthMiddleware',
 'scrapy.spidermiddlewares.depth.DepthMiddleware']
2018-09-28 19:12:11 [scrapy.middleware] INFO: Enabled item pipelines:
[]
2018-09-28 19:12:11 [scrapy.core.engine] INFO: Spider opened
2018-09-28 19:12:11 [scrapy.extensions.logstats] INFO: Crawled 0 pages (at 0 pages/min), scraped 0 items (at 0 items/min)
2018-09-28 19:12:11 [scrapy.spidermiddlewares.httperror] INFO: Ignoring response <403 https://www.zhipin.com/job_detail/?query=Python&scity=101010100&industry=&position=>: HTTP status code is not handled or not allowed
2018-09-28 19:12:11 [scrapy.core.engine] INFO: Closing spider (finished)
2018-09-28 19:12:11 [scrapy.statscollectors] INFO: Dumping Scrapy stats:
{'downloader/request_bytes': 496,
 'downloader/request_count': 2,
 'downloader/request_method_count/GET': 2,
 'downloader/response_bytes': 2216,
 'downloader/response_count': 2,
 'downloader/response_status_count/200': 1,
 'downloader/response_status_count/403': 1,
 'finish_reason': 'finished',
 'finish_time': datetime.datetime(2018, 9, 28, 11, 12, 11, 743568),
 'httperror/response_ignored_count': 1,
 'httperror/response_ignored_status_count/403': 1,
 'log_count/INFO': 8,
 'response_received_count': 2,
 'scheduler/dequeued': 1,
 'scheduler/dequeued/memory': 1,
 'scheduler/enqueued': 1,
 'scheduler/enqueued/memory': 1,
 'start_time': datetime.datetime(2018, 9, 28, 11, 12, 11, 97125)}
2018-09-28 19:12:11 [scrapy.core.engine] INFO: Spider closed (finished)
2018-09-28 19:12:58 [scrapy.utils.log] INFO: Scrapy 1.5.1 started (bot: jobboss)
2018-09-28 19:12:58 [scrapy.utils.log] INFO: Versions: lxml 4.2.4.0, libxml2 2.9.5, cssselect 1.0.3, parsel 1.5.0, w3lib 1.19.0, Twisted 18.7.0, Python 3.6.5 |Anaconda, Inc.| (default, Mar 29 2018, 13:32:41) [MSC v.1900 64 bit (AMD64)], pyOpenSSL 18.0.0 (OpenSSL 1.1.0i  14 Aug 2018), cryptography 2.3.1, Platform Windows-10-10.0.16299-SP0
2018-09-28 19:12:58 [scrapy.crawler] INFO: Overridden settings: {'BOT_NAME': 'jobboss', 'LOG_FILE': 'jobboss.log', 'LOG_LEVEL': 'INFO', 'NEWSPIDER_MODULE': 'jobboss.spiders', 'ROBOTSTXT_OBEY': True, 'SPIDER_MODULES': ['jobboss.spiders']}
2018-09-28 19:12:58 [scrapy.middleware] INFO: Enabled extensions:
['scrapy.extensions.corestats.CoreStats',
 'scrapy.extensions.telnet.TelnetConsole',
 'scrapy.extensions.logstats.LogStats']
2018-09-28 19:12:59 [scrapy.middleware] INFO: Enabled downloader middlewares:
['scrapy.downloadermiddlewares.robotstxt.RobotsTxtMiddleware',
 'scrapy.downloadermiddlewares.httpauth.HttpAuthMiddleware',
 'scrapy.downloadermiddlewares.downloadtimeout.DownloadTimeoutMiddleware',
 'scrapy.downloadermiddlewares.defaultheaders.DefaultHeadersMiddleware',
 'scrapy.downloadermiddlewares.useragent.UserAgentMiddleware',
 'scrapy.downloadermiddlewares.retry.RetryMiddleware',
 'scrapy.downloadermiddlewares.redirect.MetaRefreshMiddleware',
 'scrapy.downloadermiddlewares.httpcompression.HttpCompressionMiddleware',
 'scrapy.downloadermiddlewares.redirect.RedirectMiddleware',
 'scrapy.downloadermiddlewares.cookies.CookiesMiddleware',
 'scrapy.downloadermiddlewares.httpproxy.HttpProxyMiddleware',
 'scrapy.downloadermiddlewares.stats.DownloaderStats']
2018-09-28 19:12:59 [scrapy.middleware] INFO: Enabled spider middlewares:
['scrapy.spidermiddlewares.httperror.HttpErrorMiddleware',
 'scrapy.spidermiddlewares.offsite.OffsiteMiddleware',
 'scrapy.spidermiddlewares.referer.RefererMiddleware',
 'scrapy.spidermiddlewares.urllength.UrlLengthMiddleware',
 'scrapy.spidermiddlewares.depth.DepthMiddleware']
2018-09-28 19:12:59 [scrapy.middleware] INFO: Enabled item pipelines:
[]
2018-09-28 19:12:59 [scrapy.core.engine] INFO: Spider opened
2018-09-28 19:12:59 [scrapy.extensions.logstats] INFO: Crawled 0 pages (at 0 pages/min), scraped 0 items (at 0 items/min)
2018-09-28 19:13:11 [scrapy.spidermiddlewares.httperror] INFO: Ignoring response <403 https://www.zhipin.com/job_detail/?query=Python&scity=101010100&industry=&position=>: HTTP status code is not handled or not allowed
2018-09-28 19:13:11 [scrapy.core.engine] INFO: Closing spider (finished)
2018-09-28 19:13:11 [scrapy.statscollectors] INFO: Dumping Scrapy stats:
{'downloader/request_bytes': 496,
 'downloader/request_count': 2,
 'downloader/request_method_count/GET': 2,
 'downloader/response_bytes': 2215,
 'downloader/response_count': 2,
 'downloader/response_status_count/200': 1,
 'downloader/response_status_count/403': 1,
 'finish_reason': 'finished',
 'finish_time': datetime.datetime(2018, 9, 28, 11, 13, 11, 934892),
 'httperror/response_ignored_count': 1,
 'httperror/response_ignored_status_count/403': 1,
 'log_count/INFO': 8,
 'response_received_count': 2,
 'scheduler/dequeued': 1,
 'scheduler/dequeued/memory': 1,
 'scheduler/enqueued': 1,
 'scheduler/enqueued/memory': 1,
 'start_time': datetime.datetime(2018, 9, 28, 11, 12, 59, 559615)}
2018-09-28 19:13:11 [scrapy.core.engine] INFO: Spider closed (finished)
2018-09-28 19:17:10 [scrapy.utils.log] INFO: Scrapy 1.5.1 started (bot: jobboss)
2018-09-28 19:17:10 [scrapy.utils.log] INFO: Versions: lxml 4.2.4.0, libxml2 2.9.5, cssselect 1.0.3, parsel 1.5.0, w3lib 1.19.0, Twisted 18.7.0, Python 3.6.5 |Anaconda, Inc.| (default, Mar 29 2018, 13:32:41) [MSC v.1900 64 bit (AMD64)], pyOpenSSL 18.0.0 (OpenSSL 1.1.0i  14 Aug 2018), cryptography 2.3.1, Platform Windows-10-10.0.16299-SP0
2018-09-28 19:17:10 [scrapy.crawler] INFO: Overridden settings: {'BOT_NAME': 'jobboss', 'LOG_FILE': 'jobboss.log', 'LOG_LEVEL': 'INFO', 'NEWSPIDER_MODULE': 'jobboss.spiders', 'ROBOTSTXT_OBEY': True, 'SPIDER_MODULES': ['jobboss.spiders']}
2018-09-28 19:17:10 [scrapy.middleware] INFO: Enabled extensions:
['scrapy.extensions.corestats.CoreStats',
 'scrapy.extensions.telnet.TelnetConsole',
 'scrapy.extensions.logstats.LogStats']
2018-09-28 19:17:11 [scrapy.middleware] INFO: Enabled downloader middlewares:
['scrapy.downloadermiddlewares.robotstxt.RobotsTxtMiddleware',
 'scrapy.downloadermiddlewares.httpauth.HttpAuthMiddleware',
 'scrapy.downloadermiddlewares.downloadtimeout.DownloadTimeoutMiddleware',
 'scrapy.downloadermiddlewares.defaultheaders.DefaultHeadersMiddleware',
 'scrapy.downloadermiddlewares.useragent.UserAgentMiddleware',
 'scrapy.downloadermiddlewares.retry.RetryMiddleware',
 'scrapy.downloadermiddlewares.redirect.MetaRefreshMiddleware',
 'scrapy.downloadermiddlewares.httpcompression.HttpCompressionMiddleware',
 'scrapy.downloadermiddlewares.redirect.RedirectMiddleware',
 'scrapy.downloadermiddlewares.cookies.CookiesMiddleware',
 'scrapy.downloadermiddlewares.httpproxy.HttpProxyMiddleware',
 'scrapy.downloadermiddlewares.stats.DownloaderStats']
2018-09-28 19:17:11 [scrapy.middleware] INFO: Enabled spider middlewares:
['scrapy.spidermiddlewares.httperror.HttpErrorMiddleware',
 'scrapy.spidermiddlewares.offsite.OffsiteMiddleware',
 'scrapy.spidermiddlewares.referer.RefererMiddleware',
 'scrapy.spidermiddlewares.urllength.UrlLengthMiddleware',
 'scrapy.spidermiddlewares.depth.DepthMiddleware']
2018-09-28 19:17:11 [scrapy.middleware] INFO: Enabled item pipelines:
[]
2018-09-28 19:17:11 [scrapy.core.engine] INFO: Spider opened
2018-09-28 19:17:11 [scrapy.extensions.logstats] INFO: Crawled 0 pages (at 0 pages/min), scraped 0 items (at 0 items/min)
2018-09-28 19:17:26 [scrapy.utils.log] INFO: Scrapy 1.5.1 started (bot: jobboss)
2018-09-28 19:17:26 [scrapy.utils.log] INFO: Versions: lxml 4.2.4.0, libxml2 2.9.5, cssselect 1.0.3, parsel 1.5.0, w3lib 1.19.0, Twisted 18.7.0, Python 3.6.5 |Anaconda, Inc.| (default, Mar 29 2018, 13:32:41) [MSC v.1900 64 bit (AMD64)], pyOpenSSL 18.0.0 (OpenSSL 1.1.0i  14 Aug 2018), cryptography 2.3.1, Platform Windows-10-10.0.16299-SP0
2018-09-28 19:17:26 [scrapy.crawler] INFO: Overridden settings: {'BOT_NAME': 'jobboss', 'LOG_FILE': 'jobboss.log', 'LOG_LEVEL': 'INFO', 'NEWSPIDER_MODULE': 'jobboss.spiders', 'ROBOTSTXT_OBEY': True, 'SPIDER_MODULES': ['jobboss.spiders']}
2018-09-28 19:17:26 [scrapy.middleware] INFO: Enabled extensions:
['scrapy.extensions.corestats.CoreStats',
 'scrapy.extensions.telnet.TelnetConsole',
 'scrapy.extensions.logstats.LogStats']
2018-09-28 19:17:27 [scrapy.middleware] INFO: Enabled downloader middlewares:
['scrapy.downloadermiddlewares.robotstxt.RobotsTxtMiddleware',
 'scrapy.downloadermiddlewares.httpauth.HttpAuthMiddleware',
 'scrapy.downloadermiddlewares.downloadtimeout.DownloadTimeoutMiddleware',
 'scrapy.downloadermiddlewares.defaultheaders.DefaultHeadersMiddleware',
 'scrapy.downloadermiddlewares.useragent.UserAgentMiddleware',
 'scrapy.downloadermiddlewares.retry.RetryMiddleware',
 'scrapy.downloadermiddlewares.redirect.MetaRefreshMiddleware',
 'scrapy.downloadermiddlewares.httpcompression.HttpCompressionMiddleware',
 'scrapy.downloadermiddlewares.redirect.RedirectMiddleware',
 'scrapy.downloadermiddlewares.cookies.CookiesMiddleware',
 'scrapy.downloadermiddlewares.httpproxy.HttpProxyMiddleware',
 'scrapy.downloadermiddlewares.stats.DownloaderStats']
2018-09-28 19:17:27 [scrapy.middleware] INFO: Enabled spider middlewares:
['scrapy.spidermiddlewares.httperror.HttpErrorMiddleware',
 'scrapy.spidermiddlewares.offsite.OffsiteMiddleware',
 'scrapy.spidermiddlewares.referer.RefererMiddleware',
 'scrapy.spidermiddlewares.urllength.UrlLengthMiddleware',
 'scrapy.spidermiddlewares.depth.DepthMiddleware']
2018-09-28 19:17:27 [scrapy.middleware] INFO: Enabled item pipelines:
[]
2018-09-28 19:17:27 [scrapy.core.engine] INFO: Spider opened
2018-09-28 19:17:27 [scrapy.extensions.logstats] INFO: Crawled 0 pages (at 0 pages/min), scraped 0 items (at 0 items/min)
2018-09-28 19:17:35 [scrapy.spidermiddlewares.httperror] INFO: Ignoring response <403 https://www.zhipin.com/job_detail/?query=Python&scity=101010100&industry=&position=>: HTTP status code is not handled or not allowed
2018-09-28 19:17:35 [scrapy.core.engine] INFO: Closing spider (finished)
2018-09-28 19:17:35 [scrapy.statscollectors] INFO: Dumping Scrapy stats:
{'downloader/request_bytes': 496,
 'downloader/request_count': 2,
 'downloader/request_method_count/GET': 2,
 'downloader/response_bytes': 2216,
 'downloader/response_count': 2,
 'downloader/response_status_count/200': 1,
 'downloader/response_status_count/403': 1,
 'finish_reason': 'finished',
 'finish_time': datetime.datetime(2018, 9, 28, 11, 17, 35, 546431),
 'httperror/response_ignored_count': 1,
 'httperror/response_ignored_status_count/403': 1,
 'log_count/INFO': 8,
 'response_received_count': 2,
 'scheduler/dequeued': 1,
 'scheduler/dequeued/memory': 1,
 'scheduler/enqueued': 1,
 'scheduler/enqueued/memory': 1,
 'start_time': datetime.datetime(2018, 9, 28, 11, 17, 27, 81323)}
2018-09-28 19:17:35 [scrapy.core.engine] INFO: Spider closed (finished)
2018-09-28 19:19:47 [scrapy.utils.log] INFO: Scrapy 1.5.1 started (bot: jobboss)
2018-09-28 19:19:47 [scrapy.utils.log] INFO: Versions: lxml 4.2.4.0, libxml2 2.9.5, cssselect 1.0.3, parsel 1.5.0, w3lib 1.19.0, Twisted 18.7.0, Python 3.6.5 |Anaconda, Inc.| (default, Mar 29 2018, 13:32:41) [MSC v.1900 64 bit (AMD64)], pyOpenSSL 18.0.0 (OpenSSL 1.1.0i  14 Aug 2018), cryptography 2.3.1, Platform Windows-10-10.0.16299-SP0
2018-09-28 19:19:47 [scrapy.crawler] INFO: Overridden settings: {'BOT_NAME': 'jobboss', 'LOG_FILE': 'jobboss.log', 'LOG_LEVEL': 'INFO', 'NEWSPIDER_MODULE': 'jobboss.spiders', 'ROBOTSTXT_OBEY': True, 'SPIDER_MODULES': ['jobboss.spiders']}
2018-09-28 19:19:47 [scrapy.middleware] INFO: Enabled extensions:
['scrapy.extensions.corestats.CoreStats',
 'scrapy.extensions.telnet.TelnetConsole',
 'scrapy.extensions.logstats.LogStats']
2018-09-28 19:19:48 [scrapy.middleware] INFO: Enabled downloader middlewares:
['scrapy.downloadermiddlewares.robotstxt.RobotsTxtMiddleware',
 'scrapy.downloadermiddlewares.httpauth.HttpAuthMiddleware',
 'scrapy.downloadermiddlewares.downloadtimeout.DownloadTimeoutMiddleware',
 'scrapy.downloadermiddlewares.defaultheaders.DefaultHeadersMiddleware',
 'scrapy.downloadermiddlewares.useragent.UserAgentMiddleware',
 'scrapy.downloadermiddlewares.retry.RetryMiddleware',
 'scrapy.downloadermiddlewares.redirect.MetaRefreshMiddleware',
 'scrapy.downloadermiddlewares.httpcompression.HttpCompressionMiddleware',
 'scrapy.downloadermiddlewares.redirect.RedirectMiddleware',
 'scrapy.downloadermiddlewares.cookies.CookiesMiddleware',
 'scrapy.downloadermiddlewares.httpproxy.HttpProxyMiddleware',
 'scrapy.downloadermiddlewares.stats.DownloaderStats']
2018-09-28 19:19:48 [scrapy.middleware] INFO: Enabled spider middlewares:
['scrapy.spidermiddlewares.httperror.HttpErrorMiddleware',
 'scrapy.spidermiddlewares.offsite.OffsiteMiddleware',
 'scrapy.spidermiddlewares.referer.RefererMiddleware',
 'scrapy.spidermiddlewares.urllength.UrlLengthMiddleware',
 'scrapy.spidermiddlewares.depth.DepthMiddleware']
2018-09-28 19:19:48 [scrapy.middleware] INFO: Enabled item pipelines:
[]
2018-09-28 19:19:48 [scrapy.core.engine] INFO: Spider opened
2018-09-28 19:19:48 [scrapy.extensions.logstats] INFO: Crawled 0 pages (at 0 pages/min), scraped 0 items (at 0 items/min)
2018-09-28 19:20:07 [scrapy.spidermiddlewares.httperror] INFO: Ignoring response <403 https://www.zhipin.com/job_detail/?query=Python&scity=101010100&industry=&position=>: HTTP status code is not handled or not allowed
2018-09-28 19:20:07 [scrapy.core.engine] INFO: Closing spider (finished)
2018-09-28 19:20:07 [scrapy.statscollectors] INFO: Dumping Scrapy stats:
{'downloader/request_bytes': 496,
 'downloader/request_count': 2,
 'downloader/request_method_count/GET': 2,
 'downloader/response_bytes': 2215,
 'downloader/response_count': 2,
 'downloader/response_status_count/200': 1,
 'downloader/response_status_count/403': 1,
 'finish_reason': 'finished',
 'finish_time': datetime.datetime(2018, 9, 28, 11, 20, 7, 373034),
 'httperror/response_ignored_count': 1,
 'httperror/response_ignored_status_count/403': 1,
 'log_count/INFO': 8,
 'response_received_count': 2,
 'scheduler/dequeued': 1,
 'scheduler/dequeued/memory': 1,
 'scheduler/enqueued': 1,
 'scheduler/enqueued/memory': 1,
 'start_time': datetime.datetime(2018, 9, 28, 11, 19, 48, 392507)}
2018-09-28 19:20:07 [scrapy.core.engine] INFO: Spider closed (finished)
2018-09-28 19:20:20 [scrapy.utils.log] INFO: Scrapy 1.5.1 started (bot: jobboss)
2018-09-28 19:20:20 [scrapy.utils.log] INFO: Versions: lxml 4.2.4.0, libxml2 2.9.5, cssselect 1.0.3, parsel 1.5.0, w3lib 1.19.0, Twisted 18.7.0, Python 3.6.5 |Anaconda, Inc.| (default, Mar 29 2018, 13:32:41) [MSC v.1900 64 bit (AMD64)], pyOpenSSL 18.0.0 (OpenSSL 1.1.0i  14 Aug 2018), cryptography 2.3.1, Platform Windows-10-10.0.16299-SP0
2018-09-28 19:20:20 [scrapy.crawler] INFO: Overridden settings: {'BOT_NAME': 'jobboss', 'LOG_FILE': 'jobboss.log', 'LOG_LEVEL': 'INFO', 'NEWSPIDER_MODULE': 'jobboss.spiders', 'ROBOTSTXT_OBEY': True, 'SPIDER_MODULES': ['jobboss.spiders']}
2018-09-28 19:20:20 [scrapy.middleware] INFO: Enabled extensions:
['scrapy.extensions.corestats.CoreStats',
 'scrapy.extensions.telnet.TelnetConsole',
 'scrapy.extensions.logstats.LogStats']
2018-09-28 19:20:21 [scrapy.middleware] INFO: Enabled downloader middlewares:
['scrapy.downloadermiddlewares.robotstxt.RobotsTxtMiddleware',
 'scrapy.downloadermiddlewares.httpauth.HttpAuthMiddleware',
 'scrapy.downloadermiddlewares.downloadtimeout.DownloadTimeoutMiddleware',
 'scrapy.downloadermiddlewares.defaultheaders.DefaultHeadersMiddleware',
 'scrapy.downloadermiddlewares.useragent.UserAgentMiddleware',
 'scrapy.downloadermiddlewares.retry.RetryMiddleware',
 'scrapy.downloadermiddlewares.redirect.MetaRefreshMiddleware',
 'scrapy.downloadermiddlewares.httpcompression.HttpCompressionMiddleware',
 'scrapy.downloadermiddlewares.redirect.RedirectMiddleware',
 'scrapy.downloadermiddlewares.cookies.CookiesMiddleware',
 'scrapy.downloadermiddlewares.httpproxy.HttpProxyMiddleware',
 'scrapy.downloadermiddlewares.stats.DownloaderStats']
2018-09-28 19:20:21 [scrapy.middleware] INFO: Enabled spider middlewares:
['scrapy.spidermiddlewares.httperror.HttpErrorMiddleware',
 'scrapy.spidermiddlewares.offsite.OffsiteMiddleware',
 'scrapy.spidermiddlewares.referer.RefererMiddleware',
 'scrapy.spidermiddlewares.urllength.UrlLengthMiddleware',
 'scrapy.spidermiddlewares.depth.DepthMiddleware']
2018-09-28 19:20:21 [scrapy.middleware] INFO: Enabled item pipelines:
[]
2018-09-28 19:20:21 [scrapy.core.engine] INFO: Spider opened
2018-09-28 19:20:21 [scrapy.extensions.logstats] INFO: Crawled 0 pages (at 0 pages/min), scraped 0 items (at 0 items/min)
2018-09-28 19:20:21 [scrapy.spidermiddlewares.httperror] INFO: Ignoring response <403 https://www.zhipin.com/job_detail/?query=Python&scity=101010100&industry=&position=>: HTTP status code is not handled or not allowed
2018-09-28 19:20:21 [scrapy.core.engine] INFO: Closing spider (finished)
2018-09-28 19:20:21 [scrapy.statscollectors] INFO: Dumping Scrapy stats:
{'downloader/request_bytes': 496,
 'downloader/request_count': 2,
 'downloader/request_method_count/GET': 2,
 'downloader/response_bytes': 2216,
 'downloader/response_count': 2,
 'downloader/response_status_count/200': 1,
 'downloader/response_status_count/403': 1,
 'finish_reason': 'finished',
 'finish_time': datetime.datetime(2018, 9, 28, 11, 20, 21, 301306),
 'httperror/response_ignored_count': 1,
 'httperror/response_ignored_status_count/403': 1,
 'log_count/INFO': 8,
 'response_received_count': 2,
 'scheduler/dequeued': 1,
 'scheduler/dequeued/memory': 1,
 'scheduler/enqueued': 1,
 'scheduler/enqueued/memory': 1,
 'start_time': datetime.datetime(2018, 9, 28, 11, 20, 21, 47509)}
2018-09-28 19:20:21 [scrapy.core.engine] INFO: Spider closed (finished)
2018-09-28 19:20:53 [scrapy.utils.log] INFO: Scrapy 1.5.1 started (bot: jobboss)
2018-09-28 19:20:53 [scrapy.utils.log] INFO: Versions: lxml 4.2.4.0, libxml2 2.9.5, cssselect 1.0.3, parsel 1.5.0, w3lib 1.19.0, Twisted 18.7.0, Python 3.6.5 |Anaconda, Inc.| (default, Mar 29 2018, 13:32:41) [MSC v.1900 64 bit (AMD64)], pyOpenSSL 18.0.0 (OpenSSL 1.1.0i  14 Aug 2018), cryptography 2.3.1, Platform Windows-10-10.0.16299-SP0
2018-09-28 19:20:53 [scrapy.crawler] INFO: Overridden settings: {'BOT_NAME': 'jobboss', 'LOG_FILE': 'jobboss.log', 'LOG_LEVEL': 'INFO', 'NEWSPIDER_MODULE': 'jobboss.spiders', 'ROBOTSTXT_OBEY': True, 'SPIDER_MODULES': ['jobboss.spiders']}
2018-09-28 19:20:53 [scrapy.middleware] INFO: Enabled extensions:
['scrapy.extensions.corestats.CoreStats',
 'scrapy.extensions.telnet.TelnetConsole',
 'scrapy.extensions.logstats.LogStats']
2018-09-28 19:20:53 [scrapy.middleware] INFO: Enabled downloader middlewares:
['scrapy.downloadermiddlewares.robotstxt.RobotsTxtMiddleware',
 'scrapy.downloadermiddlewares.httpauth.HttpAuthMiddleware',
 'scrapy.downloadermiddlewares.downloadtimeout.DownloadTimeoutMiddleware',
 'scrapy.downloadermiddlewares.defaultheaders.DefaultHeadersMiddleware',
 'scrapy.downloadermiddlewares.useragent.UserAgentMiddleware',
 'scrapy.downloadermiddlewares.retry.RetryMiddleware',
 'scrapy.downloadermiddlewares.redirect.MetaRefreshMiddleware',
 'scrapy.downloadermiddlewares.httpcompression.HttpCompressionMiddleware',
 'scrapy.downloadermiddlewares.redirect.RedirectMiddleware',
 'scrapy.downloadermiddlewares.cookies.CookiesMiddleware',
 'scrapy.downloadermiddlewares.httpproxy.HttpProxyMiddleware',
 'scrapy.downloadermiddlewares.stats.DownloaderStats']
2018-09-28 19:20:53 [scrapy.middleware] INFO: Enabled spider middlewares:
['scrapy.spidermiddlewares.httperror.HttpErrorMiddleware',
 'scrapy.spidermiddlewares.offsite.OffsiteMiddleware',
 'scrapy.spidermiddlewares.referer.RefererMiddleware',
 'scrapy.spidermiddlewares.urllength.UrlLengthMiddleware',
 'scrapy.spidermiddlewares.depth.DepthMiddleware']
2018-09-28 19:20:53 [scrapy.middleware] INFO: Enabled item pipelines:
[]
2018-09-28 19:20:53 [scrapy.core.engine] INFO: Spider opened
2018-09-28 19:20:53 [scrapy.extensions.logstats] INFO: Crawled 0 pages (at 0 pages/min), scraped 0 items (at 0 items/min)
2018-09-28 19:20:54 [scrapy.spidermiddlewares.httperror] INFO: Ignoring response <403 https://www.zhipin.com/job_detail/?query=Python&scity=101010100&industry=&position=>: HTTP status code is not handled or not allowed
2018-09-28 19:20:54 [scrapy.core.engine] INFO: Closing spider (finished)
2018-09-28 19:20:54 [scrapy.statscollectors] INFO: Dumping Scrapy stats:
{'downloader/request_bytes': 496,
 'downloader/request_count': 2,
 'downloader/request_method_count/GET': 2,
 'downloader/response_bytes': 2215,
 'downloader/response_count': 2,
 'downloader/response_status_count/200': 1,
 'downloader/response_status_count/403': 1,
 'finish_reason': 'finished',
 'finish_time': datetime.datetime(2018, 9, 28, 11, 20, 54, 528818),
 'httperror/response_ignored_count': 1,
 'httperror/response_ignored_status_count/403': 1,
 'log_count/INFO': 8,
 'response_received_count': 2,
 'scheduler/dequeued': 1,
 'scheduler/dequeued/memory': 1,
 'scheduler/enqueued': 1,
 'scheduler/enqueued/memory': 1,
 'start_time': datetime.datetime(2018, 9, 28, 11, 20, 53, 618324)}
2018-09-28 19:20:54 [scrapy.core.engine] INFO: Spider closed (finished)
2018-09-28 19:21:26 [scrapy.utils.log] INFO: Scrapy 1.5.1 started (bot: jobboss)
2018-09-28 19:21:26 [scrapy.utils.log] INFO: Versions: lxml 4.2.4.0, libxml2 2.9.5, cssselect 1.0.3, parsel 1.5.0, w3lib 1.19.0, Twisted 18.7.0, Python 3.6.5 |Anaconda, Inc.| (default, Mar 29 2018, 13:32:41) [MSC v.1900 64 bit (AMD64)], pyOpenSSL 18.0.0 (OpenSSL 1.1.0i  14 Aug 2018), cryptography 2.3.1, Platform Windows-10-10.0.16299-SP0
2018-09-28 19:21:26 [scrapy.crawler] INFO: Overridden settings: {'BOT_NAME': 'jobboss', 'LOG_FILE': 'jobboss.log', 'LOG_LEVEL': 'INFO', 'NEWSPIDER_MODULE': 'jobboss.spiders', 'ROBOTSTXT_OBEY': True, 'SPIDER_MODULES': ['jobboss.spiders']}
2018-09-28 19:21:26 [scrapy.middleware] INFO: Enabled extensions:
['scrapy.extensions.corestats.CoreStats',
 'scrapy.extensions.telnet.TelnetConsole',
 'scrapy.extensions.logstats.LogStats']
2018-09-28 19:21:27 [scrapy.middleware] INFO: Enabled downloader middlewares:
['scrapy.downloadermiddlewares.robotstxt.RobotsTxtMiddleware',
 'scrapy.downloadermiddlewares.httpauth.HttpAuthMiddleware',
 'scrapy.downloadermiddlewares.downloadtimeout.DownloadTimeoutMiddleware',
 'scrapy.downloadermiddlewares.defaultheaders.DefaultHeadersMiddleware',
 'scrapy.downloadermiddlewares.useragent.UserAgentMiddleware',
 'scrapy.downloadermiddlewares.retry.RetryMiddleware',
 'scrapy.downloadermiddlewares.redirect.MetaRefreshMiddleware',
 'scrapy.downloadermiddlewares.httpcompression.HttpCompressionMiddleware',
 'scrapy.downloadermiddlewares.redirect.RedirectMiddleware',
 'scrapy.downloadermiddlewares.cookies.CookiesMiddleware',
 'scrapy.downloadermiddlewares.httpproxy.HttpProxyMiddleware',
 'scrapy.downloadermiddlewares.stats.DownloaderStats']
2018-09-28 19:21:27 [scrapy.middleware] INFO: Enabled spider middlewares:
['scrapy.spidermiddlewares.httperror.HttpErrorMiddleware',
 'scrapy.spidermiddlewares.offsite.OffsiteMiddleware',
 'scrapy.spidermiddlewares.referer.RefererMiddleware',
 'scrapy.spidermiddlewares.urllength.UrlLengthMiddleware',
 'scrapy.spidermiddlewares.depth.DepthMiddleware']
2018-09-28 19:21:27 [scrapy.middleware] INFO: Enabled item pipelines:
[]
2018-09-28 19:21:27 [scrapy.core.engine] INFO: Spider opened
2018-09-28 19:21:27 [scrapy.extensions.logstats] INFO: Crawled 0 pages (at 0 pages/min), scraped 0 items (at 0 items/min)
2018-09-28 19:21:27 [scrapy.core.scraper] ERROR: Spider error processing <GET https://www.zhipin.com/> (referer: None)
Traceback (most recent call last):
  File "G:\python46\python46\lib\site-packages\parsel\selector.py", line 238, in xpath
    **kwargs)
  File "src\lxml\etree.pyx", line 1577, in lxml.etree._Element.xpath
  File "src\lxml\xpath.pxi", line 307, in lxml.etree.XPathElementEvaluator.__call__
  File "src\lxml\xpath.pxi", line 227, in lxml.etree._XPathEvaluatorBase._handle_result
lxml.etree.XPathEvalError: Invalid expression

During handling of the above exception, another exception occurred:

Traceback (most recent call last):
  File "G:\python46\python46\lib\site-packages\twisted\internet\defer.py", line 654, in _runCallbacks
    current.result = callback(current.result, *args, **kw)
  File "G:\python46\jobboss\jobboss\spiders\jobbosspider.py", line 13, in parse
    tags=response.xpath('//h3[@class="name"]/a@href').extract()
  File "G:\python46\python46\lib\site-packages\scrapy\http\response\text.py", line 119, in xpath
    return self.selector.xpath(query, **kwargs)
  File "G:\python46\python46\lib\site-packages\parsel\selector.py", line 242, in xpath
    six.reraise(ValueError, ValueError(msg), sys.exc_info()[2])
  File "G:\python46\python46\lib\site-packages\six.py", line 692, in reraise
    raise value.with_traceback(tb)
  File "G:\python46\python46\lib\site-packages\parsel\selector.py", line 238, in xpath
    **kwargs)
  File "src\lxml\etree.pyx", line 1577, in lxml.etree._Element.xpath
  File "src\lxml\xpath.pxi", line 307, in lxml.etree.XPathElementEvaluator.__call__
  File "src\lxml\xpath.pxi", line 227, in lxml.etree._XPathEvaluatorBase._handle_result
ValueError: XPath error: Invalid expression in //h3[@class="name"]/a@href
2018-09-28 19:21:27 [scrapy.core.engine] INFO: Closing spider (finished)
2018-09-28 19:21:27 [scrapy.statscollectors] INFO: Dumping Scrapy stats:
{'downloader/request_bytes': 436,
 'downloader/request_count': 2,
 'downloader/request_method_count/GET': 2,
 'downloader/response_bytes': 43216,
 'downloader/response_count': 2,
 'downloader/response_status_count/200': 2,
 'finish_reason': 'finished',
 'finish_time': datetime.datetime(2018, 9, 28, 11, 21, 27, 495405),
 'log_count/ERROR': 1,
 'log_count/INFO': 7,
 'response_received_count': 2,
 'scheduler/dequeued': 1,
 'scheduler/dequeued/memory': 1,
 'scheduler/enqueued': 1,
 'scheduler/enqueued/memory': 1,
 'spider_exceptions/ValueError': 1,
 'start_time': datetime.datetime(2018, 9, 28, 11, 21, 27, 111639)}
2018-09-28 19:21:27 [scrapy.core.engine] INFO: Spider closed (finished)
2018-09-28 19:23:02 [scrapy.utils.log] INFO: Scrapy 1.5.1 started (bot: jobboss)
2018-09-28 19:23:02 [scrapy.utils.log] INFO: Versions: lxml 4.2.4.0, libxml2 2.9.5, cssselect 1.0.3, parsel 1.5.0, w3lib 1.19.0, Twisted 18.7.0, Python 3.6.5 |Anaconda, Inc.| (default, Mar 29 2018, 13:32:41) [MSC v.1900 64 bit (AMD64)], pyOpenSSL 18.0.0 (OpenSSL 1.1.0i  14 Aug 2018), cryptography 2.3.1, Platform Windows-10-10.0.16299-SP0
2018-09-28 19:23:02 [scrapy.crawler] INFO: Overridden settings: {'BOT_NAME': 'jobboss', 'LOG_FILE': 'jobboss.log', 'LOG_LEVEL': 'INFO', 'NEWSPIDER_MODULE': 'jobboss.spiders', 'ROBOTSTXT_OBEY': True, 'SPIDER_MODULES': ['jobboss.spiders']}
2018-09-28 19:23:02 [scrapy.middleware] INFO: Enabled extensions:
['scrapy.extensions.corestats.CoreStats',
 'scrapy.extensions.telnet.TelnetConsole',
 'scrapy.extensions.logstats.LogStats']
2018-09-28 19:23:02 [scrapy.middleware] INFO: Enabled downloader middlewares:
['scrapy.downloadermiddlewares.robotstxt.RobotsTxtMiddleware',
 'scrapy.downloadermiddlewares.httpauth.HttpAuthMiddleware',
 'scrapy.downloadermiddlewares.downloadtimeout.DownloadTimeoutMiddleware',
 'scrapy.downloadermiddlewares.defaultheaders.DefaultHeadersMiddleware',
 'scrapy.downloadermiddlewares.useragent.UserAgentMiddleware',
 'scrapy.downloadermiddlewares.retry.RetryMiddleware',
 'scrapy.downloadermiddlewares.redirect.MetaRefreshMiddleware',
 'scrapy.downloadermiddlewares.httpcompression.HttpCompressionMiddleware',
 'scrapy.downloadermiddlewares.redirect.RedirectMiddleware',
 'scrapy.downloadermiddlewares.cookies.CookiesMiddleware',
 'scrapy.downloadermiddlewares.httpproxy.HttpProxyMiddleware',
 'scrapy.downloadermiddlewares.stats.DownloaderStats']
2018-09-28 19:23:02 [scrapy.middleware] INFO: Enabled spider middlewares:
['scrapy.spidermiddlewares.httperror.HttpErrorMiddleware',
 'scrapy.spidermiddlewares.offsite.OffsiteMiddleware',
 'scrapy.spidermiddlewares.referer.RefererMiddleware',
 'scrapy.spidermiddlewares.urllength.UrlLengthMiddleware',
 'scrapy.spidermiddlewares.depth.DepthMiddleware']
2018-09-28 19:23:02 [scrapy.middleware] INFO: Enabled item pipelines:
[]
2018-09-28 19:23:02 [scrapy.core.engine] INFO: Spider opened
2018-09-28 19:23:02 [scrapy.extensions.logstats] INFO: Crawled 0 pages (at 0 pages/min), scraped 0 items (at 0 items/min)
2018-09-28 19:23:15 [scrapy.spidermiddlewares.httperror] INFO: Ignoring response <403 https://www.zhipin.com/job_detail/?query=Python&scity=101010100&industry=&position=>: HTTP status code is not handled or not allowed
2018-09-28 19:23:15 [scrapy.core.engine] INFO: Closing spider (finished)
2018-09-28 19:23:15 [scrapy.statscollectors] INFO: Dumping Scrapy stats:
{'downloader/request_bytes': 496,
 'downloader/request_count': 2,
 'downloader/request_method_count/GET': 2,
 'downloader/response_bytes': 2215,
 'downloader/response_count': 2,
 'downloader/response_status_count/200': 1,
 'downloader/response_status_count/403': 1,
 'finish_reason': 'finished',
 'finish_time': datetime.datetime(2018, 9, 28, 11, 23, 15, 108792),
 'httperror/response_ignored_count': 1,
 'httperror/response_ignored_status_count/403': 1,
 'log_count/INFO': 8,
 'response_received_count': 2,
 'scheduler/dequeued': 1,
 'scheduler/dequeued/memory': 1,
 'scheduler/enqueued': 1,
 'scheduler/enqueued/memory': 1,
 'start_time': datetime.datetime(2018, 9, 28, 11, 23, 2, 859991)}
2018-09-28 19:23:15 [scrapy.core.engine] INFO: Spider closed (finished)
2018-09-28 19:27:42 [scrapy.utils.log] INFO: Scrapy 1.5.1 started (bot: jobboss)
2018-09-28 19:27:42 [scrapy.utils.log] INFO: Versions: lxml 4.2.4.0, libxml2 2.9.5, cssselect 1.0.3, parsel 1.5.0, w3lib 1.19.0, Twisted 18.7.0, Python 3.6.5 |Anaconda, Inc.| (default, Mar 29 2018, 13:32:41) [MSC v.1900 64 bit (AMD64)], pyOpenSSL 18.0.0 (OpenSSL 1.1.0i  14 Aug 2018), cryptography 2.3.1, Platform Windows-10-10.0.16299-SP0
2018-09-28 19:27:42 [scrapy.crawler] INFO: Overridden settings: {'BOT_NAME': 'jobboss', 'LOG_FILE': 'jobboss.log', 'LOG_LEVEL': 'INFO', 'NEWSPIDER_MODULE': 'jobboss.spiders', 'ROBOTSTXT_OBEY': True, 'SPIDER_MODULES': ['jobboss.spiders']}
2018-09-28 19:27:42 [scrapy.middleware] INFO: Enabled extensions:
['scrapy.extensions.corestats.CoreStats',
 'scrapy.extensions.telnet.TelnetConsole',
 'scrapy.extensions.logstats.LogStats']
2018-09-28 19:27:42 [py.warnings] WARNING: G:\python46\python46\lib\site-packages\scrapy\utils\deprecate.py:156: ScrapyDeprecationWarning: `scrapy.contrib.downloadermiddleware.useragent.UserAgentMiddleware` class is deprecated, use `scrapy.downloadermiddlewares.useragent.UserAgentMiddleware` instead
  ScrapyDeprecationWarning)

2018-09-28 19:27:43 [scrapy.middleware] INFO: Enabled downloader middlewares:
['scrapy.downloadermiddlewares.robotstxt.RobotsTxtMiddleware',
 'scrapy.downloadermiddlewares.httpauth.HttpAuthMiddleware',
 'scrapy.downloadermiddlewares.downloadtimeout.DownloadTimeoutMiddleware',
 'scrapy.downloadermiddlewares.defaultheaders.DefaultHeadersMiddleware',
 'jobboss.rotateuseragent.RotateUserAgentMiddleware',
 'jobboss.middlewares.JobbossDownloaderMiddleware',
 'scrapy.downloadermiddlewares.retry.RetryMiddleware',
 'scrapy.downloadermiddlewares.redirect.MetaRefreshMiddleware',
 'scrapy.downloadermiddlewares.httpcompression.HttpCompressionMiddleware',
 'scrapy.downloadermiddlewares.redirect.RedirectMiddleware',
 'scrapy.downloadermiddlewares.cookies.CookiesMiddleware',
 'scrapy.downloadermiddlewares.httpproxy.HttpProxyMiddleware',
 'scrapy.downloadermiddlewares.stats.DownloaderStats']
2018-09-28 19:27:43 [scrapy.middleware] INFO: Enabled spider middlewares:
['scrapy.spidermiddlewares.httperror.HttpErrorMiddleware',
 'scrapy.spidermiddlewares.offsite.OffsiteMiddleware',
 'scrapy.spidermiddlewares.referer.RefererMiddleware',
 'scrapy.spidermiddlewares.urllength.UrlLengthMiddleware',
 'scrapy.spidermiddlewares.depth.DepthMiddleware']
2018-09-28 19:27:43 [scrapy.middleware] INFO: Enabled item pipelines:
[]
2018-09-28 19:27:43 [scrapy.core.engine] INFO: Spider opened
2018-09-28 19:27:43 [scrapy.extensions.logstats] INFO: Crawled 0 pages (at 0 pages/min), scraped 0 items (at 0 items/min)
2018-09-28 19:27:43 [jobbosspider] INFO: Spider opened: jobbosspider
2018-09-28 19:27:56 [scrapy.core.engine] INFO: Closing spider (finished)
2018-09-28 19:27:56 [scrapy.statscollectors] INFO: Dumping Scrapy stats:
{'downloader/request_bytes': 633,
 'downloader/request_count': 2,
 'downloader/request_method_count/GET': 2,
 'downloader/response_bytes': 23146,
 'downloader/response_count': 2,
 'downloader/response_status_count/200': 2,
 'finish_reason': 'finished',
 'finish_time': datetime.datetime(2018, 9, 28, 11, 27, 56, 642510),
 'log_count/INFO': 8,
 'log_count/WARNING': 1,
 'response_received_count': 2,
 'scheduler/dequeued': 1,
 'scheduler/dequeued/memory': 1,
 'scheduler/enqueued': 1,
 'scheduler/enqueued/memory': 1,
 'start_time': datetime.datetime(2018, 9, 28, 11, 27, 43, 242744)}
2018-09-28 19:27:56 [scrapy.core.engine] INFO: Spider closed (finished)
2018-09-28 19:28:37 [scrapy.utils.log] INFO: Scrapy 1.5.1 started (bot: jobboss)
2018-09-28 19:28:37 [scrapy.utils.log] INFO: Versions: lxml 4.2.4.0, libxml2 2.9.5, cssselect 1.0.3, parsel 1.5.0, w3lib 1.19.0, Twisted 18.7.0, Python 3.6.5 |Anaconda, Inc.| (default, Mar 29 2018, 13:32:41) [MSC v.1900 64 bit (AMD64)], pyOpenSSL 18.0.0 (OpenSSL 1.1.0i  14 Aug 2018), cryptography 2.3.1, Platform Windows-10-10.0.16299-SP0
2018-09-28 19:28:37 [scrapy.crawler] INFO: Overridden settings: {'BOT_NAME': 'jobboss', 'LOG_FILE': 'jobboss.log', 'LOG_LEVEL': 'INFO', 'NEWSPIDER_MODULE': 'jobboss.spiders', 'ROBOTSTXT_OBEY': True, 'SPIDER_MODULES': ['jobboss.spiders']}
2018-09-28 19:28:37 [scrapy.middleware] INFO: Enabled extensions:
['scrapy.extensions.corestats.CoreStats',
 'scrapy.extensions.telnet.TelnetConsole',
 'scrapy.extensions.logstats.LogStats']
2018-09-28 19:28:37 [py.warnings] WARNING: G:\python46\python46\lib\site-packages\scrapy\utils\deprecate.py:156: ScrapyDeprecationWarning: `scrapy.contrib.downloadermiddleware.useragent.UserAgentMiddleware` class is deprecated, use `scrapy.downloadermiddlewares.useragent.UserAgentMiddleware` instead
  ScrapyDeprecationWarning)

2018-09-28 19:28:38 [scrapy.middleware] INFO: Enabled downloader middlewares:
['scrapy.downloadermiddlewares.robotstxt.RobotsTxtMiddleware',
 'scrapy.downloadermiddlewares.httpauth.HttpAuthMiddleware',
 'scrapy.downloadermiddlewares.downloadtimeout.DownloadTimeoutMiddleware',
 'scrapy.downloadermiddlewares.defaultheaders.DefaultHeadersMiddleware',
 'jobboss.rotateuseragent.RotateUserAgentMiddleware',
 'jobboss.middlewares.JobbossDownloaderMiddleware',
 'scrapy.downloadermiddlewares.retry.RetryMiddleware',
 'scrapy.downloadermiddlewares.redirect.MetaRefreshMiddleware',
 'scrapy.downloadermiddlewares.httpcompression.HttpCompressionMiddleware',
 'scrapy.downloadermiddlewares.redirect.RedirectMiddleware',
 'scrapy.downloadermiddlewares.cookies.CookiesMiddleware',
 'scrapy.downloadermiddlewares.httpproxy.HttpProxyMiddleware',
 'scrapy.downloadermiddlewares.stats.DownloaderStats']
2018-09-28 19:28:38 [scrapy.middleware] INFO: Enabled spider middlewares:
['scrapy.spidermiddlewares.httperror.HttpErrorMiddleware',
 'scrapy.spidermiddlewares.offsite.OffsiteMiddleware',
 'scrapy.spidermiddlewares.referer.RefererMiddleware',
 'scrapy.spidermiddlewares.urllength.UrlLengthMiddleware',
 'scrapy.spidermiddlewares.depth.DepthMiddleware']
2018-09-28 19:28:38 [scrapy.middleware] INFO: Enabled item pipelines:
[]
2018-09-28 19:28:38 [scrapy.core.engine] INFO: Spider opened
2018-09-28 19:28:38 [scrapy.extensions.logstats] INFO: Crawled 0 pages (at 0 pages/min), scraped 0 items (at 0 items/min)
2018-09-28 19:28:38 [jobbosspider] INFO: Spider opened: jobbosspider
2018-09-28 19:28:39 [scrapy.core.engine] INFO: Closing spider (finished)
2018-09-28 19:28:39 [scrapy.statscollectors] INFO: Dumping Scrapy stats:
{'downloader/request_bytes': 642,
 'downloader/request_count': 2,
 'downloader/request_method_count/GET': 2,
 'downloader/response_bytes': 23146,
 'downloader/response_count': 2,
 'downloader/response_status_count/200': 2,
 'finish_reason': 'finished',
 'finish_time': datetime.datetime(2018, 9, 28, 11, 28, 39, 378478),
 'log_count/INFO': 8,
 'log_count/WARNING': 1,
 'response_received_count': 2,
 'scheduler/dequeued': 1,
 'scheduler/dequeued/memory': 1,
 'scheduler/enqueued': 1,
 'scheduler/enqueued/memory': 1,
 'start_time': datetime.datetime(2018, 9, 28, 11, 28, 38, 55357)}
2018-09-28 19:28:39 [scrapy.core.engine] INFO: Spider closed (finished)
2018-09-28 19:31:03 [scrapy.utils.log] INFO: Scrapy 1.5.1 started (bot: jobboss)
2018-09-28 19:31:03 [scrapy.utils.log] INFO: Versions: lxml 4.2.4.0, libxml2 2.9.5, cssselect 1.0.3, parsel 1.5.0, w3lib 1.19.0, Twisted 18.7.0, Python 3.6.5 |Anaconda, Inc.| (default, Mar 29 2018, 13:32:41) [MSC v.1900 64 bit (AMD64)], pyOpenSSL 18.0.0 (OpenSSL 1.1.0i  14 Aug 2018), cryptography 2.3.1, Platform Windows-10-10.0.16299-SP0
2018-09-28 19:31:03 [scrapy.crawler] INFO: Overridden settings: {'BOT_NAME': 'jobboss', 'LOG_FILE': 'jobboss.log', 'LOG_LEVEL': 'INFO', 'NEWSPIDER_MODULE': 'jobboss.spiders', 'ROBOTSTXT_OBEY': True, 'SPIDER_MODULES': ['jobboss.spiders']}
2018-09-28 19:31:03 [scrapy.middleware] INFO: Enabled extensions:
['scrapy.extensions.corestats.CoreStats',
 'scrapy.extensions.telnet.TelnetConsole',
 'scrapy.extensions.logstats.LogStats']
2018-09-28 19:31:03 [py.warnings] WARNING: G:\python46\python46\lib\site-packages\scrapy\utils\deprecate.py:156: ScrapyDeprecationWarning: `scrapy.contrib.downloadermiddleware.useragent.UserAgentMiddleware` class is deprecated, use `scrapy.downloadermiddlewares.useragent.UserAgentMiddleware` instead
  ScrapyDeprecationWarning)

2018-09-28 19:31:03 [scrapy.middleware] INFO: Enabled downloader middlewares:
['scrapy.downloadermiddlewares.robotstxt.RobotsTxtMiddleware',
 'scrapy.downloadermiddlewares.httpauth.HttpAuthMiddleware',
 'scrapy.downloadermiddlewares.downloadtimeout.DownloadTimeoutMiddleware',
 'scrapy.downloadermiddlewares.defaultheaders.DefaultHeadersMiddleware',
 'jobboss.rotateuseragent.RotateUserAgentMiddleware',
 'jobboss.middlewares.JobbossDownloaderMiddleware',
 'scrapy.downloadermiddlewares.retry.RetryMiddleware',
 'scrapy.downloadermiddlewares.redirect.MetaRefreshMiddleware',
 'scrapy.downloadermiddlewares.httpcompression.HttpCompressionMiddleware',
 'scrapy.downloadermiddlewares.redirect.RedirectMiddleware',
 'scrapy.downloadermiddlewares.cookies.CookiesMiddleware',
 'scrapy.downloadermiddlewares.httpproxy.HttpProxyMiddleware',
 'scrapy.downloadermiddlewares.stats.DownloaderStats']
2018-09-28 19:31:03 [scrapy.middleware] INFO: Enabled spider middlewares:
['scrapy.spidermiddlewares.httperror.HttpErrorMiddleware',
 'scrapy.spidermiddlewares.offsite.OffsiteMiddleware',
 'scrapy.spidermiddlewares.referer.RefererMiddleware',
 'scrapy.spidermiddlewares.urllength.UrlLengthMiddleware',
 'scrapy.spidermiddlewares.depth.DepthMiddleware']
2018-09-28 19:31:03 [scrapy.middleware] INFO: Enabled item pipelines:
[]
2018-09-28 19:31:03 [scrapy.core.engine] INFO: Spider opened
2018-09-28 19:31:03 [scrapy.extensions.logstats] INFO: Crawled 0 pages (at 0 pages/min), scraped 0 items (at 0 items/min)
2018-09-28 19:31:03 [jobbosspider] INFO: Spider opened: jobbosspider
2018-09-28 19:31:04 [scrapy.core.scraper] ERROR: Spider error processing <GET https://www.zhipin.com/job_detail/?query=Python&scity=101010100&industry=&position=> (referer: None)
Traceback (most recent call last):
  File "G:\python46\python46\lib\site-packages\parsel\selector.py", line 238, in xpath
    **kwargs)
  File "src\lxml\etree.pyx", line 1577, in lxml.etree._Element.xpath
  File "src\lxml\xpath.pxi", line 307, in lxml.etree.XPathElementEvaluator.__call__
  File "src\lxml\xpath.pxi", line 227, in lxml.etree._XPathEvaluatorBase._handle_result
lxml.etree.XPathEvalError: Invalid expression

During handling of the above exception, another exception occurred:

Traceback (most recent call last):
  File "G:\python46\python46\lib\site-packages\twisted\internet\defer.py", line 654, in _runCallbacks
    current.result = callback(current.result, *args, **kw)
  File "G:\python46\jobboss\jobboss\spiders\jobbosspider.py", line 19, in parse
    jobpostion=jobitem.xpath('div/@class="job-primary"]/div[@class="info-primary"]/h3[@class="name"]/a/div[@class="job-title"]/text()').extract()
  File "G:\python46\python46\lib\site-packages\parsel\selector.py", line 242, in xpath
    six.reraise(ValueError, ValueError(msg), sys.exc_info()[2])
  File "G:\python46\python46\lib\site-packages\six.py", line 692, in reraise
    raise value.with_traceback(tb)
  File "G:\python46\python46\lib\site-packages\parsel\selector.py", line 238, in xpath
    **kwargs)
  File "src\lxml\etree.pyx", line 1577, in lxml.etree._Element.xpath
  File "src\lxml\xpath.pxi", line 307, in lxml.etree.XPathElementEvaluator.__call__
  File "src\lxml\xpath.pxi", line 227, in lxml.etree._XPathEvaluatorBase._handle_result
ValueError: XPath error: Invalid expression in div/@class="job-primary"]/div[@class="info-primary"]/h3[@class="name"]/a/div[@class="job-title"]/text()
2018-09-28 19:31:04 [scrapy.core.engine] INFO: Closing spider (finished)
2018-09-28 19:31:04 [scrapy.statscollectors] INFO: Dumping Scrapy stats:
{'downloader/request_bytes': 750,
 'downloader/request_count': 2,
 'downloader/request_method_count/GET': 2,
 'downloader/response_bytes': 23147,
 'downloader/response_count': 2,
 'downloader/response_status_count/200': 2,
 'finish_reason': 'finished',
 'finish_time': datetime.datetime(2018, 9, 28, 11, 31, 4, 478519),
 'log_count/ERROR': 1,
 'log_count/INFO': 8,
 'log_count/WARNING': 1,
 'response_received_count': 2,
 'scheduler/dequeued': 1,
 'scheduler/dequeued/memory': 1,
 'scheduler/enqueued': 1,
 'scheduler/enqueued/memory': 1,
 'spider_exceptions/ValueError': 1,
 'start_time': datetime.datetime(2018, 9, 28, 11, 31, 3, 967934)}
2018-09-28 19:31:04 [scrapy.core.engine] INFO: Spider closed (finished)
2018-09-28 19:33:41 [scrapy.utils.log] INFO: Scrapy 1.5.1 started (bot: jobboss)
2018-09-28 19:33:41 [scrapy.utils.log] INFO: Versions: lxml 4.2.4.0, libxml2 2.9.5, cssselect 1.0.3, parsel 1.5.0, w3lib 1.19.0, Twisted 18.7.0, Python 3.6.5 |Anaconda, Inc.| (default, Mar 29 2018, 13:32:41) [MSC v.1900 64 bit (AMD64)], pyOpenSSL 18.0.0 (OpenSSL 1.1.0i  14 Aug 2018), cryptography 2.3.1, Platform Windows-10-10.0.16299-SP0
2018-09-28 19:33:41 [scrapy.crawler] INFO: Overridden settings: {'BOT_NAME': 'jobboss', 'LOG_FILE': 'jobboss.log', 'LOG_LEVEL': 'INFO', 'NEWSPIDER_MODULE': 'jobboss.spiders', 'ROBOTSTXT_OBEY': True, 'SPIDER_MODULES': ['jobboss.spiders']}
2018-09-28 19:33:41 [scrapy.middleware] INFO: Enabled extensions:
['scrapy.extensions.corestats.CoreStats',
 'scrapy.extensions.telnet.TelnetConsole',
 'scrapy.extensions.logstats.LogStats']
2018-09-28 19:33:41 [py.warnings] WARNING: G:\python46\python46\lib\site-packages\scrapy\utils\deprecate.py:156: ScrapyDeprecationWarning: `scrapy.contrib.downloadermiddleware.useragent.UserAgentMiddleware` class is deprecated, use `scrapy.downloadermiddlewares.useragent.UserAgentMiddleware` instead
  ScrapyDeprecationWarning)

2018-09-28 19:33:41 [scrapy.middleware] INFO: Enabled downloader middlewares:
['scrapy.downloadermiddlewares.robotstxt.RobotsTxtMiddleware',
 'scrapy.downloadermiddlewares.httpauth.HttpAuthMiddleware',
 'scrapy.downloadermiddlewares.downloadtimeout.DownloadTimeoutMiddleware',
 'scrapy.downloadermiddlewares.defaultheaders.DefaultHeadersMiddleware',
 'jobboss.rotateuseragent.RotateUserAgentMiddleware',
 'jobboss.middlewares.JobbossDownloaderMiddleware',
 'scrapy.downloadermiddlewares.retry.RetryMiddleware',
 'scrapy.downloadermiddlewares.redirect.MetaRefreshMiddleware',
 'scrapy.downloadermiddlewares.httpcompression.HttpCompressionMiddleware',
 'scrapy.downloadermiddlewares.redirect.RedirectMiddleware',
 'scrapy.downloadermiddlewares.cookies.CookiesMiddleware',
 'scrapy.downloadermiddlewares.httpproxy.HttpProxyMiddleware',
 'scrapy.downloadermiddlewares.stats.DownloaderStats']
2018-09-28 19:33:41 [scrapy.middleware] INFO: Enabled spider middlewares:
['scrapy.spidermiddlewares.httperror.HttpErrorMiddleware',
 'scrapy.spidermiddlewares.offsite.OffsiteMiddleware',
 'scrapy.spidermiddlewares.referer.RefererMiddleware',
 'scrapy.spidermiddlewares.urllength.UrlLengthMiddleware',
 'scrapy.spidermiddlewares.depth.DepthMiddleware']
2018-09-28 19:33:41 [scrapy.middleware] INFO: Enabled item pipelines:
[]
2018-09-28 19:33:41 [scrapy.core.engine] INFO: Spider opened
2018-09-28 19:33:41 [scrapy.extensions.logstats] INFO: Crawled 0 pages (at 0 pages/min), scraped 0 items (at 0 items/min)
2018-09-28 19:33:41 [jobbosspider] INFO: Spider opened: jobbosspider
2018-09-28 19:33:42 [scrapy.core.scraper] ERROR: Spider error processing <GET https://www.zhipin.com/job_detail/?query=Python&scity=101010100&industry=&position=> (referer: None)
Traceback (most recent call last):
  File "G:\python46\python46\lib\site-packages\parsel\selector.py", line 238, in xpath
    **kwargs)
  File "src\lxml\etree.pyx", line 1577, in lxml.etree._Element.xpath
  File "src\lxml\xpath.pxi", line 307, in lxml.etree.XPathElementEvaluator.__call__
  File "src\lxml\xpath.pxi", line 227, in lxml.etree._XPathEvaluatorBase._handle_result
lxml.etree.XPathEvalError: Invalid expression

During handling of the above exception, another exception occurred:

Traceback (most recent call last):
  File "G:\python46\python46\lib\site-packages\twisted\internet\defer.py", line 654, in _runCallbacks
    current.result = callback(current.result, *args, **kw)
  File "G:\python46\jobboss\jobboss\spiders\jobbosspider.py", line 19, in parse
    jobpostion=jobitem.xpath('./div/@class="job-primary"]/div[@class="info-primary"]/h3[@class="name"]/a/div[@class="job-title"]/text()').extract()
  File "G:\python46\python46\lib\site-packages\parsel\selector.py", line 242, in xpath
    six.reraise(ValueError, ValueError(msg), sys.exc_info()[2])
  File "G:\python46\python46\lib\site-packages\six.py", line 692, in reraise
    raise value.with_traceback(tb)
  File "G:\python46\python46\lib\site-packages\parsel\selector.py", line 238, in xpath
    **kwargs)
  File "src\lxml\etree.pyx", line 1577, in lxml.etree._Element.xpath
  File "src\lxml\xpath.pxi", line 307, in lxml.etree.XPathElementEvaluator.__call__
  File "src\lxml\xpath.pxi", line 227, in lxml.etree._XPathEvaluatorBase._handle_result
ValueError: XPath error: Invalid expression in ./div/@class="job-primary"]/div[@class="info-primary"]/h3[@class="name"]/a/div[@class="job-title"]/text()
2018-09-28 19:33:42 [scrapy.core.engine] INFO: Closing spider (finished)
2018-09-28 19:33:42 [scrapy.statscollectors] INFO: Dumping Scrapy stats:
{'downloader/request_bytes': 645,
 'downloader/request_count': 2,
 'downloader/request_method_count/GET': 2,
 'downloader/response_bytes': 23145,
 'downloader/response_count': 2,
 'downloader/response_status_count/200': 2,
 'finish_reason': 'finished',
 'finish_time': datetime.datetime(2018, 9, 28, 11, 33, 42, 451985),
 'log_count/ERROR': 1,
 'log_count/INFO': 8,
 'log_count/WARNING': 1,
 'response_received_count': 2,
 'scheduler/dequeued': 1,
 'scheduler/dequeued/memory': 1,
 'scheduler/enqueued': 1,
 'scheduler/enqueued/memory': 1,
 'spider_exceptions/ValueError': 1,
 'start_time': datetime.datetime(2018, 9, 28, 11, 33, 41, 666258)}
2018-09-28 19:33:42 [scrapy.core.engine] INFO: Spider closed (finished)
2018-09-28 19:33:51 [scrapy.utils.log] INFO: Scrapy 1.5.1 started (bot: jobboss)
2018-09-28 19:33:51 [scrapy.utils.log] INFO: Versions: lxml 4.2.4.0, libxml2 2.9.5, cssselect 1.0.3, parsel 1.5.0, w3lib 1.19.0, Twisted 18.7.0, Python 3.6.5 |Anaconda, Inc.| (default, Mar 29 2018, 13:32:41) [MSC v.1900 64 bit (AMD64)], pyOpenSSL 18.0.0 (OpenSSL 1.1.0i  14 Aug 2018), cryptography 2.3.1, Platform Windows-10-10.0.16299-SP0
2018-09-28 19:33:51 [scrapy.crawler] INFO: Overridden settings: {'BOT_NAME': 'jobboss', 'LOG_FILE': 'jobboss.log', 'LOG_LEVEL': 'INFO', 'NEWSPIDER_MODULE': 'jobboss.spiders', 'ROBOTSTXT_OBEY': True, 'SPIDER_MODULES': ['jobboss.spiders']}
2018-09-28 19:33:51 [scrapy.middleware] INFO: Enabled extensions:
['scrapy.extensions.corestats.CoreStats',
 'scrapy.extensions.telnet.TelnetConsole',
 'scrapy.extensions.logstats.LogStats']
2018-09-28 19:33:51 [py.warnings] WARNING: G:\python46\python46\lib\site-packages\scrapy\utils\deprecate.py:156: ScrapyDeprecationWarning: `scrapy.contrib.downloadermiddleware.useragent.UserAgentMiddleware` class is deprecated, use `scrapy.downloadermiddlewares.useragent.UserAgentMiddleware` instead
  ScrapyDeprecationWarning)

2018-09-28 19:33:51 [scrapy.middleware] INFO: Enabled downloader middlewares:
['scrapy.downloadermiddlewares.robotstxt.RobotsTxtMiddleware',
 'scrapy.downloadermiddlewares.httpauth.HttpAuthMiddleware',
 'scrapy.downloadermiddlewares.downloadtimeout.DownloadTimeoutMiddleware',
 'scrapy.downloadermiddlewares.defaultheaders.DefaultHeadersMiddleware',
 'jobboss.rotateuseragent.RotateUserAgentMiddleware',
 'jobboss.middlewares.JobbossDownloaderMiddleware',
 'scrapy.downloadermiddlewares.retry.RetryMiddleware',
 'scrapy.downloadermiddlewares.redirect.MetaRefreshMiddleware',
 'scrapy.downloadermiddlewares.httpcompression.HttpCompressionMiddleware',
 'scrapy.downloadermiddlewares.redirect.RedirectMiddleware',
 'scrapy.downloadermiddlewares.cookies.CookiesMiddleware',
 'scrapy.downloadermiddlewares.httpproxy.HttpProxyMiddleware',
 'scrapy.downloadermiddlewares.stats.DownloaderStats']
2018-09-28 19:33:51 [scrapy.middleware] INFO: Enabled spider middlewares:
['scrapy.spidermiddlewares.httperror.HttpErrorMiddleware',
 'scrapy.spidermiddlewares.offsite.OffsiteMiddleware',
 'scrapy.spidermiddlewares.referer.RefererMiddleware',
 'scrapy.spidermiddlewares.urllength.UrlLengthMiddleware',
 'scrapy.spidermiddlewares.depth.DepthMiddleware']
2018-09-28 19:33:51 [scrapy.middleware] INFO: Enabled item pipelines:
[]
2018-09-28 19:33:51 [scrapy.core.engine] INFO: Spider opened
2018-09-28 19:33:51 [scrapy.extensions.logstats] INFO: Crawled 0 pages (at 0 pages/min), scraped 0 items (at 0 items/min)
2018-09-28 19:33:51 [jobbosspider] INFO: Spider opened: jobbosspider
2018-09-28 19:33:54 [scrapy.core.scraper] ERROR: Spider error processing <GET https://www.zhipin.com/job_detail/?query=Python&scity=101010100&industry=&position=> (referer: None)
Traceback (most recent call last):
  File "G:\python46\python46\lib\site-packages\parsel\selector.py", line 238, in xpath
    **kwargs)
  File "src\lxml\etree.pyx", line 1577, in lxml.etree._Element.xpath
  File "src\lxml\xpath.pxi", line 307, in lxml.etree.XPathElementEvaluator.__call__
  File "src\lxml\xpath.pxi", line 227, in lxml.etree._XPathEvaluatorBase._handle_result
lxml.etree.XPathEvalError: Invalid expression

During handling of the above exception, another exception occurred:

Traceback (most recent call last):
  File "G:\python46\python46\lib\site-packages\twisted\internet\defer.py", line 654, in _runCallbacks
    current.result = callback(current.result, *args, **kw)
  File "G:\python46\jobboss\jobboss\spiders\jobbosspider.py", line 19, in parse
    jobpostion=jobitem.xpath('.div/@class="job-primary"]/div[@class="info-primary"]/h3[@class="name"]/a/div[@class="job-title"]/text()').extract()
  File "G:\python46\python46\lib\site-packages\parsel\selector.py", line 242, in xpath
    six.reraise(ValueError, ValueError(msg), sys.exc_info()[2])
  File "G:\python46\python46\lib\site-packages\six.py", line 692, in reraise
    raise value.with_traceback(tb)
  File "G:\python46\python46\lib\site-packages\parsel\selector.py", line 238, in xpath
    **kwargs)
  File "src\lxml\etree.pyx", line 1577, in lxml.etree._Element.xpath
  File "src\lxml\xpath.pxi", line 307, in lxml.etree.XPathElementEvaluator.__call__
  File "src\lxml\xpath.pxi", line 227, in lxml.etree._XPathEvaluatorBase._handle_result
ValueError: XPath error: Invalid expression in .div/@class="job-primary"]/div[@class="info-primary"]/h3[@class="name"]/a/div[@class="job-title"]/text()
2018-09-28 19:33:54 [scrapy.core.engine] INFO: Closing spider (finished)
2018-09-28 19:33:54 [scrapy.statscollectors] INFO: Dumping Scrapy stats:
{'downloader/request_bytes': 631,
 'downloader/request_count': 2,
 'downloader/request_method_count/GET': 2,
 'downloader/response_bytes': 23147,
 'downloader/response_count': 2,
 'downloader/response_status_count/200': 2,
 'finish_reason': 'finished',
 'finish_time': datetime.datetime(2018, 9, 28, 11, 33, 54, 339291),
 'log_count/ERROR': 1,
 'log_count/INFO': 8,
 'log_count/WARNING': 1,
 'response_received_count': 2,
 'scheduler/dequeued': 1,
 'scheduler/dequeued/memory': 1,
 'scheduler/enqueued': 1,
 'scheduler/enqueued/memory': 1,
 'spider_exceptions/ValueError': 1,
 'start_time': datetime.datetime(2018, 9, 28, 11, 33, 51, 595811)}
2018-09-28 19:33:54 [scrapy.core.engine] INFO: Spider closed (finished)
2018-09-28 19:34:11 [scrapy.utils.log] INFO: Scrapy 1.5.1 started (bot: jobboss)
2018-09-28 19:34:11 [scrapy.utils.log] INFO: Versions: lxml 4.2.4.0, libxml2 2.9.5, cssselect 1.0.3, parsel 1.5.0, w3lib 1.19.0, Twisted 18.7.0, Python 3.6.5 |Anaconda, Inc.| (default, Mar 29 2018, 13:32:41) [MSC v.1900 64 bit (AMD64)], pyOpenSSL 18.0.0 (OpenSSL 1.1.0i  14 Aug 2018), cryptography 2.3.1, Platform Windows-10-10.0.16299-SP0
2018-09-28 19:34:11 [scrapy.crawler] INFO: Overridden settings: {'BOT_NAME': 'jobboss', 'LOG_FILE': 'jobboss.log', 'LOG_LEVEL': 'INFO', 'NEWSPIDER_MODULE': 'jobboss.spiders', 'ROBOTSTXT_OBEY': True, 'SPIDER_MODULES': ['jobboss.spiders']}
2018-09-28 19:34:11 [scrapy.middleware] INFO: Enabled extensions:
['scrapy.extensions.corestats.CoreStats',
 'scrapy.extensions.telnet.TelnetConsole',
 'scrapy.extensions.logstats.LogStats']
2018-09-28 19:34:11 [py.warnings] WARNING: G:\python46\python46\lib\site-packages\scrapy\utils\deprecate.py:156: ScrapyDeprecationWarning: `scrapy.contrib.downloadermiddleware.useragent.UserAgentMiddleware` class is deprecated, use `scrapy.downloadermiddlewares.useragent.UserAgentMiddleware` instead
  ScrapyDeprecationWarning)

2018-09-28 19:34:12 [scrapy.middleware] INFO: Enabled downloader middlewares:
['scrapy.downloadermiddlewares.robotstxt.RobotsTxtMiddleware',
 'scrapy.downloadermiddlewares.httpauth.HttpAuthMiddleware',
 'scrapy.downloadermiddlewares.downloadtimeout.DownloadTimeoutMiddleware',
 'scrapy.downloadermiddlewares.defaultheaders.DefaultHeadersMiddleware',
 'jobboss.rotateuseragent.RotateUserAgentMiddleware',
 'jobboss.middlewares.JobbossDownloaderMiddleware',
 'scrapy.downloadermiddlewares.retry.RetryMiddleware',
 'scrapy.downloadermiddlewares.redirect.MetaRefreshMiddleware',
 'scrapy.downloadermiddlewares.httpcompression.HttpCompressionMiddleware',
 'scrapy.downloadermiddlewares.redirect.RedirectMiddleware',
 'scrapy.downloadermiddlewares.cookies.CookiesMiddleware',
 'scrapy.downloadermiddlewares.httpproxy.HttpProxyMiddleware',
 'scrapy.downloadermiddlewares.stats.DownloaderStats']
2018-09-28 19:34:12 [scrapy.middleware] INFO: Enabled spider middlewares:
['scrapy.spidermiddlewares.httperror.HttpErrorMiddleware',
 'scrapy.spidermiddlewares.offsite.OffsiteMiddleware',
 'scrapy.spidermiddlewares.referer.RefererMiddleware',
 'scrapy.spidermiddlewares.urllength.UrlLengthMiddleware',
 'scrapy.spidermiddlewares.depth.DepthMiddleware']
2018-09-28 19:34:12 [scrapy.middleware] INFO: Enabled item pipelines:
[]
2018-09-28 19:34:12 [scrapy.core.engine] INFO: Spider opened
2018-09-28 19:34:12 [scrapy.extensions.logstats] INFO: Crawled 0 pages (at 0 pages/min), scraped 0 items (at 0 items/min)
2018-09-28 19:34:12 [jobbosspider] INFO: Spider opened: jobbosspider
2018-09-28 19:34:12 [scrapy.core.scraper] ERROR: Spider error processing <GET https://www.zhipin.com/job_detail/?query=Python&scity=101010100&industry=&position=> (referer: None)
Traceback (most recent call last):
  File "G:\python46\python46\lib\site-packages\parsel\selector.py", line 238, in xpath
    **kwargs)
  File "src\lxml\etree.pyx", line 1577, in lxml.etree._Element.xpath
  File "src\lxml\xpath.pxi", line 307, in lxml.etree.XPathElementEvaluator.__call__
  File "src\lxml\xpath.pxi", line 227, in lxml.etree._XPathEvaluatorBase._handle_result
lxml.etree.XPathEvalError: Invalid expression

During handling of the above exception, another exception occurred:

Traceback (most recent call last):
  File "G:\python46\python46\lib\site-packages\twisted\internet\defer.py", line 654, in _runCallbacks
    current.result = callback(current.result, *args, **kw)
  File "G:\python46\jobboss\jobboss\spiders\jobbosspider.py", line 19, in parse
    jobpostion=jobitem.xpath('.div/@class="job-primary"]/div[@class="info-primary"]/h3[@class="name"]/a/div[@class="job-title"]/text()').extract()
  File "G:\python46\python46\lib\site-packages\parsel\selector.py", line 242, in xpath
    six.reraise(ValueError, ValueError(msg), sys.exc_info()[2])
  File "G:\python46\python46\lib\site-packages\six.py", line 692, in reraise
    raise value.with_traceback(tb)
  File "G:\python46\python46\lib\site-packages\parsel\selector.py", line 238, in xpath
    **kwargs)
  File "src\lxml\etree.pyx", line 1577, in lxml.etree._Element.xpath
  File "src\lxml\xpath.pxi", line 307, in lxml.etree.XPathElementEvaluator.__call__
  File "src\lxml\xpath.pxi", line 227, in lxml.etree._XPathEvaluatorBase._handle_result
ValueError: XPath error: Invalid expression in .div/@class="job-primary"]/div[@class="info-primary"]/h3[@class="name"]/a/div[@class="job-title"]/text()
2018-09-28 19:34:12 [scrapy.core.engine] INFO: Closing spider (finished)
2018-09-28 19:34:12 [scrapy.statscollectors] INFO: Dumping Scrapy stats:
{'downloader/request_bytes': 631,
 'downloader/request_count': 2,
 'downloader/request_method_count/GET': 2,
 'downloader/response_bytes': 23146,
 'downloader/response_count': 2,
 'downloader/response_status_count/200': 2,
 'finish_reason': 'finished',
 'finish_time': datetime.datetime(2018, 9, 28, 11, 34, 12, 756398),
 'log_count/ERROR': 1,
 'log_count/INFO': 8,
 'log_count/WARNING': 1,
 'response_received_count': 2,
 'scheduler/dequeued': 1,
 'scheduler/dequeued/memory': 1,
 'scheduler/enqueued': 1,
 'scheduler/enqueued/memory': 1,
 'spider_exceptions/ValueError': 1,
 'start_time': datetime.datetime(2018, 9, 28, 11, 34, 12, 280400)}
2018-09-28 19:34:12 [scrapy.core.engine] INFO: Spider closed (finished)
2018-09-28 19:35:29 [scrapy.utils.log] INFO: Scrapy 1.5.1 started (bot: jobboss)
2018-09-28 19:35:29 [scrapy.utils.log] INFO: Versions: lxml 4.2.4.0, libxml2 2.9.5, cssselect 1.0.3, parsel 1.5.0, w3lib 1.19.0, Twisted 18.7.0, Python 3.6.5 |Anaconda, Inc.| (default, Mar 29 2018, 13:32:41) [MSC v.1900 64 bit (AMD64)], pyOpenSSL 18.0.0 (OpenSSL 1.1.0i  14 Aug 2018), cryptography 2.3.1, Platform Windows-10-10.0.16299-SP0
2018-09-28 19:35:29 [scrapy.crawler] INFO: Overridden settings: {'BOT_NAME': 'jobboss', 'LOG_FILE': 'jobboss.log', 'LOG_LEVEL': 'INFO', 'NEWSPIDER_MODULE': 'jobboss.spiders', 'ROBOTSTXT_OBEY': True, 'SPIDER_MODULES': ['jobboss.spiders']}
2018-09-28 19:35:29 [scrapy.middleware] INFO: Enabled extensions:
['scrapy.extensions.corestats.CoreStats',
 'scrapy.extensions.telnet.TelnetConsole',
 'scrapy.extensions.logstats.LogStats']
2018-09-28 19:35:29 [py.warnings] WARNING: G:\python46\python46\lib\site-packages\scrapy\utils\deprecate.py:156: ScrapyDeprecationWarning: `scrapy.contrib.downloadermiddleware.useragent.UserAgentMiddleware` class is deprecated, use `scrapy.downloadermiddlewares.useragent.UserAgentMiddleware` instead
  ScrapyDeprecationWarning)

2018-09-28 19:35:30 [scrapy.middleware] INFO: Enabled downloader middlewares:
['scrapy.downloadermiddlewares.robotstxt.RobotsTxtMiddleware',
 'scrapy.downloadermiddlewares.httpauth.HttpAuthMiddleware',
 'scrapy.downloadermiddlewares.downloadtimeout.DownloadTimeoutMiddleware',
 'scrapy.downloadermiddlewares.defaultheaders.DefaultHeadersMiddleware',
 'jobboss.rotateuseragent.RotateUserAgentMiddleware',
 'jobboss.middlewares.JobbossDownloaderMiddleware',
 'scrapy.downloadermiddlewares.retry.RetryMiddleware',
 'scrapy.downloadermiddlewares.redirect.MetaRefreshMiddleware',
 'scrapy.downloadermiddlewares.httpcompression.HttpCompressionMiddleware',
 'scrapy.downloadermiddlewares.redirect.RedirectMiddleware',
 'scrapy.downloadermiddlewares.cookies.CookiesMiddleware',
 'scrapy.downloadermiddlewares.httpproxy.HttpProxyMiddleware',
 'scrapy.downloadermiddlewares.stats.DownloaderStats']
2018-09-28 19:35:30 [scrapy.middleware] INFO: Enabled spider middlewares:
['scrapy.spidermiddlewares.httperror.HttpErrorMiddleware',
 'scrapy.spidermiddlewares.offsite.OffsiteMiddleware',
 'scrapy.spidermiddlewares.referer.RefererMiddleware',
 'scrapy.spidermiddlewares.urllength.UrlLengthMiddleware',
 'scrapy.spidermiddlewares.depth.DepthMiddleware']
2018-09-28 19:35:30 [scrapy.middleware] INFO: Enabled item pipelines:
[]
2018-09-28 19:35:30 [scrapy.core.engine] INFO: Spider opened
2018-09-28 19:35:30 [scrapy.extensions.logstats] INFO: Crawled 0 pages (at 0 pages/min), scraped 0 items (at 0 items/min)
2018-09-28 19:35:30 [jobbosspider] INFO: Spider opened: jobbosspider
2018-09-28 19:35:42 [scrapy.core.scraper] ERROR: Spider error processing <GET https://www.zhipin.com/job_detail/?query=Python&scity=101010100&industry=&position=> (referer: None)
Traceback (most recent call last):
  File "G:\python46\python46\lib\site-packages\parsel\selector.py", line 238, in xpath
    **kwargs)
  File "src\lxml\etree.pyx", line 1577, in lxml.etree._Element.xpath
  File "src\lxml\xpath.pxi", line 307, in lxml.etree.XPathElementEvaluator.__call__
  File "src\lxml\xpath.pxi", line 227, in lxml.etree._XPathEvaluatorBase._handle_result
lxml.etree.XPathEvalError: Invalid expression

During handling of the above exception, another exception occurred:

Traceback (most recent call last):
  File "G:\python46\python46\lib\site-packages\twisted\internet\defer.py", line 654, in _runCallbacks
    current.result = callback(current.result, *args, **kw)
  File "G:\python46\jobboss\jobboss\spiders\jobbosspider.py", line 19, in parse
    jobpostion=jobitem.xpath('.div/@class="job-primary"]/div[@class="info-primary"]/h3[@class="name"]/a/div[@class="job-title"]/text()')
  File "G:\python46\python46\lib\site-packages\parsel\selector.py", line 242, in xpath
    six.reraise(ValueError, ValueError(msg), sys.exc_info()[2])
  File "G:\python46\python46\lib\site-packages\six.py", line 692, in reraise
    raise value.with_traceback(tb)
  File "G:\python46\python46\lib\site-packages\parsel\selector.py", line 238, in xpath
    **kwargs)
  File "src\lxml\etree.pyx", line 1577, in lxml.etree._Element.xpath
  File "src\lxml\xpath.pxi", line 307, in lxml.etree.XPathElementEvaluator.__call__
  File "src\lxml\xpath.pxi", line 227, in lxml.etree._XPathEvaluatorBase._handle_result
ValueError: XPath error: Invalid expression in .div/@class="job-primary"]/div[@class="info-primary"]/h3[@class="name"]/a/div[@class="job-title"]/text()
2018-09-28 19:35:42 [scrapy.core.engine] INFO: Closing spider (finished)
2018-09-28 19:35:42 [scrapy.statscollectors] INFO: Dumping Scrapy stats:
{'downloader/request_bytes': 651,
 'downloader/request_count': 2,
 'downloader/request_method_count/GET': 2,
 'downloader/response_bytes': 23143,
 'downloader/response_count': 2,
 'downloader/response_status_count/200': 2,
 'finish_reason': 'finished',
 'finish_time': datetime.datetime(2018, 9, 28, 11, 35, 42, 635320),
 'log_count/ERROR': 1,
 'log_count/INFO': 8,
 'log_count/WARNING': 1,
 'response_received_count': 2,
 'scheduler/dequeued': 1,
 'scheduler/dequeued/memory': 1,
 'scheduler/enqueued': 1,
 'scheduler/enqueued/memory': 1,
 'spider_exceptions/ValueError': 1,
 'start_time': datetime.datetime(2018, 9, 28, 11, 35, 30, 262343)}
2018-09-28 19:35:42 [scrapy.core.engine] INFO: Spider closed (finished)
2018-09-28 19:40:47 [scrapy.utils.log] INFO: Scrapy 1.5.1 started (bot: jobboss)
2018-09-28 19:40:47 [scrapy.utils.log] INFO: Versions: lxml 4.2.4.0, libxml2 2.9.5, cssselect 1.0.3, parsel 1.5.0, w3lib 1.19.0, Twisted 18.7.0, Python 3.6.5 |Anaconda, Inc.| (default, Mar 29 2018, 13:32:41) [MSC v.1900 64 bit (AMD64)], pyOpenSSL 18.0.0 (OpenSSL 1.1.0i  14 Aug 2018), cryptography 2.3.1, Platform Windows-10-10.0.16299-SP0
2018-09-28 19:40:47 [scrapy.crawler] INFO: Overridden settings: {'BOT_NAME': 'jobboss', 'LOG_FILE': 'jobboss.log', 'LOG_LEVEL': 'INFO', 'NEWSPIDER_MODULE': 'jobboss.spiders', 'ROBOTSTXT_OBEY': True, 'SPIDER_MODULES': ['jobboss.spiders']}
2018-09-28 19:40:48 [scrapy.middleware] INFO: Enabled extensions:
['scrapy.extensions.corestats.CoreStats',
 'scrapy.extensions.telnet.TelnetConsole',
 'scrapy.extensions.logstats.LogStats']
2018-09-28 19:40:48 [py.warnings] WARNING: G:\python46\python46\lib\site-packages\scrapy\utils\deprecate.py:156: ScrapyDeprecationWarning: `scrapy.contrib.downloadermiddleware.useragent.UserAgentMiddleware` class is deprecated, use `scrapy.downloadermiddlewares.useragent.UserAgentMiddleware` instead
  ScrapyDeprecationWarning)

2018-09-28 19:40:48 [scrapy.middleware] INFO: Enabled downloader middlewares:
['scrapy.downloadermiddlewares.robotstxt.RobotsTxtMiddleware',
 'scrapy.downloadermiddlewares.httpauth.HttpAuthMiddleware',
 'scrapy.downloadermiddlewares.downloadtimeout.DownloadTimeoutMiddleware',
 'scrapy.downloadermiddlewares.defaultheaders.DefaultHeadersMiddleware',
 'jobboss.rotateuseragent.RotateUserAgentMiddleware',
 'jobboss.middlewares.JobbossDownloaderMiddleware',
 'scrapy.downloadermiddlewares.retry.RetryMiddleware',
 'scrapy.downloadermiddlewares.redirect.MetaRefreshMiddleware',
 'scrapy.downloadermiddlewares.httpcompression.HttpCompressionMiddleware',
 'scrapy.downloadermiddlewares.redirect.RedirectMiddleware',
 'scrapy.downloadermiddlewares.cookies.CookiesMiddleware',
 'scrapy.downloadermiddlewares.httpproxy.HttpProxyMiddleware',
 'scrapy.downloadermiddlewares.stats.DownloaderStats']
2018-09-28 19:40:48 [scrapy.middleware] INFO: Enabled spider middlewares:
['scrapy.spidermiddlewares.httperror.HttpErrorMiddleware',
 'scrapy.spidermiddlewares.offsite.OffsiteMiddleware',
 'scrapy.spidermiddlewares.referer.RefererMiddleware',
 'scrapy.spidermiddlewares.urllength.UrlLengthMiddleware',
 'scrapy.spidermiddlewares.depth.DepthMiddleware']
2018-09-28 19:40:48 [scrapy.middleware] INFO: Enabled item pipelines:
[]
2018-09-28 19:40:48 [scrapy.core.engine] INFO: Spider opened
2018-09-28 19:40:48 [scrapy.extensions.logstats] INFO: Crawled 0 pages (at 0 pages/min), scraped 0 items (at 0 items/min)
2018-09-28 19:40:48 [jobbosspider] INFO: Spider opened: jobbosspider
2018-09-28 19:41:02 [scrapy.core.scraper] ERROR: Spider error processing <GET https://www.zhipin.com/job_detail/?query=Python&scity=101010100&industry=&position=> (referer: None)
Traceback (most recent call last):
  File "G:\python46\python46\lib\site-packages\parsel\selector.py", line 238, in xpath
    **kwargs)
  File "src\lxml\etree.pyx", line 1577, in lxml.etree._Element.xpath
  File "src\lxml\xpath.pxi", line 307, in lxml.etree.XPathElementEvaluator.__call__
  File "src\lxml\xpath.pxi", line 227, in lxml.etree._XPathEvaluatorBase._handle_result
lxml.etree.XPathEvalError: Invalid expression

During handling of the above exception, another exception occurred:

Traceback (most recent call last):
  File "G:\python46\python46\lib\site-packages\twisted\internet\defer.py", line 654, in _runCallbacks
    current.result = callback(current.result, *args, **kw)
  File "G:\python46\jobboss\jobboss\spiders\jobbosspider.py", line 19, in parse
    jobpostion=jobitem.xpath('.div/@class="job-primary"]/div[@class="info-primary"]/h3[@class="name"]/a/div[@class="job-title"]/text()')
  File "G:\python46\python46\lib\site-packages\parsel\selector.py", line 242, in xpath
    six.reraise(ValueError, ValueError(msg), sys.exc_info()[2])
  File "G:\python46\python46\lib\site-packages\six.py", line 692, in reraise
    raise value.with_traceback(tb)
  File "G:\python46\python46\lib\site-packages\parsel\selector.py", line 238, in xpath
    **kwargs)
  File "src\lxml\etree.pyx", line 1577, in lxml.etree._Element.xpath
  File "src\lxml\xpath.pxi", line 307, in lxml.etree.XPathElementEvaluator.__call__
  File "src\lxml\xpath.pxi", line 227, in lxml.etree._XPathEvaluatorBase._handle_result
ValueError: XPath error: Invalid expression in .div/@class="job-primary"]/div[@class="info-primary"]/h3[@class="name"]/a/div[@class="job-title"]/text()
2018-09-28 19:41:02 [scrapy.core.engine] INFO: Closing spider (finished)
2018-09-28 19:41:02 [scrapy.statscollectors] INFO: Dumping Scrapy stats:
{'downloader/request_bytes': 624,
 'downloader/request_count': 2,
 'downloader/request_method_count/GET': 2,
 'downloader/response_bytes': 23145,
 'downloader/response_count': 2,
 'downloader/response_status_count/200': 2,
 'finish_reason': 'finished',
 'finish_time': datetime.datetime(2018, 9, 28, 11, 41, 2, 446815),
 'log_count/ERROR': 1,
 'log_count/INFO': 8,
 'log_count/WARNING': 1,
 'response_received_count': 2,
 'scheduler/dequeued': 1,
 'scheduler/dequeued/memory': 1,
 'scheduler/enqueued': 1,
 'scheduler/enqueued/memory': 1,
 'spider_exceptions/ValueError': 1,
 'start_time': datetime.datetime(2018, 9, 28, 11, 40, 48, 544840)}
2018-09-28 19:41:02 [scrapy.core.engine] INFO: Spider closed (finished)
2018-09-28 19:41:24 [scrapy.utils.log] INFO: Scrapy 1.5.1 started (bot: jobboss)
2018-09-28 19:41:24 [scrapy.utils.log] INFO: Versions: lxml 4.2.4.0, libxml2 2.9.5, cssselect 1.0.3, parsel 1.5.0, w3lib 1.19.0, Twisted 18.7.0, Python 3.6.5 |Anaconda, Inc.| (default, Mar 29 2018, 13:32:41) [MSC v.1900 64 bit (AMD64)], pyOpenSSL 18.0.0 (OpenSSL 1.1.0i  14 Aug 2018), cryptography 2.3.1, Platform Windows-10-10.0.16299-SP0
2018-09-28 19:41:24 [scrapy.crawler] INFO: Overridden settings: {'BOT_NAME': 'jobboss', 'LOG_FILE': 'jobboss.log', 'LOG_LEVEL': 'INFO', 'NEWSPIDER_MODULE': 'jobboss.spiders', 'ROBOTSTXT_OBEY': True, 'SPIDER_MODULES': ['jobboss.spiders']}
2018-09-28 19:41:24 [scrapy.middleware] INFO: Enabled extensions:
['scrapy.extensions.corestats.CoreStats',
 'scrapy.extensions.telnet.TelnetConsole',
 'scrapy.extensions.logstats.LogStats']
2018-09-28 19:41:24 [py.warnings] WARNING: G:\python46\python46\lib\site-packages\scrapy\utils\deprecate.py:156: ScrapyDeprecationWarning: `scrapy.contrib.downloadermiddleware.useragent.UserAgentMiddleware` class is deprecated, use `scrapy.downloadermiddlewares.useragent.UserAgentMiddleware` instead
  ScrapyDeprecationWarning)

2018-09-28 19:41:24 [scrapy.middleware] INFO: Enabled downloader middlewares:
['scrapy.downloadermiddlewares.robotstxt.RobotsTxtMiddleware',
 'scrapy.downloadermiddlewares.httpauth.HttpAuthMiddleware',
 'scrapy.downloadermiddlewares.downloadtimeout.DownloadTimeoutMiddleware',
 'scrapy.downloadermiddlewares.defaultheaders.DefaultHeadersMiddleware',
 'jobboss.rotateuseragent.RotateUserAgentMiddleware',
 'jobboss.middlewares.JobbossDownloaderMiddleware',
 'scrapy.downloadermiddlewares.retry.RetryMiddleware',
 'scrapy.downloadermiddlewares.redirect.MetaRefreshMiddleware',
 'scrapy.downloadermiddlewares.httpcompression.HttpCompressionMiddleware',
 'scrapy.downloadermiddlewares.redirect.RedirectMiddleware',
 'scrapy.downloadermiddlewares.cookies.CookiesMiddleware',
 'scrapy.downloadermiddlewares.httpproxy.HttpProxyMiddleware',
 'scrapy.downloadermiddlewares.stats.DownloaderStats']
2018-09-28 19:41:24 [scrapy.middleware] INFO: Enabled spider middlewares:
['scrapy.spidermiddlewares.httperror.HttpErrorMiddleware',
 'scrapy.spidermiddlewares.offsite.OffsiteMiddleware',
 'scrapy.spidermiddlewares.referer.RefererMiddleware',
 'scrapy.spidermiddlewares.urllength.UrlLengthMiddleware',
 'scrapy.spidermiddlewares.depth.DepthMiddleware']
2018-09-28 19:41:24 [scrapy.middleware] INFO: Enabled item pipelines:
[]
2018-09-28 19:41:24 [scrapy.core.engine] INFO: Spider opened
2018-09-28 19:41:24 [scrapy.extensions.logstats] INFO: Crawled 0 pages (at 0 pages/min), scraped 0 items (at 0 items/min)
2018-09-28 19:41:24 [jobbosspider] INFO: Spider opened: jobbosspider
2018-09-28 19:41:26 [scrapy.core.scraper] ERROR: Spider error processing <GET https://www.zhipin.com/job_detail/?query=Python&scity=101010100&industry=&position=> (referer: None)
Traceback (most recent call last):
  File "G:\python46\python46\lib\site-packages\parsel\selector.py", line 238, in xpath
    **kwargs)
  File "src\lxml\etree.pyx", line 1577, in lxml.etree._Element.xpath
  File "src\lxml\xpath.pxi", line 307, in lxml.etree.XPathElementEvaluator.__call__
  File "src\lxml\xpath.pxi", line 227, in lxml.etree._XPathEvaluatorBase._handle_result
lxml.etree.XPathEvalError: Invalid expression

During handling of the above exception, another exception occurred:

Traceback (most recent call last):
  File "G:\python46\python46\lib\site-packages\twisted\internet\defer.py", line 654, in _runCallbacks
    current.result = callback(current.result, *args, **kw)
  File "G:\python46\jobboss\jobboss\spiders\jobbosspider.py", line 19, in parse
    jobpostion=jobitem.xpath('.div/@class="job-primary"]/div[@class="info-primary"]/h3[@class="name"]/a/div[@class="job-title"]/text()')
  File "G:\python46\python46\lib\site-packages\parsel\selector.py", line 242, in xpath
    six.reraise(ValueError, ValueError(msg), sys.exc_info()[2])
  File "G:\python46\python46\lib\site-packages\six.py", line 692, in reraise
    raise value.with_traceback(tb)
  File "G:\python46\python46\lib\site-packages\parsel\selector.py", line 238, in xpath
    **kwargs)
  File "src\lxml\etree.pyx", line 1577, in lxml.etree._Element.xpath
  File "src\lxml\xpath.pxi", line 307, in lxml.etree.XPathElementEvaluator.__call__
  File "src\lxml\xpath.pxi", line 227, in lxml.etree._XPathEvaluatorBase._handle_result
ValueError: XPath error: Invalid expression in .div/@class="job-primary"]/div[@class="info-primary"]/h3[@class="name"]/a/div[@class="job-title"]/text()
2018-09-28 19:41:26 [scrapy.core.engine] INFO: Closing spider (finished)
2018-09-28 19:41:26 [scrapy.statscollectors] INFO: Dumping Scrapy stats:
{'downloader/request_bytes': 638,
 'downloader/request_count': 2,
 'downloader/request_method_count/GET': 2,
 'downloader/response_bytes': 23146,
 'downloader/response_count': 2,
 'downloader/response_status_count/200': 2,
 'finish_reason': 'finished',
 'finish_time': datetime.datetime(2018, 9, 28, 11, 41, 26, 843962),
 'log_count/ERROR': 1,
 'log_count/INFO': 8,
 'log_count/WARNING': 1,
 'response_received_count': 2,
 'scheduler/dequeued': 1,
 'scheduler/dequeued/memory': 1,
 'scheduler/enqueued': 1,
 'scheduler/enqueued/memory': 1,
 'spider_exceptions/ValueError': 1,
 'start_time': datetime.datetime(2018, 9, 28, 11, 41, 24, 873114)}
2018-09-28 19:41:26 [scrapy.core.engine] INFO: Spider closed (finished)
2018-09-28 19:41:47 [scrapy.utils.log] INFO: Scrapy 1.5.1 started (bot: jobboss)
2018-09-28 19:41:47 [scrapy.utils.log] INFO: Versions: lxml 4.2.4.0, libxml2 2.9.5, cssselect 1.0.3, parsel 1.5.0, w3lib 1.19.0, Twisted 18.7.0, Python 3.6.5 |Anaconda, Inc.| (default, Mar 29 2018, 13:32:41) [MSC v.1900 64 bit (AMD64)], pyOpenSSL 18.0.0 (OpenSSL 1.1.0i  14 Aug 2018), cryptography 2.3.1, Platform Windows-10-10.0.16299-SP0
2018-09-28 19:41:47 [scrapy.crawler] INFO: Overridden settings: {'BOT_NAME': 'jobboss', 'LOG_FILE': 'jobboss.log', 'LOG_LEVEL': 'INFO', 'NEWSPIDER_MODULE': 'jobboss.spiders', 'ROBOTSTXT_OBEY': True, 'SPIDER_MODULES': ['jobboss.spiders']}
2018-09-28 19:41:47 [scrapy.middleware] INFO: Enabled extensions:
['scrapy.extensions.corestats.CoreStats',
 'scrapy.extensions.telnet.TelnetConsole',
 'scrapy.extensions.logstats.LogStats']
2018-09-28 19:41:47 [py.warnings] WARNING: G:\python46\python46\lib\site-packages\scrapy\utils\deprecate.py:156: ScrapyDeprecationWarning: `scrapy.contrib.downloadermiddleware.useragent.UserAgentMiddleware` class is deprecated, use `scrapy.downloadermiddlewares.useragent.UserAgentMiddleware` instead
  ScrapyDeprecationWarning)

2018-09-28 19:41:47 [scrapy.middleware] INFO: Enabled downloader middlewares:
['scrapy.downloadermiddlewares.robotstxt.RobotsTxtMiddleware',
 'scrapy.downloadermiddlewares.httpauth.HttpAuthMiddleware',
 'scrapy.downloadermiddlewares.downloadtimeout.DownloadTimeoutMiddleware',
 'scrapy.downloadermiddlewares.defaultheaders.DefaultHeadersMiddleware',
 'jobboss.rotateuseragent.RotateUserAgentMiddleware',
 'jobboss.middlewares.JobbossDownloaderMiddleware',
 'scrapy.downloadermiddlewares.retry.RetryMiddleware',
 'scrapy.downloadermiddlewares.redirect.MetaRefreshMiddleware',
 'scrapy.downloadermiddlewares.httpcompression.HttpCompressionMiddleware',
 'scrapy.downloadermiddlewares.redirect.RedirectMiddleware',
 'scrapy.downloadermiddlewares.cookies.CookiesMiddleware',
 'scrapy.downloadermiddlewares.httpproxy.HttpProxyMiddleware',
 'scrapy.downloadermiddlewares.stats.DownloaderStats']
2018-09-28 19:41:47 [scrapy.middleware] INFO: Enabled spider middlewares:
['scrapy.spidermiddlewares.httperror.HttpErrorMiddleware',
 'scrapy.spidermiddlewares.offsite.OffsiteMiddleware',
 'scrapy.spidermiddlewares.referer.RefererMiddleware',
 'scrapy.spidermiddlewares.urllength.UrlLengthMiddleware',
 'scrapy.spidermiddlewares.depth.DepthMiddleware']
2018-09-28 19:41:47 [scrapy.middleware] INFO: Enabled item pipelines:
[]
2018-09-28 19:41:47 [scrapy.core.engine] INFO: Spider opened
2018-09-28 19:41:47 [scrapy.extensions.logstats] INFO: Crawled 0 pages (at 0 pages/min), scraped 0 items (at 0 items/min)
2018-09-28 19:41:47 [jobbosspider] INFO: Spider opened: jobbosspider
2018-09-28 19:41:48 [scrapy.core.scraper] ERROR: Spider error processing <GET https://www.zhipin.com/job_detail/?query=Python&scity=101010100&industry=&position=> (referer: None)
Traceback (most recent call last):
  File "G:\python46\python46\lib\site-packages\parsel\selector.py", line 238, in xpath
    **kwargs)
  File "src\lxml\etree.pyx", line 1577, in lxml.etree._Element.xpath
  File "src\lxml\xpath.pxi", line 307, in lxml.etree.XPathElementEvaluator.__call__
  File "src\lxml\xpath.pxi", line 227, in lxml.etree._XPathEvaluatorBase._handle_result
lxml.etree.XPathEvalError: Invalid expression

During handling of the above exception, another exception occurred:

Traceback (most recent call last):
  File "G:\python46\python46\lib\site-packages\twisted\internet\defer.py", line 654, in _runCallbacks
    current.result = callback(current.result, *args, **kw)
  File "G:\python46\jobboss\jobboss\spiders\jobbosspider.py", line 19, in parse
    jobpostion=jobitem.xpath('.div/@class="job-primary"]/div[@class="info-primary"]/h3[@class="name"]/a/div[@class="job-title"]/text()')
  File "G:\python46\python46\lib\site-packages\parsel\selector.py", line 242, in xpath
    six.reraise(ValueError, ValueError(msg), sys.exc_info()[2])
  File "G:\python46\python46\lib\site-packages\six.py", line 692, in reraise
    raise value.with_traceback(tb)
  File "G:\python46\python46\lib\site-packages\parsel\selector.py", line 238, in xpath
    **kwargs)
  File "src\lxml\etree.pyx", line 1577, in lxml.etree._Element.xpath
  File "src\lxml\xpath.pxi", line 307, in lxml.etree.XPathElementEvaluator.__call__
  File "src\lxml\xpath.pxi", line 227, in lxml.etree._XPathEvaluatorBase._handle_result
ValueError: XPath error: Invalid expression in .div/@class="job-primary"]/div[@class="info-primary"]/h3[@class="name"]/a/div[@class="job-title"]/text()
2018-09-28 19:41:49 [scrapy.core.engine] INFO: Closing spider (finished)
2018-09-28 19:41:49 [scrapy.statscollectors] INFO: Dumping Scrapy stats:
{'downloader/request_bytes': 624,
 'downloader/request_count': 2,
 'downloader/request_method_count/GET': 2,
 'downloader/response_bytes': 23145,
 'downloader/response_count': 2,
 'downloader/response_status_count/200': 2,
 'finish_reason': 'finished',
 'finish_time': datetime.datetime(2018, 9, 28, 11, 41, 49, 58140),
 'log_count/ERROR': 1,
 'log_count/INFO': 8,
 'log_count/WARNING': 1,
 'response_received_count': 2,
 'scheduler/dequeued': 1,
 'scheduler/dequeued/memory': 1,
 'scheduler/enqueued': 1,
 'scheduler/enqueued/memory': 1,
 'spider_exceptions/ValueError': 1,
 'start_time': datetime.datetime(2018, 9, 28, 11, 41, 47, 931128)}
2018-09-28 19:41:49 [scrapy.core.engine] INFO: Spider closed (finished)
2018-09-28 19:42:59 [scrapy.utils.log] INFO: Scrapy 1.5.1 started (bot: jobboss)
2018-09-28 19:42:59 [scrapy.utils.log] INFO: Versions: lxml 4.2.4.0, libxml2 2.9.5, cssselect 1.0.3, parsel 1.5.0, w3lib 1.19.0, Twisted 18.7.0, Python 3.6.5 |Anaconda, Inc.| (default, Mar 29 2018, 13:32:41) [MSC v.1900 64 bit (AMD64)], pyOpenSSL 18.0.0 (OpenSSL 1.1.0i  14 Aug 2018), cryptography 2.3.1, Platform Windows-10-10.0.16299-SP0
2018-09-28 19:42:59 [scrapy.crawler] INFO: Overridden settings: {'BOT_NAME': 'jobboss', 'LOG_FILE': 'jobboss.log', 'LOG_LEVEL': 'INFO', 'NEWSPIDER_MODULE': 'jobboss.spiders', 'ROBOTSTXT_OBEY': True, 'SPIDER_MODULES': ['jobboss.spiders']}
2018-09-28 19:42:59 [scrapy.middleware] INFO: Enabled extensions:
['scrapy.extensions.corestats.CoreStats',
 'scrapy.extensions.telnet.TelnetConsole',
 'scrapy.extensions.logstats.LogStats']
2018-09-28 19:42:59 [py.warnings] WARNING: G:\python46\python46\lib\site-packages\scrapy\utils\deprecate.py:156: ScrapyDeprecationWarning: `scrapy.contrib.downloadermiddleware.useragent.UserAgentMiddleware` class is deprecated, use `scrapy.downloadermiddlewares.useragent.UserAgentMiddleware` instead
  ScrapyDeprecationWarning)

2018-09-28 19:43:00 [scrapy.middleware] INFO: Enabled downloader middlewares:
['scrapy.downloadermiddlewares.robotstxt.RobotsTxtMiddleware',
 'scrapy.downloadermiddlewares.httpauth.HttpAuthMiddleware',
 'scrapy.downloadermiddlewares.downloadtimeout.DownloadTimeoutMiddleware',
 'scrapy.downloadermiddlewares.defaultheaders.DefaultHeadersMiddleware',
 'jobboss.rotateuseragent.RotateUserAgentMiddleware',
 'jobboss.middlewares.JobbossDownloaderMiddleware',
 'scrapy.downloadermiddlewares.retry.RetryMiddleware',
 'scrapy.downloadermiddlewares.redirect.MetaRefreshMiddleware',
 'scrapy.downloadermiddlewares.httpcompression.HttpCompressionMiddleware',
 'scrapy.downloadermiddlewares.redirect.RedirectMiddleware',
 'scrapy.downloadermiddlewares.cookies.CookiesMiddleware',
 'scrapy.downloadermiddlewares.httpproxy.HttpProxyMiddleware',
 'scrapy.downloadermiddlewares.stats.DownloaderStats']
2018-09-28 19:43:00 [scrapy.middleware] INFO: Enabled spider middlewares:
['scrapy.spidermiddlewares.httperror.HttpErrorMiddleware',
 'scrapy.spidermiddlewares.offsite.OffsiteMiddleware',
 'scrapy.spidermiddlewares.referer.RefererMiddleware',
 'scrapy.spidermiddlewares.urllength.UrlLengthMiddleware',
 'scrapy.spidermiddlewares.depth.DepthMiddleware']
2018-09-28 19:43:00 [scrapy.middleware] INFO: Enabled item pipelines:
[]
2018-09-28 19:43:00 [scrapy.core.engine] INFO: Spider opened
2018-09-28 19:43:00 [scrapy.extensions.logstats] INFO: Crawled 0 pages (at 0 pages/min), scraped 0 items (at 0 items/min)
2018-09-28 19:43:00 [jobbosspider] INFO: Spider opened: jobbosspider
2018-09-28 19:43:12 [scrapy.core.scraper] ERROR: Spider error processing <GET https://www.zhipin.com/job_detail/?query=Python&scity=101010100&industry=&position=> (referer: None)
Traceback (most recent call last):
  File "G:\python46\python46\lib\site-packages\parsel\selector.py", line 238, in xpath
    **kwargs)
  File "src\lxml\etree.pyx", line 1577, in lxml.etree._Element.xpath
  File "src\lxml\xpath.pxi", line 307, in lxml.etree.XPathElementEvaluator.__call__
  File "src\lxml\xpath.pxi", line 227, in lxml.etree._XPathEvaluatorBase._handle_result
lxml.etree.XPathEvalError: Invalid expression

During handling of the above exception, another exception occurred:

Traceback (most recent call last):
  File "G:\python46\python46\lib\site-packages\twisted\internet\defer.py", line 654, in _runCallbacks
    current.result = callback(current.result, *args, **kw)
  File "G:\python46\jobboss\jobboss\spiders\jobbosspider.py", line 13, in parse
    tags=response.xpath('//h3[@class="name"]/a@href').extract()
  File "G:\python46\python46\lib\site-packages\scrapy\http\response\text.py", line 119, in xpath
    return self.selector.xpath(query, **kwargs)
  File "G:\python46\python46\lib\site-packages\parsel\selector.py", line 242, in xpath
    six.reraise(ValueError, ValueError(msg), sys.exc_info()[2])
  File "G:\python46\python46\lib\site-packages\six.py", line 692, in reraise
    raise value.with_traceback(tb)
  File "G:\python46\python46\lib\site-packages\parsel\selector.py", line 238, in xpath
    **kwargs)
  File "src\lxml\etree.pyx", line 1577, in lxml.etree._Element.xpath
  File "src\lxml\xpath.pxi", line 307, in lxml.etree.XPathElementEvaluator.__call__
  File "src\lxml\xpath.pxi", line 227, in lxml.etree._XPathEvaluatorBase._handle_result
ValueError: XPath error: Invalid expression in //h3[@class="name"]/a@href
2018-09-28 19:43:12 [scrapy.core.engine] INFO: Closing spider (finished)
2018-09-28 19:43:12 [scrapy.statscollectors] INFO: Dumping Scrapy stats:
{'downloader/request_bytes': 634,
 'downloader/request_count': 2,
 'downloader/request_method_count/GET': 2,
 'downloader/response_bytes': 23146,
 'downloader/response_count': 2,
 'downloader/response_status_count/200': 2,
 'finish_reason': 'finished',
 'finish_time': datetime.datetime(2018, 9, 28, 11, 43, 12, 755045),
 'log_count/ERROR': 1,
 'log_count/INFO': 8,
 'log_count/WARNING': 1,
 'response_received_count': 2,
 'scheduler/dequeued': 1,
 'scheduler/dequeued/memory': 1,
 'scheduler/enqueued': 1,
 'scheduler/enqueued/memory': 1,
 'spider_exceptions/ValueError': 1,
 'start_time': datetime.datetime(2018, 9, 28, 11, 43, 0, 194074)}
2018-09-28 19:43:12 [scrapy.core.engine] INFO: Spider closed (finished)
2018-09-28 19:48:57 [scrapy.utils.log] INFO: Scrapy 1.5.1 started (bot: jobboss)
2018-09-28 19:48:57 [scrapy.utils.log] INFO: Versions: lxml 4.2.4.0, libxml2 2.9.5, cssselect 1.0.3, parsel 1.5.0, w3lib 1.19.0, Twisted 18.7.0, Python 3.6.5 |Anaconda, Inc.| (default, Mar 29 2018, 13:32:41) [MSC v.1900 64 bit (AMD64)], pyOpenSSL 18.0.0 (OpenSSL 1.1.0i  14 Aug 2018), cryptography 2.3.1, Platform Windows-10-10.0.16299-SP0
2018-09-28 19:48:57 [scrapy.crawler] INFO: Overridden settings: {'BOT_NAME': 'jobboss', 'LOG_FILE': 'jobboss.log', 'LOG_LEVEL': 'INFO', 'NEWSPIDER_MODULE': 'jobboss.spiders', 'ROBOTSTXT_OBEY': True, 'SPIDER_MODULES': ['jobboss.spiders']}
2018-09-28 19:48:58 [scrapy.middleware] INFO: Enabled extensions:
['scrapy.extensions.corestats.CoreStats',
 'scrapy.extensions.telnet.TelnetConsole',
 'scrapy.extensions.logstats.LogStats']
2018-09-28 19:48:58 [py.warnings] WARNING: G:\python46\python46\lib\site-packages\scrapy\utils\deprecate.py:156: ScrapyDeprecationWarning: `scrapy.contrib.downloadermiddleware.useragent.UserAgentMiddleware` class is deprecated, use `scrapy.downloadermiddlewares.useragent.UserAgentMiddleware` instead
  ScrapyDeprecationWarning)

2018-09-28 19:48:58 [scrapy.middleware] INFO: Enabled downloader middlewares:
['scrapy.downloadermiddlewares.robotstxt.RobotsTxtMiddleware',
 'scrapy.downloadermiddlewares.httpauth.HttpAuthMiddleware',
 'scrapy.downloadermiddlewares.downloadtimeout.DownloadTimeoutMiddleware',
 'scrapy.downloadermiddlewares.defaultheaders.DefaultHeadersMiddleware',
 'jobboss.rotateuseragent.RotateUserAgentMiddleware',
 'jobboss.middlewares.JobbossDownloaderMiddleware',
 'scrapy.downloadermiddlewares.retry.RetryMiddleware',
 'scrapy.downloadermiddlewares.redirect.MetaRefreshMiddleware',
 'scrapy.downloadermiddlewares.httpcompression.HttpCompressionMiddleware',
 'scrapy.downloadermiddlewares.redirect.RedirectMiddleware',
 'scrapy.downloadermiddlewares.cookies.CookiesMiddleware',
 'scrapy.downloadermiddlewares.httpproxy.HttpProxyMiddleware',
 'scrapy.downloadermiddlewares.stats.DownloaderStats']
2018-09-28 19:48:58 [scrapy.middleware] INFO: Enabled spider middlewares:
['scrapy.spidermiddlewares.httperror.HttpErrorMiddleware',
 'scrapy.spidermiddlewares.offsite.OffsiteMiddleware',
 'scrapy.spidermiddlewares.referer.RefererMiddleware',
 'scrapy.spidermiddlewares.urllength.UrlLengthMiddleware',
 'scrapy.spidermiddlewares.depth.DepthMiddleware']
2018-09-28 19:48:58 [scrapy.middleware] INFO: Enabled item pipelines:
[]
2018-09-28 19:48:58 [scrapy.core.engine] INFO: Spider opened
2018-09-28 19:48:58 [scrapy.extensions.logstats] INFO: Crawled 0 pages (at 0 pages/min), scraped 0 items (at 0 items/min)
2018-09-28 19:48:58 [jobbosspider] INFO: Spider opened: jobbosspider
2018-09-28 19:49:11 [scrapy.core.scraper] ERROR: Spider error processing <GET https://www.zhipin.com/job_detail/?query=Python&scity=101010100&industry=&position=> (referer: None)
Traceback (most recent call last):
  File "G:\python46\python46\lib\site-packages\parsel\selector.py", line 238, in xpath
    **kwargs)
  File "src\lxml\etree.pyx", line 1577, in lxml.etree._Element.xpath
  File "src\lxml\xpath.pxi", line 307, in lxml.etree.XPathElementEvaluator.__call__
  File "src\lxml\xpath.pxi", line 227, in lxml.etree._XPathEvaluatorBase._handle_result
lxml.etree.XPathEvalError: Invalid expression

During handling of the above exception, another exception occurred:

Traceback (most recent call last):
  File "G:\python46\python46\lib\site-packages\twisted\internet\defer.py", line 654, in _runCallbacks
    current.result = callback(current.result, *args, **kw)
  File "G:\python46\jobboss\jobboss\spiders\jobbosspider.py", line 13, in parse
    tags=response.xpath('//h3[@class="name"]/a@href').extract()
  File "G:\python46\python46\lib\site-packages\scrapy\http\response\text.py", line 119, in xpath
    return self.selector.xpath(query, **kwargs)
  File "G:\python46\python46\lib\site-packages\parsel\selector.py", line 242, in xpath
    six.reraise(ValueError, ValueError(msg), sys.exc_info()[2])
  File "G:\python46\python46\lib\site-packages\six.py", line 692, in reraise
    raise value.with_traceback(tb)
  File "G:\python46\python46\lib\site-packages\parsel\selector.py", line 238, in xpath
    **kwargs)
  File "src\lxml\etree.pyx", line 1577, in lxml.etree._Element.xpath
  File "src\lxml\xpath.pxi", line 307, in lxml.etree.XPathElementEvaluator.__call__
  File "src\lxml\xpath.pxi", line 227, in lxml.etree._XPathEvaluatorBase._handle_result
ValueError: XPath error: Invalid expression in //h3[@class="name"]/a@href
2018-09-28 19:49:11 [scrapy.core.engine] INFO: Closing spider (finished)
2018-09-28 19:49:11 [scrapy.statscollectors] INFO: Dumping Scrapy stats:
{'downloader/request_bytes': 625,
 'downloader/request_count': 2,
 'downloader/request_method_count/GET': 2,
 'downloader/response_bytes': 23146,
 'downloader/response_count': 2,
 'downloader/response_status_count/200': 2,
 'finish_reason': 'finished',
 'finish_time': datetime.datetime(2018, 9, 28, 11, 49, 11, 864371),
 'log_count/ERROR': 1,
 'log_count/INFO': 8,
 'log_count/WARNING': 1,
 'response_received_count': 2,
 'scheduler/dequeued': 1,
 'scheduler/dequeued/memory': 1,
 'scheduler/enqueued': 1,
 'scheduler/enqueued/memory': 1,
 'spider_exceptions/ValueError': 1,
 'start_time': datetime.datetime(2018, 9, 28, 11, 48, 58, 682233)}
2018-09-28 19:49:11 [scrapy.core.engine] INFO: Spider closed (finished)
2018-09-28 19:51:51 [scrapy.utils.log] INFO: Scrapy 1.5.1 started (bot: jobboss)
2018-09-28 19:51:51 [scrapy.utils.log] INFO: Versions: lxml 4.2.4.0, libxml2 2.9.5, cssselect 1.0.3, parsel 1.5.0, w3lib 1.19.0, Twisted 18.7.0, Python 3.6.5 |Anaconda, Inc.| (default, Mar 29 2018, 13:32:41) [MSC v.1900 64 bit (AMD64)], pyOpenSSL 18.0.0 (OpenSSL 1.1.0i  14 Aug 2018), cryptography 2.3.1, Platform Windows-10-10.0.16299-SP0
2018-09-28 19:51:51 [scrapy.crawler] INFO: Overridden settings: {'BOT_NAME': 'jobboss', 'LOG_FILE': 'jobboss.log', 'LOG_LEVEL': 'INFO', 'NEWSPIDER_MODULE': 'jobboss.spiders', 'ROBOTSTXT_OBEY': True, 'SPIDER_MODULES': ['jobboss.spiders']}
2018-09-28 19:51:51 [scrapy.middleware] INFO: Enabled extensions:
['scrapy.extensions.corestats.CoreStats',
 'scrapy.extensions.telnet.TelnetConsole',
 'scrapy.extensions.logstats.LogStats']
2018-09-28 19:51:51 [py.warnings] WARNING: G:\python46\python46\lib\site-packages\scrapy\utils\deprecate.py:156: ScrapyDeprecationWarning: `scrapy.contrib.downloadermiddleware.useragent.UserAgentMiddleware` class is deprecated, use `scrapy.downloadermiddlewares.useragent.UserAgentMiddleware` instead
  ScrapyDeprecationWarning)

2018-09-28 19:51:51 [scrapy.middleware] INFO: Enabled downloader middlewares:
['scrapy.downloadermiddlewares.robotstxt.RobotsTxtMiddleware',
 'scrapy.downloadermiddlewares.httpauth.HttpAuthMiddleware',
 'scrapy.downloadermiddlewares.downloadtimeout.DownloadTimeoutMiddleware',
 'scrapy.downloadermiddlewares.defaultheaders.DefaultHeadersMiddleware',
 'jobboss.rotateuseragent.RotateUserAgentMiddleware',
 'jobboss.middlewares.JobbossDownloaderMiddleware',
 'scrapy.downloadermiddlewares.retry.RetryMiddleware',
 'scrapy.downloadermiddlewares.redirect.MetaRefreshMiddleware',
 'scrapy.downloadermiddlewares.httpcompression.HttpCompressionMiddleware',
 'scrapy.downloadermiddlewares.redirect.RedirectMiddleware',
 'scrapy.downloadermiddlewares.cookies.CookiesMiddleware',
 'scrapy.downloadermiddlewares.httpproxy.HttpProxyMiddleware',
 'scrapy.downloadermiddlewares.stats.DownloaderStats']
2018-09-28 19:51:51 [scrapy.middleware] INFO: Enabled spider middlewares:
['scrapy.spidermiddlewares.httperror.HttpErrorMiddleware',
 'scrapy.spidermiddlewares.offsite.OffsiteMiddleware',
 'scrapy.spidermiddlewares.referer.RefererMiddleware',
 'scrapy.spidermiddlewares.urllength.UrlLengthMiddleware',
 'scrapy.spidermiddlewares.depth.DepthMiddleware']
2018-09-28 19:51:51 [scrapy.middleware] INFO: Enabled item pipelines:
[]
2018-09-28 19:51:51 [scrapy.core.engine] INFO: Spider opened
2018-09-28 19:51:51 [scrapy.extensions.logstats] INFO: Crawled 0 pages (at 0 pages/min), scraped 0 items (at 0 items/min)
2018-09-28 19:51:51 [jobbosspider] INFO: Spider opened: jobbosspider
2018-09-28 19:52:04 [scrapy.core.scraper] ERROR: Spider error processing <GET https://www.zhipin.com/job_detail/?query=Python&scity=101010100&industry=&position=> (referer: None)
Traceback (most recent call last):
  File "G:\python46\python46\lib\site-packages\parsel\selector.py", line 238, in xpath
    **kwargs)
  File "src\lxml\etree.pyx", line 1577, in lxml.etree._Element.xpath
  File "src\lxml\xpath.pxi", line 307, in lxml.etree.XPathElementEvaluator.__call__
  File "src\lxml\xpath.pxi", line 227, in lxml.etree._XPathEvaluatorBase._handle_result
lxml.etree.XPathEvalError: Invalid expression

During handling of the above exception, another exception occurred:

Traceback (most recent call last):
  File "G:\python46\python46\lib\site-packages\scrapy\utils\defer.py", line 102, in iter_errback
    yield next(it)
  File "G:\python46\python46\lib\site-packages\scrapy\spidermiddlewares\offsite.py", line 30, in process_spider_output
    for x in result:
  File "G:\python46\python46\lib\site-packages\scrapy\spidermiddlewares\referer.py", line 339, in <genexpr>
    return (_set_referer(r) for r in result or ())
  File "G:\python46\python46\lib\site-packages\scrapy\spidermiddlewares\urllength.py", line 37, in <genexpr>
    return (r for r in result or () if _filter(r))
  File "G:\python46\python46\lib\site-packages\scrapy\spidermiddlewares\depth.py", line 58, in <genexpr>
    return (r for r in result or () if _filter(r))
  File "G:\python46\jobboss\jobboss\spiders\jobbosspider.py", line 13, in parse
    tags=response.xpath('//h3[@class="name"]/a@href').extract()
  File "G:\python46\python46\lib\site-packages\scrapy\http\response\text.py", line 119, in xpath
    return self.selector.xpath(query, **kwargs)
  File "G:\python46\python46\lib\site-packages\parsel\selector.py", line 242, in xpath
    six.reraise(ValueError, ValueError(msg), sys.exc_info()[2])
  File "G:\python46\python46\lib\site-packages\six.py", line 692, in reraise
    raise value.with_traceback(tb)
  File "G:\python46\python46\lib\site-packages\parsel\selector.py", line 238, in xpath
    **kwargs)
  File "src\lxml\etree.pyx", line 1577, in lxml.etree._Element.xpath
  File "src\lxml\xpath.pxi", line 307, in lxml.etree.XPathElementEvaluator.__call__
  File "src\lxml\xpath.pxi", line 227, in lxml.etree._XPathEvaluatorBase._handle_result
ValueError: XPath error: Invalid expression in //h3[@class="name"]/a@href
2018-09-28 19:52:04 [scrapy.core.engine] INFO: Closing spider (finished)
2018-09-28 19:52:04 [scrapy.statscollectors] INFO: Dumping Scrapy stats:
{'downloader/request_bytes': 639,
 'downloader/request_count': 2,
 'downloader/request_method_count/GET': 2,
 'downloader/response_bytes': 23147,
 'downloader/response_count': 2,
 'downloader/response_status_count/200': 2,
 'finish_reason': 'finished',
 'finish_time': datetime.datetime(2018, 9, 28, 11, 52, 4, 561258),
 'log_count/ERROR': 1,
 'log_count/INFO': 8,
 'log_count/WARNING': 1,
 'response_received_count': 2,
 'scheduler/dequeued': 1,
 'scheduler/dequeued/memory': 1,
 'scheduler/enqueued': 1,
 'scheduler/enqueued/memory': 1,
 'spider_exceptions/ValueError': 1,
 'start_time': datetime.datetime(2018, 9, 28, 11, 51, 51, 988516)}
2018-09-28 19:52:04 [scrapy.core.engine] INFO: Spider closed (finished)
2018-09-28 19:53:28 [scrapy.utils.log] INFO: Scrapy 1.5.1 started (bot: jobboss)
2018-09-28 19:53:28 [scrapy.utils.log] INFO: Versions: lxml 4.2.4.0, libxml2 2.9.5, cssselect 1.0.3, parsel 1.5.0, w3lib 1.19.0, Twisted 18.7.0, Python 3.6.5 |Anaconda, Inc.| (default, Mar 29 2018, 13:32:41) [MSC v.1900 64 bit (AMD64)], pyOpenSSL 18.0.0 (OpenSSL 1.1.0i  14 Aug 2018), cryptography 2.3.1, Platform Windows-10-10.0.16299-SP0
2018-09-28 19:53:28 [scrapy.crawler] INFO: Overridden settings: {'BOT_NAME': 'jobboss', 'LOG_FILE': 'jobboss.log', 'LOG_LEVEL': 'INFO', 'NEWSPIDER_MODULE': 'jobboss.spiders', 'ROBOTSTXT_OBEY': True, 'SPIDER_MODULES': ['jobboss.spiders']}
2018-09-28 19:53:28 [scrapy.middleware] INFO: Enabled extensions:
['scrapy.extensions.corestats.CoreStats',
 'scrapy.extensions.telnet.TelnetConsole',
 'scrapy.extensions.logstats.LogStats']
2018-09-28 19:53:28 [py.warnings] WARNING: G:\python46\python46\lib\site-packages\scrapy\utils\deprecate.py:156: ScrapyDeprecationWarning: `scrapy.contrib.downloadermiddleware.useragent.UserAgentMiddleware` class is deprecated, use `scrapy.downloadermiddlewares.useragent.UserAgentMiddleware` instead
  ScrapyDeprecationWarning)

2018-09-28 19:53:28 [scrapy.middleware] INFO: Enabled downloader middlewares:
['scrapy.downloadermiddlewares.robotstxt.RobotsTxtMiddleware',
 'scrapy.downloadermiddlewares.httpauth.HttpAuthMiddleware',
 'scrapy.downloadermiddlewares.downloadtimeout.DownloadTimeoutMiddleware',
 'scrapy.downloadermiddlewares.defaultheaders.DefaultHeadersMiddleware',
 'jobboss.rotateuseragent.RotateUserAgentMiddleware',
 'jobboss.middlewares.JobbossDownloaderMiddleware',
 'scrapy.downloadermiddlewares.retry.RetryMiddleware',
 'scrapy.downloadermiddlewares.redirect.MetaRefreshMiddleware',
 'scrapy.downloadermiddlewares.httpcompression.HttpCompressionMiddleware',
 'scrapy.downloadermiddlewares.redirect.RedirectMiddleware',
 'scrapy.downloadermiddlewares.cookies.CookiesMiddleware',
 'scrapy.downloadermiddlewares.httpproxy.HttpProxyMiddleware',
 'scrapy.downloadermiddlewares.stats.DownloaderStats']
2018-09-28 19:53:28 [scrapy.middleware] INFO: Enabled spider middlewares:
['scrapy.spidermiddlewares.httperror.HttpErrorMiddleware',
 'scrapy.spidermiddlewares.offsite.OffsiteMiddleware',
 'scrapy.spidermiddlewares.referer.RefererMiddleware',
 'scrapy.spidermiddlewares.urllength.UrlLengthMiddleware',
 'scrapy.spidermiddlewares.depth.DepthMiddleware']
2018-09-28 19:53:28 [scrapy.middleware] INFO: Enabled item pipelines:
[]
2018-09-28 19:53:28 [scrapy.core.engine] INFO: Spider opened
2018-09-28 19:53:28 [scrapy.extensions.logstats] INFO: Crawled 0 pages (at 0 pages/min), scraped 0 items (at 0 items/min)
2018-09-28 19:53:28 [jobbosspider] INFO: Spider opened: jobbosspider
2018-09-28 19:53:29 [scrapy.core.scraper] ERROR: Spider error processing <GET https://www.zhipin.com/c100010000/h_100010000/?query=Python&page=> (referer: None)
Traceback (most recent call last):
  File "G:\python46\python46\lib\site-packages\scrapy\utils\defer.py", line 102, in iter_errback
    yield next(it)
  File "G:\python46\python46\lib\site-packages\scrapy\spidermiddlewares\offsite.py", line 30, in process_spider_output
    for x in result:
  File "G:\python46\python46\lib\site-packages\scrapy\spidermiddlewares\referer.py", line 339, in <genexpr>
    return (_set_referer(r) for r in result or ())
  File "G:\python46\python46\lib\site-packages\scrapy\spidermiddlewares\urllength.py", line 37, in <genexpr>
    return (r for r in result or () if _filter(r))
  File "G:\python46\python46\lib\site-packages\scrapy\spidermiddlewares\depth.py", line 58, in <genexpr>
    return (r for r in result or () if _filter(r))
  File "G:\python46\jobboss\jobboss\spiders\jobbosspider.py", line 21, in parse
    item['company_name'] = node.css('.company-text > h3 > a::text').extract_first("")
  File "G:\python46\python46\lib\site-packages\scrapy\item.py", line 66, in __setitem__
    (self.__class__.__name__, key))
KeyError: 'JobbossItem does not support field: company_name'
2018-09-28 19:53:29 [scrapy.core.engine] INFO: Closing spider (finished)
2018-09-28 19:53:29 [scrapy.statscollectors] INFO: Dumping Scrapy stats:
{'downloader/request_bytes': 606,
 'downloader/request_count': 2,
 'downloader/request_method_count/GET': 2,
 'downloader/response_bytes': 18361,
 'downloader/response_count': 2,
 'downloader/response_status_count/200': 2,
 'finish_reason': 'finished',
 'finish_time': datetime.datetime(2018, 9, 28, 11, 53, 29, 187678),
 'log_count/ERROR': 1,
 'log_count/INFO': 8,
 'log_count/WARNING': 1,
 'response_received_count': 2,
 'scheduler/dequeued': 1,
 'scheduler/dequeued/memory': 1,
 'scheduler/enqueued': 1,
 'scheduler/enqueued/memory': 1,
 'spider_exceptions/KeyError': 1,
 'start_time': datetime.datetime(2018, 9, 28, 11, 53, 28, 773966)}
2018-09-28 19:53:29 [scrapy.core.engine] INFO: Spider closed (finished)
2018-09-28 19:53:51 [scrapy.utils.log] INFO: Scrapy 1.5.1 started (bot: jobboss)
2018-09-28 19:53:51 [scrapy.utils.log] INFO: Versions: lxml 4.2.4.0, libxml2 2.9.5, cssselect 1.0.3, parsel 1.5.0, w3lib 1.19.0, Twisted 18.7.0, Python 3.6.5 |Anaconda, Inc.| (default, Mar 29 2018, 13:32:41) [MSC v.1900 64 bit (AMD64)], pyOpenSSL 18.0.0 (OpenSSL 1.1.0i  14 Aug 2018), cryptography 2.3.1, Platform Windows-10-10.0.16299-SP0
2018-09-28 19:53:51 [scrapy.crawler] INFO: Overridden settings: {'BOT_NAME': 'jobboss', 'LOG_FILE': 'jobboss.log', 'LOG_LEVEL': 'INFO', 'NEWSPIDER_MODULE': 'jobboss.spiders', 'ROBOTSTXT_OBEY': True, 'SPIDER_MODULES': ['jobboss.spiders']}
2018-09-28 19:53:51 [scrapy.middleware] INFO: Enabled extensions:
['scrapy.extensions.corestats.CoreStats',
 'scrapy.extensions.telnet.TelnetConsole',
 'scrapy.extensions.logstats.LogStats']
2018-09-28 19:53:51 [py.warnings] WARNING: G:\python46\python46\lib\site-packages\scrapy\utils\deprecate.py:156: ScrapyDeprecationWarning: `scrapy.contrib.downloadermiddleware.useragent.UserAgentMiddleware` class is deprecated, use `scrapy.downloadermiddlewares.useragent.UserAgentMiddleware` instead
  ScrapyDeprecationWarning)

2018-09-28 19:53:51 [scrapy.middleware] INFO: Enabled downloader middlewares:
['scrapy.downloadermiddlewares.robotstxt.RobotsTxtMiddleware',
 'scrapy.downloadermiddlewares.httpauth.HttpAuthMiddleware',
 'scrapy.downloadermiddlewares.downloadtimeout.DownloadTimeoutMiddleware',
 'scrapy.downloadermiddlewares.defaultheaders.DefaultHeadersMiddleware',
 'jobboss.rotateuseragent.RotateUserAgentMiddleware',
 'jobboss.middlewares.JobbossDownloaderMiddleware',
 'scrapy.downloadermiddlewares.retry.RetryMiddleware',
 'scrapy.downloadermiddlewares.redirect.MetaRefreshMiddleware',
 'scrapy.downloadermiddlewares.httpcompression.HttpCompressionMiddleware',
 'scrapy.downloadermiddlewares.redirect.RedirectMiddleware',
 'scrapy.downloadermiddlewares.cookies.CookiesMiddleware',
 'scrapy.downloadermiddlewares.httpproxy.HttpProxyMiddleware',
 'scrapy.downloadermiddlewares.stats.DownloaderStats']
2018-09-28 19:53:51 [scrapy.middleware] INFO: Enabled spider middlewares:
['scrapy.spidermiddlewares.httperror.HttpErrorMiddleware',
 'scrapy.spidermiddlewares.offsite.OffsiteMiddleware',
 'scrapy.spidermiddlewares.referer.RefererMiddleware',
 'scrapy.spidermiddlewares.urllength.UrlLengthMiddleware',
 'scrapy.spidermiddlewares.depth.DepthMiddleware']
2018-09-28 19:53:51 [scrapy.middleware] INFO: Enabled item pipelines:
[]
2018-09-28 19:53:51 [scrapy.core.engine] INFO: Spider opened
2018-09-28 19:53:51 [scrapy.extensions.logstats] INFO: Crawled 0 pages (at 0 pages/min), scraped 0 items (at 0 items/min)
2018-09-28 19:53:51 [jobbosspider] INFO: Spider opened: jobbosspider
2018-09-28 19:53:52 [scrapy.core.scraper] ERROR: Spider error processing <GET https://www.zhipin.com/c100010000/h_100010000/?query=Python&page=> (referer: None)
Traceback (most recent call last):
  File "G:\python46\python46\lib\site-packages\scrapy\utils\defer.py", line 102, in iter_errback
    yield next(it)
  File "G:\python46\python46\lib\site-packages\scrapy\spidermiddlewares\offsite.py", line 30, in process_spider_output
    for x in result:
  File "G:\python46\python46\lib\site-packages\scrapy\spidermiddlewares\referer.py", line 339, in <genexpr>
    return (_set_referer(r) for r in result or ())
  File "G:\python46\python46\lib\site-packages\scrapy\spidermiddlewares\urllength.py", line 37, in <genexpr>
    return (r for r in result or () if _filter(r))
  File "G:\python46\python46\lib\site-packages\scrapy\spidermiddlewares\depth.py", line 58, in <genexpr>
    return (r for r in result or () if _filter(r))
  File "G:\python46\jobboss\jobboss\spiders\jobbosspider.py", line 21, in parse
    item['company_name'] = node.css('.company-text > h3 > a::text').extract_first("")
  File "G:\python46\python46\lib\site-packages\scrapy\item.py", line 66, in __setitem__
    (self.__class__.__name__, key))
KeyError: 'JobbossItem does not support field: company_name'
2018-09-28 19:53:52 [scrapy.core.engine] INFO: Closing spider (finished)
2018-09-28 19:53:52 [scrapy.statscollectors] INFO: Dumping Scrapy stats:
{'downloader/request_bytes': 616,
 'downloader/request_count': 2,
 'downloader/request_method_count/GET': 2,
 'downloader/response_bytes': 18362,
 'downloader/response_count': 2,
 'downloader/response_status_count/200': 2,
 'finish_reason': 'finished',
 'finish_time': datetime.datetime(2018, 9, 28, 11, 53, 52, 765445),
 'log_count/ERROR': 1,
 'log_count/INFO': 8,
 'log_count/WARNING': 1,
 'response_received_count': 2,
 'scheduler/dequeued': 1,
 'scheduler/dequeued/memory': 1,
 'scheduler/enqueued': 1,
 'scheduler/enqueued/memory': 1,
 'spider_exceptions/KeyError': 1,
 'start_time': datetime.datetime(2018, 9, 28, 11, 53, 51, 942451)}
2018-09-28 19:53:52 [scrapy.core.engine] INFO: Spider closed (finished)
2018-09-28 19:54:11 [scrapy.utils.log] INFO: Scrapy 1.5.1 started (bot: jobboss)
2018-09-28 19:54:11 [scrapy.utils.log] INFO: Versions: lxml 4.2.4.0, libxml2 2.9.5, cssselect 1.0.3, parsel 1.5.0, w3lib 1.19.0, Twisted 18.7.0, Python 3.6.5 |Anaconda, Inc.| (default, Mar 29 2018, 13:32:41) [MSC v.1900 64 bit (AMD64)], pyOpenSSL 18.0.0 (OpenSSL 1.1.0i  14 Aug 2018), cryptography 2.3.1, Platform Windows-10-10.0.16299-SP0
2018-09-28 19:54:11 [scrapy.crawler] INFO: Overridden settings: {'BOT_NAME': 'jobboss', 'LOG_FILE': 'jobboss.log', 'LOG_LEVEL': 'INFO', 'NEWSPIDER_MODULE': 'jobboss.spiders', 'ROBOTSTXT_OBEY': True, 'SPIDER_MODULES': ['jobboss.spiders']}
2018-09-28 19:54:11 [scrapy.middleware] INFO: Enabled extensions:
['scrapy.extensions.corestats.CoreStats',
 'scrapy.extensions.telnet.TelnetConsole',
 'scrapy.extensions.logstats.LogStats']
2018-09-28 19:54:11 [py.warnings] WARNING: G:\python46\python46\lib\site-packages\scrapy\utils\deprecate.py:156: ScrapyDeprecationWarning: `scrapy.contrib.downloadermiddleware.useragent.UserAgentMiddleware` class is deprecated, use `scrapy.downloadermiddlewares.useragent.UserAgentMiddleware` instead
  ScrapyDeprecationWarning)

2018-09-28 19:54:12 [scrapy.middleware] INFO: Enabled downloader middlewares:
['scrapy.downloadermiddlewares.robotstxt.RobotsTxtMiddleware',
 'scrapy.downloadermiddlewares.httpauth.HttpAuthMiddleware',
 'scrapy.downloadermiddlewares.downloadtimeout.DownloadTimeoutMiddleware',
 'scrapy.downloadermiddlewares.defaultheaders.DefaultHeadersMiddleware',
 'jobboss.rotateuseragent.RotateUserAgentMiddleware',
 'jobboss.middlewares.JobbossDownloaderMiddleware',
 'scrapy.downloadermiddlewares.retry.RetryMiddleware',
 'scrapy.downloadermiddlewares.redirect.MetaRefreshMiddleware',
 'scrapy.downloadermiddlewares.httpcompression.HttpCompressionMiddleware',
 'scrapy.downloadermiddlewares.redirect.RedirectMiddleware',
 'scrapy.downloadermiddlewares.cookies.CookiesMiddleware',
 'scrapy.downloadermiddlewares.httpproxy.HttpProxyMiddleware',
 'scrapy.downloadermiddlewares.stats.DownloaderStats']
2018-09-28 19:54:12 [scrapy.middleware] INFO: Enabled spider middlewares:
['scrapy.spidermiddlewares.httperror.HttpErrorMiddleware',
 'scrapy.spidermiddlewares.offsite.OffsiteMiddleware',
 'scrapy.spidermiddlewares.referer.RefererMiddleware',
 'scrapy.spidermiddlewares.urllength.UrlLengthMiddleware',
 'scrapy.spidermiddlewares.depth.DepthMiddleware']
2018-09-28 19:54:12 [scrapy.middleware] INFO: Enabled item pipelines:
[]
2018-09-28 19:54:12 [scrapy.core.engine] INFO: Spider opened
2018-09-28 19:54:12 [scrapy.extensions.logstats] INFO: Crawled 0 pages (at 0 pages/min), scraped 0 items (at 0 items/min)
2018-09-28 19:54:12 [jobbosspider] INFO: Spider opened: jobbosspider
2018-09-28 19:54:24 [scrapy.core.scraper] ERROR: Spider error processing <GET https://www.zhipin.com/job_detail/?query=Python&scity=101010100&industry=&position=> (referer: None)
Traceback (most recent call last):
  File "G:\python46\python46\lib\site-packages\scrapy\utils\defer.py", line 102, in iter_errback
    yield next(it)
  File "G:\python46\python46\lib\site-packages\scrapy\spidermiddlewares\offsite.py", line 30, in process_spider_output
    for x in result:
  File "G:\python46\python46\lib\site-packages\scrapy\spidermiddlewares\referer.py", line 339, in <genexpr>
    return (_set_referer(r) for r in result or ())
  File "G:\python46\python46\lib\site-packages\scrapy\spidermiddlewares\urllength.py", line 37, in <genexpr>
    return (r for r in result or () if _filter(r))
  File "G:\python46\python46\lib\site-packages\scrapy\spidermiddlewares\depth.py", line 58, in <genexpr>
    return (r for r in result or () if _filter(r))
  File "G:\python46\jobboss\jobboss\spiders\jobbosspider.py", line 21, in parse
    item['company_name'] = node.css('.company-text > h3 > a::text').extract_first("")
  File "G:\python46\python46\lib\site-packages\scrapy\item.py", line 66, in __setitem__
    (self.__class__.__name__, key))
KeyError: 'JobbossItem does not support field: company_name'
2018-09-28 19:54:24 [scrapy.core.engine] INFO: Closing spider (finished)
2018-09-28 19:54:24 [scrapy.statscollectors] INFO: Dumping Scrapy stats:
{'downloader/request_bytes': 750,
 'downloader/request_count': 2,
 'downloader/request_method_count/GET': 2,
 'downloader/response_bytes': 23146,
 'downloader/response_count': 2,
 'downloader/response_status_count/200': 2,
 'finish_reason': 'finished',
 'finish_time': datetime.datetime(2018, 9, 28, 11, 54, 24, 917120),
 'log_count/ERROR': 1,
 'log_count/INFO': 8,
 'log_count/WARNING': 1,
 'response_received_count': 2,
 'scheduler/dequeued': 1,
 'scheduler/dequeued/memory': 1,
 'scheduler/enqueued': 1,
 'scheduler/enqueued/memory': 1,
 'spider_exceptions/KeyError': 1,
 'start_time': datetime.datetime(2018, 9, 28, 11, 54, 12, 325535)}
2018-09-28 19:54:24 [scrapy.core.engine] INFO: Spider closed (finished)
2018-09-28 20:04:13 [scrapy.utils.log] INFO: Scrapy 1.5.1 started (bot: jobboss)
2018-09-28 20:04:13 [scrapy.utils.log] INFO: Versions: lxml 4.2.4.0, libxml2 2.9.5, cssselect 1.0.3, parsel 1.5.0, w3lib 1.19.0, Twisted 18.7.0, Python 3.6.5 |Anaconda, Inc.| (default, Mar 29 2018, 13:32:41) [MSC v.1900 64 bit (AMD64)], pyOpenSSL 18.0.0 (OpenSSL 1.1.0i  14 Aug 2018), cryptography 2.3.1, Platform Windows-10-10.0.16299-SP0
2018-09-28 20:04:13 [scrapy.crawler] INFO: Overridden settings: {'BOT_NAME': 'jobboss', 'LOG_FILE': 'jobboss.log', 'LOG_LEVEL': 'INFO', 'NEWSPIDER_MODULE': 'jobboss.spiders', 'ROBOTSTXT_OBEY': True, 'SPIDER_MODULES': ['jobboss.spiders']}
2018-09-28 20:04:13 [scrapy.middleware] INFO: Enabled extensions:
['scrapy.extensions.corestats.CoreStats',
 'scrapy.extensions.telnet.TelnetConsole',
 'scrapy.extensions.logstats.LogStats']
2018-09-28 20:04:13 [py.warnings] WARNING: G:\python46\python46\lib\site-packages\scrapy\utils\deprecate.py:156: ScrapyDeprecationWarning: `scrapy.contrib.downloadermiddleware.useragent.UserAgentMiddleware` class is deprecated, use `scrapy.downloadermiddlewares.useragent.UserAgentMiddleware` instead
  ScrapyDeprecationWarning)

2018-09-28 20:04:14 [scrapy.middleware] INFO: Enabled downloader middlewares:
['scrapy.downloadermiddlewares.robotstxt.RobotsTxtMiddleware',
 'scrapy.downloadermiddlewares.httpauth.HttpAuthMiddleware',
 'scrapy.downloadermiddlewares.downloadtimeout.DownloadTimeoutMiddleware',
 'scrapy.downloadermiddlewares.defaultheaders.DefaultHeadersMiddleware',
 'jobboss.rotateuseragent.RotateUserAgentMiddleware',
 'jobboss.middlewares.JobbossDownloaderMiddleware',
 'scrapy.downloadermiddlewares.retry.RetryMiddleware',
 'scrapy.downloadermiddlewares.redirect.MetaRefreshMiddleware',
 'scrapy.downloadermiddlewares.httpcompression.HttpCompressionMiddleware',
 'scrapy.downloadermiddlewares.redirect.RedirectMiddleware',
 'scrapy.downloadermiddlewares.cookies.CookiesMiddleware',
 'scrapy.downloadermiddlewares.httpproxy.HttpProxyMiddleware',
 'scrapy.downloadermiddlewares.stats.DownloaderStats']
2018-09-28 20:04:14 [scrapy.middleware] INFO: Enabled spider middlewares:
['scrapy.spidermiddlewares.httperror.HttpErrorMiddleware',
 'scrapy.spidermiddlewares.offsite.OffsiteMiddleware',
 'scrapy.spidermiddlewares.referer.RefererMiddleware',
 'scrapy.spidermiddlewares.urllength.UrlLengthMiddleware',
 'scrapy.spidermiddlewares.depth.DepthMiddleware']
2018-09-28 20:04:14 [scrapy.middleware] INFO: Enabled item pipelines:
['jobboss.pipelines.JobbossPipeline']
2018-09-28 20:04:14 [scrapy.core.engine] INFO: Spider opened
2018-09-28 20:04:14 [scrapy.extensions.logstats] INFO: Crawled 0 pages (at 0 pages/min), scraped 0 items (at 0 items/min)
2018-09-28 20:04:14 [jobbosspider] INFO: Spider opened: jobbosspider
2018-09-28 20:04:30 [scrapy.core.engine] INFO: Closing spider (finished)
2018-09-28 20:04:30 [scrapy.statscollectors] INFO: Dumping Scrapy stats:
{'downloader/request_bytes': 6182,
 'downloader/request_count': 11,
 'downloader/request_method_count/GET': 11,
 'downloader/response_bytes': 222991,
 'downloader/response_count': 11,
 'downloader/response_status_count/200': 11,
 'dupefilter/filtered': 260,
 'finish_reason': 'finished',
 'finish_time': datetime.datetime(2018, 9, 28, 12, 4, 30, 332240),
 'item_scraped_count': 299,
 'log_count/INFO': 8,
 'log_count/WARNING': 1,
 'request_depth_max': 9,
 'response_received_count': 11,
 'scheduler/dequeued': 10,
 'scheduler/dequeued/memory': 10,
 'scheduler/enqueued': 10,
 'scheduler/enqueued/memory': 10,
 'start_time': datetime.datetime(2018, 9, 28, 12, 4, 14, 295985)}
2018-09-28 20:04:30 [scrapy.core.engine] INFO: Spider closed (finished)
2018-09-28 20:04:49 [scrapy.utils.log] INFO: Scrapy 1.5.1 started (bot: jobboss)
2018-09-28 20:04:49 [scrapy.utils.log] INFO: Versions: lxml 4.2.4.0, libxml2 2.9.5, cssselect 1.0.3, parsel 1.5.0, w3lib 1.19.0, Twisted 18.7.0, Python 3.6.5 |Anaconda, Inc.| (default, Mar 29 2018, 13:32:41) [MSC v.1900 64 bit (AMD64)], pyOpenSSL 18.0.0 (OpenSSL 1.1.0i  14 Aug 2018), cryptography 2.3.1, Platform Windows-10-10.0.16299-SP0
2018-09-28 20:04:49 [scrapy.crawler] INFO: Overridden settings: {'BOT_NAME': 'jobboss', 'LOG_FILE': 'jobboss.log', 'LOG_LEVEL': 'INFO', 'NEWSPIDER_MODULE': 'jobboss.spiders', 'ROBOTSTXT_OBEY': True, 'SPIDER_MODULES': ['jobboss.spiders']}
2018-09-28 20:04:49 [scrapy.middleware] INFO: Enabled extensions:
['scrapy.extensions.corestats.CoreStats',
 'scrapy.extensions.telnet.TelnetConsole',
 'scrapy.extensions.logstats.LogStats']
2018-09-28 20:04:49 [py.warnings] WARNING: G:\python46\python46\lib\site-packages\scrapy\utils\deprecate.py:156: ScrapyDeprecationWarning: `scrapy.contrib.downloadermiddleware.useragent.UserAgentMiddleware` class is deprecated, use `scrapy.downloadermiddlewares.useragent.UserAgentMiddleware` instead
  ScrapyDeprecationWarning)

2018-09-28 20:04:50 [scrapy.middleware] INFO: Enabled downloader middlewares:
['scrapy.downloadermiddlewares.robotstxt.RobotsTxtMiddleware',
 'scrapy.downloadermiddlewares.httpauth.HttpAuthMiddleware',
 'scrapy.downloadermiddlewares.downloadtimeout.DownloadTimeoutMiddleware',
 'scrapy.downloadermiddlewares.defaultheaders.DefaultHeadersMiddleware',
 'jobboss.rotateuseragent.RotateUserAgentMiddleware',
 'jobboss.middlewares.JobbossDownloaderMiddleware',
 'scrapy.downloadermiddlewares.retry.RetryMiddleware',
 'scrapy.downloadermiddlewares.redirect.MetaRefreshMiddleware',
 'scrapy.downloadermiddlewares.httpcompression.HttpCompressionMiddleware',
 'scrapy.downloadermiddlewares.redirect.RedirectMiddleware',
 'scrapy.downloadermiddlewares.cookies.CookiesMiddleware',
 'scrapy.downloadermiddlewares.httpproxy.HttpProxyMiddleware',
 'scrapy.downloadermiddlewares.stats.DownloaderStats']
2018-09-28 20:04:50 [scrapy.middleware] INFO: Enabled spider middlewares:
['scrapy.spidermiddlewares.httperror.HttpErrorMiddleware',
 'scrapy.spidermiddlewares.offsite.OffsiteMiddleware',
 'scrapy.spidermiddlewares.referer.RefererMiddleware',
 'scrapy.spidermiddlewares.urllength.UrlLengthMiddleware',
 'scrapy.spidermiddlewares.depth.DepthMiddleware']
2018-09-28 20:04:50 [scrapy.middleware] INFO: Enabled item pipelines:
['jobboss.pipelines.JobbossPipeline']
2018-09-28 20:04:50 [scrapy.core.engine] INFO: Spider opened
2018-09-28 20:04:50 [scrapy.extensions.logstats] INFO: Crawled 0 pages (at 0 pages/min), scraped 0 items (at 0 items/min)
2018-09-28 20:04:50 [jobbosspider] INFO: Spider opened: jobbosspider
2018-09-28 20:05:07 [scrapy.core.engine] INFO: Closing spider (finished)
2018-09-28 20:05:07 [scrapy.statscollectors] INFO: Dumping Scrapy stats:
{'downloader/request_bytes': 6306,
 'downloader/request_count': 11,
 'downloader/request_method_count/GET': 11,
 'downloader/response_bytes': 222993,
 'downloader/response_count': 11,
 'downloader/response_status_count/200': 11,
 'dupefilter/filtered': 260,
 'finish_reason': 'finished',
 'finish_time': datetime.datetime(2018, 9, 28, 12, 5, 7, 997975),
 'item_scraped_count': 299,
 'log_count/INFO': 8,
 'log_count/WARNING': 1,
 'request_depth_max': 9,
 'response_received_count': 11,
 'scheduler/dequeued': 10,
 'scheduler/dequeued/memory': 10,
 'scheduler/enqueued': 10,
 'scheduler/enqueued/memory': 10,
 'start_time': datetime.datetime(2018, 9, 28, 12, 4, 50, 402429)}
2018-09-28 20:05:07 [scrapy.core.engine] INFO: Spider closed (finished)
2018-09-28 20:16:22 [scrapy.utils.log] INFO: Scrapy 1.5.1 started (bot: jobboss)
2018-09-28 20:16:22 [scrapy.utils.log] INFO: Versions: lxml 4.2.4.0, libxml2 2.9.5, cssselect 1.0.3, parsel 1.5.0, w3lib 1.19.0, Twisted 18.7.0, Python 3.6.5 |Anaconda, Inc.| (default, Mar 29 2018, 13:32:41) [MSC v.1900 64 bit (AMD64)], pyOpenSSL 18.0.0 (OpenSSL 1.1.0i  14 Aug 2018), cryptography 2.3.1, Platform Windows-10-10.0.16299-SP0
2018-09-28 20:16:22 [scrapy.crawler] INFO: Overridden settings: {'BOT_NAME': 'jobboss', 'LOG_FILE': 'jobboss.log', 'LOG_LEVEL': 'INFO', 'NEWSPIDER_MODULE': 'jobboss.spiders', 'ROBOTSTXT_OBEY': True, 'SPIDER_MODULES': ['jobboss.spiders']}
2018-09-28 20:16:22 [scrapy.middleware] INFO: Enabled extensions:
['scrapy.extensions.corestats.CoreStats',
 'scrapy.extensions.telnet.TelnetConsole',
 'scrapy.extensions.logstats.LogStats']
2018-09-28 20:16:22 [py.warnings] WARNING: G:\python46\python46\lib\site-packages\scrapy\utils\deprecate.py:156: ScrapyDeprecationWarning: `scrapy.contrib.downloadermiddleware.useragent.UserAgentMiddleware` class is deprecated, use `scrapy.downloadermiddlewares.useragent.UserAgentMiddleware` instead
  ScrapyDeprecationWarning)

2018-09-28 20:16:22 [scrapy.middleware] INFO: Enabled downloader middlewares:
['scrapy.downloadermiddlewares.robotstxt.RobotsTxtMiddleware',
 'scrapy.downloadermiddlewares.httpauth.HttpAuthMiddleware',
 'scrapy.downloadermiddlewares.downloadtimeout.DownloadTimeoutMiddleware',
 'scrapy.downloadermiddlewares.defaultheaders.DefaultHeadersMiddleware',
 'jobboss.rotateuseragent.RotateUserAgentMiddleware',
 'jobboss.middlewares.JobbossDownloaderMiddleware',
 'scrapy.downloadermiddlewares.retry.RetryMiddleware',
 'scrapy.downloadermiddlewares.redirect.MetaRefreshMiddleware',
 'scrapy.downloadermiddlewares.httpcompression.HttpCompressionMiddleware',
 'scrapy.downloadermiddlewares.redirect.RedirectMiddleware',
 'scrapy.downloadermiddlewares.cookies.CookiesMiddleware',
 'scrapy.downloadermiddlewares.httpproxy.HttpProxyMiddleware',
 'scrapy.downloadermiddlewares.stats.DownloaderStats']
2018-09-28 20:16:22 [scrapy.middleware] INFO: Enabled spider middlewares:
['scrapy.spidermiddlewares.httperror.HttpErrorMiddleware',
 'scrapy.spidermiddlewares.offsite.OffsiteMiddleware',
 'scrapy.spidermiddlewares.referer.RefererMiddleware',
 'scrapy.spidermiddlewares.urllength.UrlLengthMiddleware',
 'scrapy.spidermiddlewares.depth.DepthMiddleware']
2018-09-28 20:16:22 [scrapy.middleware] INFO: Enabled item pipelines:
['jobboss.pipelines.JobbossPipeline']
2018-09-28 20:16:22 [scrapy.core.engine] INFO: Spider opened
2018-09-28 20:16:22 [scrapy.extensions.logstats] INFO: Crawled 0 pages (at 0 pages/min), scraped 0 items (at 0 items/min)
2018-09-28 20:16:22 [jobbosspider] INFO: Spider opened: jobbosspider
2018-09-28 20:16:25 [scrapy.core.engine] INFO: Closing spider (finished)
2018-09-28 20:16:25 [scrapy.statscollectors] INFO: Dumping Scrapy stats:
{'downloader/request_bytes': 6303,
 'downloader/request_count': 11,
 'downloader/request_method_count/GET': 11,
 'downloader/response_bytes': 222992,
 'downloader/response_count': 11,
 'downloader/response_status_count/200': 11,
 'dupefilter/filtered': 260,
 'finish_reason': 'finished',
 'finish_time': datetime.datetime(2018, 9, 28, 12, 16, 25, 929024),
 'item_scraped_count': 299,
 'log_count/INFO': 8,
 'log_count/WARNING': 1,
 'request_depth_max': 9,
 'response_received_count': 11,
 'scheduler/dequeued': 10,
 'scheduler/dequeued/memory': 10,
 'scheduler/enqueued': 10,
 'scheduler/enqueued/memory': 10,
 'start_time': datetime.datetime(2018, 9, 28, 12, 16, 22, 856465)}
2018-09-28 20:16:25 [scrapy.core.engine] INFO: Spider closed (finished)
2018-09-28 20:27:45 [scrapy.utils.log] INFO: Scrapy 1.5.1 started (bot: jobboss)
2018-09-28 20:27:45 [scrapy.utils.log] INFO: Versions: lxml 4.2.4.0, libxml2 2.9.5, cssselect 1.0.3, parsel 1.5.0, w3lib 1.19.0, Twisted 18.7.0, Python 3.6.5 |Anaconda, Inc.| (default, Mar 29 2018, 13:32:41) [MSC v.1900 64 bit (AMD64)], pyOpenSSL 18.0.0 (OpenSSL 1.1.0i  14 Aug 2018), cryptography 2.3.1, Platform Windows-10-10.0.16299-SP0
2018-09-28 20:27:45 [scrapy.crawler] INFO: Overridden settings: {'BOT_NAME': 'jobboss', 'LOG_FILE': 'jobboss.log', 'LOG_LEVEL': 'INFO', 'NEWSPIDER_MODULE': 'jobboss.spiders', 'ROBOTSTXT_OBEY': True, 'SPIDER_MODULES': ['jobboss.spiders']}
2018-09-28 20:27:45 [scrapy.middleware] INFO: Enabled extensions:
['scrapy.extensions.corestats.CoreStats',
 'scrapy.extensions.telnet.TelnetConsole',
 'scrapy.extensions.logstats.LogStats']
2018-09-28 20:27:45 [py.warnings] WARNING: G:\python46\python46\lib\site-packages\scrapy\utils\deprecate.py:156: ScrapyDeprecationWarning: `scrapy.contrib.downloadermiddleware.useragent.UserAgentMiddleware` class is deprecated, use `scrapy.downloadermiddlewares.useragent.UserAgentMiddleware` instead
  ScrapyDeprecationWarning)

2018-09-28 20:27:46 [scrapy.middleware] INFO: Enabled downloader middlewares:
['scrapy.downloadermiddlewares.robotstxt.RobotsTxtMiddleware',
 'scrapy.downloadermiddlewares.httpauth.HttpAuthMiddleware',
 'scrapy.downloadermiddlewares.downloadtimeout.DownloadTimeoutMiddleware',
 'scrapy.downloadermiddlewares.defaultheaders.DefaultHeadersMiddleware',
 'jobboss.rotateuseragent.RotateUserAgentMiddleware',
 'jobboss.middlewares.JobbossDownloaderMiddleware',
 'scrapy.downloadermiddlewares.retry.RetryMiddleware',
 'scrapy.downloadermiddlewares.redirect.MetaRefreshMiddleware',
 'scrapy.downloadermiddlewares.httpcompression.HttpCompressionMiddleware',
 'scrapy.downloadermiddlewares.redirect.RedirectMiddleware',
 'scrapy.downloadermiddlewares.cookies.CookiesMiddleware',
 'scrapy.downloadermiddlewares.httpproxy.HttpProxyMiddleware',
 'scrapy.downloadermiddlewares.stats.DownloaderStats']
2018-09-28 20:27:46 [scrapy.middleware] INFO: Enabled spider middlewares:
['scrapy.spidermiddlewares.httperror.HttpErrorMiddleware',
 'scrapy.spidermiddlewares.offsite.OffsiteMiddleware',
 'scrapy.spidermiddlewares.referer.RefererMiddleware',
 'scrapy.spidermiddlewares.urllength.UrlLengthMiddleware',
 'scrapy.spidermiddlewares.depth.DepthMiddleware']
2018-09-28 20:27:46 [scrapy.middleware] INFO: Enabled item pipelines:
['jobboss.pipelines.JobbossPipeline',
 'jobboss.pipelinesmysql.JobspidersPipeline']
2018-09-28 20:27:46 [scrapy.core.engine] INFO: Spider opened
2018-09-28 20:27:46 [scrapy.extensions.logstats] INFO: Crawled 0 pages (at 0 pages/min), scraped 0 items (at 0 items/min)
2018-09-28 20:27:46 [jobbosspider] INFO: Spider opened: jobbosspider
2018-09-28 20:28:19 [scrapy.core.engine] INFO: Closing spider (finished)
2018-09-28 20:28:19 [scrapy.statscollectors] INFO: Dumping Scrapy stats:
{'downloader/request_bytes': 6300,
 'downloader/request_count': 11,
 'downloader/request_method_count/GET': 11,
 'downloader/response_bytes': 223581,
 'downloader/response_count': 11,
 'downloader/response_status_count/200': 11,
 'dupefilter/filtered': 261,
 'finish_reason': 'finished',
 'finish_time': datetime.datetime(2018, 9, 28, 12, 28, 19, 578911),
 'item_scraped_count': 300,
 'log_count/INFO': 8,
 'log_count/WARNING': 1,
 'request_depth_max': 9,
 'response_received_count': 11,
 'scheduler/dequeued': 10,
 'scheduler/dequeued/memory': 10,
 'scheduler/enqueued': 10,
 'scheduler/enqueued/memory': 10,
 'start_time': datetime.datetime(2018, 9, 28, 12, 27, 46, 547221)}
2018-09-28 20:28:19 [scrapy.core.engine] INFO: Spider closed (finished)
2018-10-18 08:14:53 [scrapy.utils.log] INFO: Scrapy 1.5.1 started (bot: jobboss)
2018-10-18 08:14:54 [scrapy.utils.log] INFO: Versions: lxml 4.2.4.0, libxml2 2.9.5, cssselect 1.0.3, parsel 1.5.0, w3lib 1.19.0, Twisted 18.7.0, Python 3.6.5 |Anaconda, Inc.| (default, Mar 29 2018, 13:32:41) [MSC v.1900 64 bit (AMD64)], pyOpenSSL 18.0.0 (OpenSSL 1.1.0i  14 Aug 2018), cryptography 2.3.1, Platform Windows-10-10.0.16299-SP0
2018-10-18 08:14:54 [scrapy.crawler] INFO: Overridden settings: {'BOT_NAME': 'jobboss', 'DOWNLOAD_DELAY': 3, 'LOG_FILE': 'jobboss.log', 'LOG_LEVEL': 'INFO', 'NEWSPIDER_MODULE': 'jobboss.spiders', 'ROBOTSTXT_OBEY': True, 'SPIDER_MODULES': ['jobboss.spiders']}
2018-10-18 08:14:54 [scrapy.middleware] INFO: Enabled extensions:
['scrapy.extensions.corestats.CoreStats',
 'scrapy.extensions.telnet.TelnetConsole',
 'scrapy.extensions.logstats.LogStats']
2018-10-18 08:14:54 [py.warnings] WARNING: G:\python46\python46\lib\site-packages\scrapy\utils\deprecate.py:156: ScrapyDeprecationWarning: `scrapy.contrib.downloadermiddleware.useragent.UserAgentMiddleware` class is deprecated, use `scrapy.downloadermiddlewares.useragent.UserAgentMiddleware` instead
  ScrapyDeprecationWarning)

2018-10-18 08:14:55 [scrapy.middleware] INFO: Enabled downloader middlewares:
['scrapy.downloadermiddlewares.robotstxt.RobotsTxtMiddleware',
 'scrapy.downloadermiddlewares.httpauth.HttpAuthMiddleware',
 'scrapy.downloadermiddlewares.downloadtimeout.DownloadTimeoutMiddleware',
 'scrapy.downloadermiddlewares.defaultheaders.DefaultHeadersMiddleware',
 'jobboss.rotateuseragent.RotateUserAgentMiddleware',
 'jobboss.middlewares.JobbossDownloaderMiddleware',
 'scrapy.downloadermiddlewares.retry.RetryMiddleware',
 'scrapy.downloadermiddlewares.redirect.MetaRefreshMiddleware',
 'scrapy.downloadermiddlewares.httpcompression.HttpCompressionMiddleware',
 'scrapy.downloadermiddlewares.redirect.RedirectMiddleware',
 'scrapy.downloadermiddlewares.cookies.CookiesMiddleware',
 'scrapy.downloadermiddlewares.httpproxy.HttpProxyMiddleware',
 'scrapy.downloadermiddlewares.stats.DownloaderStats']
2018-10-18 08:14:55 [scrapy.middleware] INFO: Enabled spider middlewares:
['scrapy.spidermiddlewares.httperror.HttpErrorMiddleware',
 'scrapy.spidermiddlewares.offsite.OffsiteMiddleware',
 'scrapy.spidermiddlewares.referer.RefererMiddleware',
 'scrapy.spidermiddlewares.urllength.UrlLengthMiddleware',
 'scrapy.spidermiddlewares.depth.DepthMiddleware']
2018-10-18 08:14:56 [scrapy.middleware] INFO: Enabled item pipelines:
['jobboss.pipelines.JobbossPipeline',
 'jobboss.pipelinesmysql.JobspidersPipeline']
2018-10-18 08:14:56 [scrapy.core.engine] INFO: Spider opened
2018-10-18 08:14:56 [scrapy.extensions.logstats] INFO: Crawled 0 pages (at 0 pages/min), scraped 0 items (at 0 items/min)
2018-10-18 08:14:56 [jobbosspider] INFO: Spider opened: jobbosspider
2018-10-18 08:15:56 [scrapy.extensions.logstats] INFO: Crawled 9 pages (at 9 pages/min), scraped 213 items (at 213 items/min)
2018-10-18 08:16:02 [scrapy.core.engine] INFO: Closing spider (finished)
2018-10-18 08:16:02 [scrapy.statscollectors] INFO: Dumping Scrapy stats:
{'downloader/request_bytes': 6987,
 'downloader/request_count': 11,
 'downloader/request_method_count/GET': 11,
 'downloader/response_bytes': 181815,
 'downloader/response_count': 11,
 'downloader/response_status_count/200': 11,
 'dupefilter/filtered': 261,
 'finish_reason': 'finished',
 'finish_time': datetime.datetime(2018, 10, 18, 0, 16, 2, 484678),
 'item_scraped_count': 300,
 'log_count/INFO': 9,
 'log_count/WARNING': 1,
 'request_depth_max': 9,
 'response_received_count': 11,
 'scheduler/dequeued': 10,
 'scheduler/dequeued/memory': 10,
 'scheduler/enqueued': 10,
 'scheduler/enqueued/memory': 10,
 'start_time': datetime.datetime(2018, 10, 18, 0, 14, 56, 395808)}
2018-10-18 08:16:02 [scrapy.core.engine] INFO: Spider closed (finished)
2018-10-18 08:19:01 [scrapy.utils.log] INFO: Scrapy 1.5.1 started (bot: jobboss)
2018-10-18 08:19:01 [scrapy.utils.log] INFO: Versions: lxml 4.2.4.0, libxml2 2.9.5, cssselect 1.0.3, parsel 1.5.0, w3lib 1.19.0, Twisted 18.7.0, Python 3.6.5 |Anaconda, Inc.| (default, Mar 29 2018, 13:32:41) [MSC v.1900 64 bit (AMD64)], pyOpenSSL 18.0.0 (OpenSSL 1.1.0i  14 Aug 2018), cryptography 2.3.1, Platform Windows-10-10.0.16299-SP0
2018-10-18 08:19:01 [scrapy.crawler] INFO: Overridden settings: {'BOT_NAME': 'jobboss', 'DOWNLOAD_DELAY': 3, 'LOG_FILE': 'jobboss.log', 'LOG_LEVEL': 'INFO', 'NEWSPIDER_MODULE': 'jobboss.spiders', 'ROBOTSTXT_OBEY': True, 'SPIDER_MODULES': ['jobboss.spiders']}
2018-10-18 08:19:01 [scrapy.middleware] INFO: Enabled extensions:
['scrapy.extensions.corestats.CoreStats',
 'scrapy.extensions.telnet.TelnetConsole',
 'scrapy.extensions.logstats.LogStats']
2018-10-18 08:19:01 [py.warnings] WARNING: G:\python46\python46\lib\site-packages\scrapy\utils\deprecate.py:156: ScrapyDeprecationWarning: `scrapy.contrib.downloadermiddleware.useragent.UserAgentMiddleware` class is deprecated, use `scrapy.downloadermiddlewares.useragent.UserAgentMiddleware` instead
  ScrapyDeprecationWarning)

2018-10-18 08:19:02 [scrapy.middleware] INFO: Enabled downloader middlewares:
['scrapy.downloadermiddlewares.robotstxt.RobotsTxtMiddleware',
 'scrapy.downloadermiddlewares.httpauth.HttpAuthMiddleware',
 'scrapy.downloadermiddlewares.downloadtimeout.DownloadTimeoutMiddleware',
 'scrapy.downloadermiddlewares.defaultheaders.DefaultHeadersMiddleware',
 'jobboss.rotateuseragent.RotateUserAgentMiddleware',
 'jobboss.middlewares.JobbossDownloaderMiddleware',
 'scrapy.downloadermiddlewares.retry.RetryMiddleware',
 'scrapy.downloadermiddlewares.redirect.MetaRefreshMiddleware',
 'scrapy.downloadermiddlewares.httpcompression.HttpCompressionMiddleware',
 'scrapy.downloadermiddlewares.redirect.RedirectMiddleware',
 'scrapy.downloadermiddlewares.cookies.CookiesMiddleware',
 'scrapy.downloadermiddlewares.httpproxy.HttpProxyMiddleware',
 'scrapy.downloadermiddlewares.stats.DownloaderStats']
2018-10-18 08:19:02 [scrapy.middleware] INFO: Enabled spider middlewares:
['scrapy.spidermiddlewares.httperror.HttpErrorMiddleware',
 'scrapy.spidermiddlewares.offsite.OffsiteMiddleware',
 'scrapy.spidermiddlewares.referer.RefererMiddleware',
 'scrapy.spidermiddlewares.urllength.UrlLengthMiddleware',
 'scrapy.spidermiddlewares.depth.DepthMiddleware']
2018-10-18 08:19:02 [scrapy.middleware] INFO: Enabled item pipelines:
['jobboss.pipelines.JobbossPipeline',
 'jobboss.pipelinesmysql.JobspidersPipeline']
2018-10-18 08:19:02 [scrapy.core.engine] INFO: Spider opened
2018-10-18 08:19:02 [scrapy.extensions.logstats] INFO: Crawled 0 pages (at 0 pages/min), scraped 0 items (at 0 items/min)
2018-10-18 08:19:02 [jobbosspider] INFO: Spider opened: jobbosspider
2018-10-18 08:19:56 [scrapy.core.engine] INFO: Closing spider (finished)
2018-10-18 08:19:56 [scrapy.statscollectors] INFO: Dumping Scrapy stats:
{'downloader/request_bytes': 6534,
 'downloader/request_count': 11,
 'downloader/request_method_count/GET': 11,
 'downloader/response_bytes': 224546,
 'downloader/response_count': 11,
 'downloader/response_status_count/200': 11,
 'dupefilter/filtered': 261,
 'finish_reason': 'finished',
 'finish_time': datetime.datetime(2018, 10, 18, 0, 19, 56, 722677),
 'item_scraped_count': 300,
 'log_count/INFO': 8,
 'log_count/WARNING': 1,
 'request_depth_max': 9,
 'response_received_count': 11,
 'scheduler/dequeued': 10,
 'scheduler/dequeued/memory': 10,
 'scheduler/enqueued': 10,
 'scheduler/enqueued/memory': 10,
 'start_time': datetime.datetime(2018, 10, 18, 0, 19, 2, 708471)}
2018-10-18 08:19:56 [scrapy.core.engine] INFO: Spider closed (finished)
2018-10-18 08:25:33 [scrapy.utils.log] INFO: Scrapy 1.5.1 started (bot: jobboss)
2018-10-18 08:25:33 [scrapy.utils.log] INFO: Versions: lxml 4.2.4.0, libxml2 2.9.5, cssselect 1.0.3, parsel 1.5.0, w3lib 1.19.0, Twisted 18.7.0, Python 3.6.5 |Anaconda, Inc.| (default, Mar 29 2018, 13:32:41) [MSC v.1900 64 bit (AMD64)], pyOpenSSL 18.0.0 (OpenSSL 1.1.0i  14 Aug 2018), cryptography 2.3.1, Platform Windows-10-10.0.16299-SP0
2018-10-18 08:25:33 [scrapy.crawler] INFO: Overridden settings: {'BOT_NAME': 'jobboss', 'DOWNLOAD_DELAY': 3, 'LOG_FILE': 'jobboss.log', 'LOG_LEVEL': 'INFO', 'NEWSPIDER_MODULE': 'jobboss.spiders', 'ROBOTSTXT_OBEY': True, 'SPIDER_MODULES': ['jobboss.spiders']}
2018-10-18 08:25:33 [scrapy.middleware] INFO: Enabled extensions:
['scrapy.extensions.corestats.CoreStats',
 'scrapy.extensions.telnet.TelnetConsole',
 'scrapy.extensions.logstats.LogStats']
2018-10-18 08:25:33 [py.warnings] WARNING: G:\python46\python46\lib\site-packages\scrapy\utils\deprecate.py:156: ScrapyDeprecationWarning: `scrapy.contrib.downloadermiddleware.useragent.UserAgentMiddleware` class is deprecated, use `scrapy.downloadermiddlewares.useragent.UserAgentMiddleware` instead
  ScrapyDeprecationWarning)

2018-10-18 08:25:34 [scrapy.middleware] INFO: Enabled downloader middlewares:
['scrapy.downloadermiddlewares.robotstxt.RobotsTxtMiddleware',
 'scrapy.downloadermiddlewares.httpauth.HttpAuthMiddleware',
 'scrapy.downloadermiddlewares.downloadtimeout.DownloadTimeoutMiddleware',
 'scrapy.downloadermiddlewares.defaultheaders.DefaultHeadersMiddleware',
 'jobboss.rotateuseragent.RotateUserAgentMiddleware',
 'jobboss.middlewares.JobbossDownloaderMiddleware',
 'scrapy.downloadermiddlewares.retry.RetryMiddleware',
 'scrapy.downloadermiddlewares.redirect.MetaRefreshMiddleware',
 'scrapy.downloadermiddlewares.httpcompression.HttpCompressionMiddleware',
 'scrapy.downloadermiddlewares.redirect.RedirectMiddleware',
 'scrapy.downloadermiddlewares.cookies.CookiesMiddleware',
 'scrapy.downloadermiddlewares.httpproxy.HttpProxyMiddleware',
 'scrapy.downloadermiddlewares.stats.DownloaderStats']
2018-10-18 08:25:34 [scrapy.middleware] INFO: Enabled spider middlewares:
['scrapy.spidermiddlewares.httperror.HttpErrorMiddleware',
 'scrapy.spidermiddlewares.offsite.OffsiteMiddleware',
 'scrapy.spidermiddlewares.referer.RefererMiddleware',
 'scrapy.spidermiddlewares.urllength.UrlLengthMiddleware',
 'scrapy.spidermiddlewares.depth.DepthMiddleware']
2018-10-18 08:25:34 [scrapy.middleware] INFO: Enabled item pipelines:
['jobboss.pipelines.JobbossPipeline',
 'jobboss.pipelinesmysql.JobspidersPipeline']
2018-10-18 08:25:34 [scrapy.core.engine] INFO: Spider opened
2018-10-18 08:25:34 [scrapy.extensions.logstats] INFO: Crawled 0 pages (at 0 pages/min), scraped 0 items (at 0 items/min)
2018-10-18 08:25:34 [jobbosspider] INFO: Spider opened: jobbosspider
2018-10-18 08:26:30 [scrapy.core.engine] INFO: Closing spider (finished)
2018-10-18 08:26:30 [scrapy.statscollectors] INFO: Dumping Scrapy stats:
{'downloader/request_bytes': 5859,
 'downloader/request_count': 10,
 'downloader/request_method_count/GET': 10,
 'downloader/response_bytes': 173076,
 'downloader/response_count': 10,
 'downloader/response_status_count/200': 10,
 'dupefilter/filtered': 232,
 'finish_reason': 'finished',
 'finish_time': datetime.datetime(2018, 10, 18, 0, 26, 30, 764158),
 'item_scraped_count': 244,
 'log_count/INFO': 8,
 'log_count/WARNING': 1,
 'request_depth_max': 8,
 'response_received_count': 10,
 'scheduler/dequeued': 9,
 'scheduler/dequeued/memory': 9,
 'scheduler/enqueued': 9,
 'scheduler/enqueued/memory': 9,
 'start_time': datetime.datetime(2018, 10, 18, 0, 25, 34, 629328)}
2018-10-18 08:26:30 [scrapy.core.engine] INFO: Spider closed (finished)
2018-10-18 08:26:48 [scrapy.utils.log] INFO: Scrapy 1.5.1 started (bot: jobboss)
2018-10-18 08:26:48 [scrapy.utils.log] INFO: Versions: lxml 4.2.4.0, libxml2 2.9.5, cssselect 1.0.3, parsel 1.5.0, w3lib 1.19.0, Twisted 18.7.0, Python 3.6.5 |Anaconda, Inc.| (default, Mar 29 2018, 13:32:41) [MSC v.1900 64 bit (AMD64)], pyOpenSSL 18.0.0 (OpenSSL 1.1.0i  14 Aug 2018), cryptography 2.3.1, Platform Windows-10-10.0.16299-SP0
2018-10-18 08:26:48 [scrapy.crawler] INFO: Overridden settings: {'BOT_NAME': 'jobboss', 'DOWNLOAD_DELAY': 3, 'LOG_FILE': 'jobboss.log', 'LOG_LEVEL': 'INFO', 'NEWSPIDER_MODULE': 'jobboss.spiders', 'ROBOTSTXT_OBEY': True, 'SPIDER_MODULES': ['jobboss.spiders']}
2018-10-18 08:26:48 [scrapy.middleware] INFO: Enabled extensions:
['scrapy.extensions.corestats.CoreStats',
 'scrapy.extensions.telnet.TelnetConsole',
 'scrapy.extensions.logstats.LogStats']
2018-10-18 08:26:48 [py.warnings] WARNING: G:\python46\python46\lib\site-packages\scrapy\utils\deprecate.py:156: ScrapyDeprecationWarning: `scrapy.contrib.downloadermiddleware.useragent.UserAgentMiddleware` class is deprecated, use `scrapy.downloadermiddlewares.useragent.UserAgentMiddleware` instead
  ScrapyDeprecationWarning)

2018-10-18 08:26:48 [scrapy.middleware] INFO: Enabled downloader middlewares:
['scrapy.downloadermiddlewares.robotstxt.RobotsTxtMiddleware',
 'scrapy.downloadermiddlewares.httpauth.HttpAuthMiddleware',
 'scrapy.downloadermiddlewares.downloadtimeout.DownloadTimeoutMiddleware',
 'scrapy.downloadermiddlewares.defaultheaders.DefaultHeadersMiddleware',
 'jobboss.rotateuseragent.RotateUserAgentMiddleware',
 'jobboss.middlewares.JobbossDownloaderMiddleware',
 'scrapy.downloadermiddlewares.retry.RetryMiddleware',
 'scrapy.downloadermiddlewares.redirect.MetaRefreshMiddleware',
 'scrapy.downloadermiddlewares.httpcompression.HttpCompressionMiddleware',
 'scrapy.downloadermiddlewares.redirect.RedirectMiddleware',
 'scrapy.downloadermiddlewares.cookies.CookiesMiddleware',
 'scrapy.downloadermiddlewares.httpproxy.HttpProxyMiddleware',
 'scrapy.downloadermiddlewares.stats.DownloaderStats']
2018-10-18 08:26:49 [scrapy.middleware] INFO: Enabled spider middlewares:
['scrapy.spidermiddlewares.httperror.HttpErrorMiddleware',
 'scrapy.spidermiddlewares.offsite.OffsiteMiddleware',
 'scrapy.spidermiddlewares.referer.RefererMiddleware',
 'scrapy.spidermiddlewares.urllength.UrlLengthMiddleware',
 'scrapy.spidermiddlewares.depth.DepthMiddleware']
2018-10-18 08:26:49 [scrapy.middleware] INFO: Enabled item pipelines:
['jobboss.pipelines.JobbossPipeline',
 'jobboss.pipelinesmysql.JobspidersPipeline']
2018-10-18 08:26:49 [scrapy.core.engine] INFO: Spider opened
2018-10-18 08:26:49 [scrapy.extensions.logstats] INFO: Crawled 0 pages (at 0 pages/min), scraped 0 items (at 0 items/min)
2018-10-18 08:26:49 [jobbosspider] INFO: Spider opened: jobbosspider
2018-10-18 08:27:49 [scrapy.extensions.logstats] INFO: Crawled 6 pages (at 6 pages/min), scraped 123 items (at 123 items/min)
2018-10-18 08:28:08 [scrapy.core.engine] INFO: Closing spider (finished)
2018-10-18 08:28:08 [scrapy.statscollectors] INFO: Dumping Scrapy stats:
{'downloader/request_bytes': 6719,
 'downloader/request_count': 11,
 'downloader/request_method_count/GET': 11,
 'downloader/response_bytes': 201941,
 'downloader/response_count': 11,
 'downloader/response_status_count/200': 11,
 'dupefilter/filtered': 261,
 'finish_reason': 'finished',
 'finish_time': datetime.datetime(2018, 10, 18, 0, 28, 8, 988718),
 'item_scraped_count': 300,
 'log_count/INFO': 9,
 'log_count/WARNING': 1,
 'request_depth_max': 9,
 'response_received_count': 11,
 'scheduler/dequeued': 10,
 'scheduler/dequeued/memory': 10,
 'scheduler/enqueued': 10,
 'scheduler/enqueued/memory': 10,
 'start_time': datetime.datetime(2018, 10, 18, 0, 26, 49, 55959)}
2018-10-18 08:28:08 [scrapy.core.engine] INFO: Spider closed (finished)
2018-10-18 08:28:40 [scrapy.utils.log] INFO: Scrapy 1.5.1 started (bot: jobboss)
2018-10-18 08:28:40 [scrapy.utils.log] INFO: Versions: lxml 4.2.4.0, libxml2 2.9.5, cssselect 1.0.3, parsel 1.5.0, w3lib 1.19.0, Twisted 18.7.0, Python 3.6.5 |Anaconda, Inc.| (default, Mar 29 2018, 13:32:41) [MSC v.1900 64 bit (AMD64)], pyOpenSSL 18.0.0 (OpenSSL 1.1.0i  14 Aug 2018), cryptography 2.3.1, Platform Windows-10-10.0.16299-SP0
2018-10-18 08:28:40 [scrapy.crawler] INFO: Overridden settings: {'BOT_NAME': 'jobboss', 'DOWNLOAD_DELAY': 3, 'LOG_FILE': 'jobboss.log', 'LOG_LEVEL': 'INFO', 'NEWSPIDER_MODULE': 'jobboss.spiders', 'ROBOTSTXT_OBEY': True, 'SPIDER_MODULES': ['jobboss.spiders']}
2018-10-18 08:28:40 [scrapy.middleware] INFO: Enabled extensions:
['scrapy.extensions.corestats.CoreStats',
 'scrapy.extensions.telnet.TelnetConsole',
 'scrapy.extensions.logstats.LogStats']
2018-10-18 08:28:40 [py.warnings] WARNING: G:\python46\python46\lib\site-packages\scrapy\utils\deprecate.py:156: ScrapyDeprecationWarning: `scrapy.contrib.downloadermiddleware.useragent.UserAgentMiddleware` class is deprecated, use `scrapy.downloadermiddlewares.useragent.UserAgentMiddleware` instead
  ScrapyDeprecationWarning)

2018-10-18 08:28:41 [scrapy.middleware] INFO: Enabled downloader middlewares:
['scrapy.downloadermiddlewares.robotstxt.RobotsTxtMiddleware',
 'scrapy.downloadermiddlewares.httpauth.HttpAuthMiddleware',
 'scrapy.downloadermiddlewares.downloadtimeout.DownloadTimeoutMiddleware',
 'scrapy.downloadermiddlewares.defaultheaders.DefaultHeadersMiddleware',
 'jobboss.rotateuseragent.RotateUserAgentMiddleware',
 'jobboss.middlewares.JobbossDownloaderMiddleware',
 'scrapy.downloadermiddlewares.retry.RetryMiddleware',
 'scrapy.downloadermiddlewares.redirect.MetaRefreshMiddleware',
 'scrapy.downloadermiddlewares.httpcompression.HttpCompressionMiddleware',
 'scrapy.downloadermiddlewares.redirect.RedirectMiddleware',
 'scrapy.downloadermiddlewares.cookies.CookiesMiddleware',
 'scrapy.downloadermiddlewares.httpproxy.HttpProxyMiddleware',
 'scrapy.downloadermiddlewares.stats.DownloaderStats']
2018-10-18 08:28:41 [scrapy.middleware] INFO: Enabled spider middlewares:
['scrapy.spidermiddlewares.httperror.HttpErrorMiddleware',
 'scrapy.spidermiddlewares.offsite.OffsiteMiddleware',
 'scrapy.spidermiddlewares.referer.RefererMiddleware',
 'scrapy.spidermiddlewares.urllength.UrlLengthMiddleware',
 'scrapy.spidermiddlewares.depth.DepthMiddleware']
2018-10-18 08:28:41 [scrapy.middleware] INFO: Enabled item pipelines:
['jobboss.pipelines.JobbossPipeline',
 'jobboss.pipelinesmysql.JobspidersPipeline']
2018-10-18 08:28:41 [scrapy.core.engine] INFO: Spider opened
2018-10-18 08:28:41 [scrapy.extensions.logstats] INFO: Crawled 0 pages (at 0 pages/min), scraped 0 items (at 0 items/min)
2018-10-18 08:28:41 [jobbosspider] INFO: Spider opened: jobbosspider
2018-10-18 08:29:41 [scrapy.extensions.logstats] INFO: Crawled 10 pages (at 10 pages/min), scraped 243 items (at 243 items/min)
2018-10-18 08:29:45 [scrapy.core.engine] INFO: Closing spider (finished)
2018-10-18 08:29:45 [scrapy.statscollectors] INFO: Dumping Scrapy stats:
{'downloader/request_bytes': 6609,
 'downloader/request_count': 11,
 'downloader/request_method_count/GET': 11,
 'downloader/response_bytes': 198500,
 'downloader/response_count': 11,
 'downloader/response_status_count/200': 11,
 'dupefilter/filtered': 261,
 'finish_reason': 'finished',
 'finish_time': datetime.datetime(2018, 10, 18, 0, 29, 45, 716173),
 'item_scraped_count': 300,
 'log_count/INFO': 9,
 'log_count/WARNING': 1,
 'request_depth_max': 9,
 'response_received_count': 11,
 'scheduler/dequeued': 10,
 'scheduler/dequeued/memory': 10,
 'scheduler/enqueued': 10,
 'scheduler/enqueued/memory': 10,
 'start_time': datetime.datetime(2018, 10, 18, 0, 28, 41, 806558)}
2018-10-18 08:29:45 [scrapy.core.engine] INFO: Spider closed (finished)
2018-10-18 08:33:24 [scrapy.utils.log] INFO: Scrapy 1.5.1 started (bot: jobboss)
2018-10-18 08:33:24 [scrapy.utils.log] INFO: Versions: lxml 4.2.4.0, libxml2 2.9.5, cssselect 1.0.3, parsel 1.5.0, w3lib 1.19.0, Twisted 18.7.0, Python 3.6.5 |Anaconda, Inc.| (default, Mar 29 2018, 13:32:41) [MSC v.1900 64 bit (AMD64)], pyOpenSSL 18.0.0 (OpenSSL 1.1.0i  14 Aug 2018), cryptography 2.3.1, Platform Windows-10-10.0.16299-SP0
2018-10-18 08:33:24 [scrapy.crawler] INFO: Overridden settings: {'BOT_NAME': 'jobboss', 'DOWNLOAD_DELAY': 3, 'LOG_FILE': 'jobboss.log', 'LOG_LEVEL': 'INFO', 'NEWSPIDER_MODULE': 'jobboss.spiders', 'ROBOTSTXT_OBEY': True, 'SPIDER_MODULES': ['jobboss.spiders']}
2018-10-18 08:33:24 [scrapy.middleware] INFO: Enabled extensions:
['scrapy.extensions.corestats.CoreStats',
 'scrapy.extensions.telnet.TelnetConsole',
 'scrapy.extensions.logstats.LogStats']
2018-10-18 08:33:24 [py.warnings] WARNING: G:\python46\python46\lib\site-packages\scrapy\utils\deprecate.py:156: ScrapyDeprecationWarning: `scrapy.contrib.downloadermiddleware.useragent.UserAgentMiddleware` class is deprecated, use `scrapy.downloadermiddlewares.useragent.UserAgentMiddleware` instead
  ScrapyDeprecationWarning)

2018-10-18 08:33:25 [scrapy.middleware] INFO: Enabled downloader middlewares:
['scrapy.downloadermiddlewares.robotstxt.RobotsTxtMiddleware',
 'scrapy.downloadermiddlewares.httpauth.HttpAuthMiddleware',
 'scrapy.downloadermiddlewares.downloadtimeout.DownloadTimeoutMiddleware',
 'scrapy.downloadermiddlewares.defaultheaders.DefaultHeadersMiddleware',
 'jobboss.rotateuseragent.RotateUserAgentMiddleware',
 'jobboss.middlewares.JobbossDownloaderMiddleware',
 'scrapy.downloadermiddlewares.retry.RetryMiddleware',
 'scrapy.downloadermiddlewares.redirect.MetaRefreshMiddleware',
 'scrapy.downloadermiddlewares.httpcompression.HttpCompressionMiddleware',
 'scrapy.downloadermiddlewares.redirect.RedirectMiddleware',
 'scrapy.downloadermiddlewares.cookies.CookiesMiddleware',
 'scrapy.downloadermiddlewares.httpproxy.HttpProxyMiddleware',
 'scrapy.downloadermiddlewares.stats.DownloaderStats']
2018-10-18 08:33:25 [scrapy.middleware] INFO: Enabled spider middlewares:
['scrapy.spidermiddlewares.httperror.HttpErrorMiddleware',
 'scrapy.spidermiddlewares.offsite.OffsiteMiddleware',
 'scrapy.spidermiddlewares.referer.RefererMiddleware',
 'scrapy.spidermiddlewares.urllength.UrlLengthMiddleware',
 'scrapy.spidermiddlewares.depth.DepthMiddleware']
2018-10-18 08:33:25 [scrapy.middleware] INFO: Enabled item pipelines:
['jobboss.pipelines.JobbossPipeline',
 'jobboss.pipelinesmysql.JobspidersPipeline']
2018-10-18 08:33:25 [scrapy.core.engine] INFO: Spider opened
2018-10-18 08:33:25 [scrapy.extensions.logstats] INFO: Crawled 0 pages (at 0 pages/min), scraped 0 items (at 0 items/min)
2018-10-18 08:33:25 [jobbosspider] INFO: Spider opened: jobbosspider
2018-10-18 08:33:35 [scrapy.core.engine] INFO: Closing spider (finished)
2018-10-18 08:33:35 [scrapy.statscollectors] INFO: Dumping Scrapy stats:
{'downloader/request_bytes': 1310,
 'downloader/request_count': 3,
 'downloader/request_method_count/GET': 3,
 'downloader/response_bytes': 34084,
 'downloader/response_count': 3,
 'downloader/response_status_count/200': 3,
 'dupefilter/filtered': 29,
 'finish_reason': 'finished',
 'finish_time': datetime.datetime(2018, 10, 18, 0, 33, 35, 460276),
 'item_scraped_count': 41,
 'log_count/INFO': 8,
 'log_count/WARNING': 1,
 'request_depth_max': 1,
 'response_received_count': 3,
 'scheduler/dequeued': 2,
 'scheduler/dequeued/memory': 2,
 'scheduler/enqueued': 2,
 'scheduler/enqueued/memory': 2,
 'start_time': datetime.datetime(2018, 10, 18, 0, 33, 25, 106413)}
2018-10-18 08:33:35 [scrapy.core.engine] INFO: Spider closed (finished)
2018-10-18 08:34:45 [scrapy.utils.log] INFO: Scrapy 1.5.1 started (bot: jobboss)
2018-10-18 08:34:45 [scrapy.utils.log] INFO: Versions: lxml 4.2.4.0, libxml2 2.9.5, cssselect 1.0.3, parsel 1.5.0, w3lib 1.19.0, Twisted 18.7.0, Python 3.6.5 |Anaconda, Inc.| (default, Mar 29 2018, 13:32:41) [MSC v.1900 64 bit (AMD64)], pyOpenSSL 18.0.0 (OpenSSL 1.1.0i  14 Aug 2018), cryptography 2.3.1, Platform Windows-10-10.0.16299-SP0
2018-10-18 08:34:45 [scrapy.crawler] INFO: Overridden settings: {'BOT_NAME': 'jobboss', 'DOWNLOAD_DELAY': 3, 'LOG_FILE': 'jobboss.log', 'LOG_LEVEL': 'INFO', 'NEWSPIDER_MODULE': 'jobboss.spiders', 'ROBOTSTXT_OBEY': True, 'SPIDER_MODULES': ['jobboss.spiders']}
2018-10-18 08:34:45 [scrapy.middleware] INFO: Enabled extensions:
['scrapy.extensions.corestats.CoreStats',
 'scrapy.extensions.telnet.TelnetConsole',
 'scrapy.extensions.logstats.LogStats']
2018-10-18 08:34:45 [py.warnings] WARNING: G:\python46\python46\lib\site-packages\scrapy\utils\deprecate.py:156: ScrapyDeprecationWarning: `scrapy.contrib.downloadermiddleware.useragent.UserAgentMiddleware` class is deprecated, use `scrapy.downloadermiddlewares.useragent.UserAgentMiddleware` instead
  ScrapyDeprecationWarning)

2018-10-18 08:34:46 [scrapy.middleware] INFO: Enabled downloader middlewares:
['scrapy.downloadermiddlewares.robotstxt.RobotsTxtMiddleware',
 'scrapy.downloadermiddlewares.httpauth.HttpAuthMiddleware',
 'scrapy.downloadermiddlewares.downloadtimeout.DownloadTimeoutMiddleware',
 'scrapy.downloadermiddlewares.defaultheaders.DefaultHeadersMiddleware',
 'jobboss.rotateuseragent.RotateUserAgentMiddleware',
 'jobboss.middlewares.JobbossDownloaderMiddleware',
 'scrapy.downloadermiddlewares.retry.RetryMiddleware',
 'scrapy.downloadermiddlewares.redirect.MetaRefreshMiddleware',
 'scrapy.downloadermiddlewares.httpcompression.HttpCompressionMiddleware',
 'scrapy.downloadermiddlewares.redirect.RedirectMiddleware',
 'scrapy.downloadermiddlewares.cookies.CookiesMiddleware',
 'scrapy.downloadermiddlewares.httpproxy.HttpProxyMiddleware',
 'scrapy.downloadermiddlewares.stats.DownloaderStats']
2018-10-18 08:34:46 [scrapy.middleware] INFO: Enabled spider middlewares:
['scrapy.spidermiddlewares.httperror.HttpErrorMiddleware',
 'scrapy.spidermiddlewares.offsite.OffsiteMiddleware',
 'scrapy.spidermiddlewares.referer.RefererMiddleware',
 'scrapy.spidermiddlewares.urllength.UrlLengthMiddleware',
 'scrapy.spidermiddlewares.depth.DepthMiddleware']
2018-10-18 08:34:46 [scrapy.middleware] INFO: Enabled item pipelines:
['jobboss.pipelines.JobbossPipeline',
 'jobboss.pipelinesmysql.JobspidersPipeline']
2018-10-18 08:34:46 [scrapy.core.engine] INFO: Spider opened
2018-10-18 08:34:46 [scrapy.extensions.logstats] INFO: Crawled 0 pages (at 0 pages/min), scraped 0 items (at 0 items/min)
2018-10-18 08:34:46 [jobbosspider] INFO: Spider opened: jobbosspider
2018-10-18 08:35:31 [scrapy.core.engine] INFO: Closing spider (finished)
2018-10-18 08:35:31 [scrapy.statscollectors] INFO: Dumping Scrapy stats:
{'downloader/request_bytes': 3277,
 'downloader/request_count': 6,
 'downloader/request_method_count/GET': 6,
 'downloader/response_bytes': 88516,
 'downloader/response_count': 6,
 'downloader/response_status_count/200': 6,
 'dupefilter/filtered': 116,
 'finish_reason': 'finished',
 'finish_time': datetime.datetime(2018, 10, 18, 0, 35, 31, 758136),
 'item_scraped_count': 123,
 'log_count/INFO': 8,
 'log_count/WARNING': 1,
 'request_depth_max': 4,
 'response_received_count': 6,
 'scheduler/dequeued': 5,
 'scheduler/dequeued/memory': 5,
 'scheduler/enqueued': 5,
 'scheduler/enqueued/memory': 5,
 'start_time': datetime.datetime(2018, 10, 18, 0, 34, 46, 177815)}
2018-10-18 08:35:31 [scrapy.core.engine] INFO: Spider closed (finished)
2018-10-18 08:37:16 [scrapy.utils.log] INFO: Scrapy 1.5.1 started (bot: jobboss)
2018-10-18 08:37:16 [scrapy.utils.log] INFO: Versions: lxml 4.2.4.0, libxml2 2.9.5, cssselect 1.0.3, parsel 1.5.0, w3lib 1.19.0, Twisted 18.7.0, Python 3.6.5 |Anaconda, Inc.| (default, Mar 29 2018, 13:32:41) [MSC v.1900 64 bit (AMD64)], pyOpenSSL 18.0.0 (OpenSSL 1.1.0i  14 Aug 2018), cryptography 2.3.1, Platform Windows-10-10.0.16299-SP0
2018-10-18 08:37:16 [scrapy.crawler] INFO: Overridden settings: {'BOT_NAME': 'jobboss', 'DOWNLOAD_DELAY': 3, 'LOG_FILE': 'jobboss.log', 'LOG_LEVEL': 'INFO', 'NEWSPIDER_MODULE': 'jobboss.spiders', 'ROBOTSTXT_OBEY': True, 'SPIDER_MODULES': ['jobboss.spiders']}
2018-10-18 08:37:17 [scrapy.middleware] INFO: Enabled extensions:
['scrapy.extensions.corestats.CoreStats',
 'scrapy.extensions.telnet.TelnetConsole',
 'scrapy.extensions.logstats.LogStats']
2018-10-18 08:37:17 [py.warnings] WARNING: G:\python46\python46\lib\site-packages\scrapy\utils\deprecate.py:156: ScrapyDeprecationWarning: `scrapy.contrib.downloadermiddleware.useragent.UserAgentMiddleware` class is deprecated, use `scrapy.downloadermiddlewares.useragent.UserAgentMiddleware` instead
  ScrapyDeprecationWarning)

2018-10-18 08:37:17 [scrapy.middleware] INFO: Enabled downloader middlewares:
['scrapy.downloadermiddlewares.robotstxt.RobotsTxtMiddleware',
 'scrapy.downloadermiddlewares.httpauth.HttpAuthMiddleware',
 'scrapy.downloadermiddlewares.downloadtimeout.DownloadTimeoutMiddleware',
 'scrapy.downloadermiddlewares.defaultheaders.DefaultHeadersMiddleware',
 'jobboss.rotateuseragent.RotateUserAgentMiddleware',
 'jobboss.middlewares.JobbossDownloaderMiddleware',
 'scrapy.downloadermiddlewares.retry.RetryMiddleware',
 'scrapy.downloadermiddlewares.redirect.MetaRefreshMiddleware',
 'scrapy.downloadermiddlewares.httpcompression.HttpCompressionMiddleware',
 'scrapy.downloadermiddlewares.redirect.RedirectMiddleware',
 'scrapy.downloadermiddlewares.cookies.CookiesMiddleware',
 'scrapy.downloadermiddlewares.httpproxy.HttpProxyMiddleware',
 'scrapy.downloadermiddlewares.stats.DownloaderStats']
2018-10-18 08:37:17 [scrapy.middleware] INFO: Enabled spider middlewares:
['scrapy.spidermiddlewares.httperror.HttpErrorMiddleware',
 'scrapy.spidermiddlewares.offsite.OffsiteMiddleware',
 'scrapy.spidermiddlewares.referer.RefererMiddleware',
 'scrapy.spidermiddlewares.urllength.UrlLengthMiddleware',
 'scrapy.spidermiddlewares.depth.DepthMiddleware']
2018-10-18 08:37:17 [scrapy.middleware] INFO: Enabled item pipelines:
['jobboss.pipelines.JobbossPipeline',
 'jobboss.pipelinesmysql.JobspidersPipeline']
2018-10-18 08:37:17 [scrapy.core.engine] INFO: Spider opened
2018-10-18 08:37:17 [scrapy.extensions.logstats] INFO: Crawled 0 pages (at 0 pages/min), scraped 0 items (at 0 items/min)
2018-10-18 08:37:17 [jobbosspider] INFO: Spider opened: jobbosspider
2018-10-18 08:37:59 [scrapy.core.engine] INFO: Closing spider (finished)
2018-10-18 08:37:59 [scrapy.statscollectors] INFO: Dumping Scrapy stats:
{'downloader/request_bytes': 3899,
 'downloader/request_count': 7,
 'downloader/request_method_count/GET': 7,
 'downloader/response_bytes': 109498,
 'downloader/response_count': 7,
 'downloader/response_status_count/200': 7,
 'dupefilter/filtered': 145,
 'finish_reason': 'finished',
 'finish_time': datetime.datetime(2018, 10, 18, 0, 37, 59, 117932),
 'item_scraped_count': 161,
 'log_count/INFO': 8,
 'log_count/WARNING': 1,
 'request_depth_max': 5,
 'response_received_count': 7,
 'scheduler/dequeued': 6,
 'scheduler/dequeued/memory': 6,
 'scheduler/enqueued': 6,
 'scheduler/enqueued/memory': 6,
 'start_time': datetime.datetime(2018, 10, 18, 0, 37, 17, 934609)}
2018-10-18 08:37:59 [scrapy.core.engine] INFO: Spider closed (finished)
2018-10-18 08:39:30 [scrapy.utils.log] INFO: Scrapy 1.5.1 started (bot: jobboss)
2018-10-18 08:39:30 [scrapy.utils.log] INFO: Versions: lxml 4.2.4.0, libxml2 2.9.5, cssselect 1.0.3, parsel 1.5.0, w3lib 1.19.0, Twisted 18.7.0, Python 3.6.5 |Anaconda, Inc.| (default, Mar 29 2018, 13:32:41) [MSC v.1900 64 bit (AMD64)], pyOpenSSL 18.0.0 (OpenSSL 1.1.0i  14 Aug 2018), cryptography 2.3.1, Platform Windows-10-10.0.16299-SP0
2018-10-18 08:39:30 [scrapy.crawler] INFO: Overridden settings: {'BOT_NAME': 'jobboss', 'DOWNLOAD_DELAY': 3, 'LOG_FILE': 'jobboss.log', 'LOG_LEVEL': 'INFO', 'NEWSPIDER_MODULE': 'jobboss.spiders', 'ROBOTSTXT_OBEY': True, 'SPIDER_MODULES': ['jobboss.spiders']}
2018-10-18 08:39:30 [scrapy.middleware] INFO: Enabled extensions:
['scrapy.extensions.corestats.CoreStats',
 'scrapy.extensions.telnet.TelnetConsole',
 'scrapy.extensions.logstats.LogStats']
2018-10-18 08:39:30 [py.warnings] WARNING: G:\python46\python46\lib\site-packages\scrapy\utils\deprecate.py:156: ScrapyDeprecationWarning: `scrapy.contrib.downloadermiddleware.useragent.UserAgentMiddleware` class is deprecated, use `scrapy.downloadermiddlewares.useragent.UserAgentMiddleware` instead
  ScrapyDeprecationWarning)

2018-10-18 08:39:31 [scrapy.middleware] INFO: Enabled downloader middlewares:
['scrapy.downloadermiddlewares.robotstxt.RobotsTxtMiddleware',
 'scrapy.downloadermiddlewares.httpauth.HttpAuthMiddleware',
 'scrapy.downloadermiddlewares.downloadtimeout.DownloadTimeoutMiddleware',
 'scrapy.downloadermiddlewares.defaultheaders.DefaultHeadersMiddleware',
 'jobboss.rotateuseragent.RotateUserAgentMiddleware',
 'jobboss.middlewares.JobbossDownloaderMiddleware',
 'scrapy.downloadermiddlewares.retry.RetryMiddleware',
 'scrapy.downloadermiddlewares.redirect.MetaRefreshMiddleware',
 'scrapy.downloadermiddlewares.httpcompression.HttpCompressionMiddleware',
 'scrapy.downloadermiddlewares.redirect.RedirectMiddleware',
 'scrapy.downloadermiddlewares.cookies.CookiesMiddleware',
 'scrapy.downloadermiddlewares.httpproxy.HttpProxyMiddleware',
 'scrapy.downloadermiddlewares.stats.DownloaderStats']
2018-10-18 08:39:31 [scrapy.middleware] INFO: Enabled spider middlewares:
['scrapy.spidermiddlewares.httperror.HttpErrorMiddleware',
 'scrapy.spidermiddlewares.offsite.OffsiteMiddleware',
 'scrapy.spidermiddlewares.referer.RefererMiddleware',
 'scrapy.spidermiddlewares.urllength.UrlLengthMiddleware',
 'scrapy.spidermiddlewares.depth.DepthMiddleware']
2018-10-18 08:39:31 [scrapy.middleware] INFO: Enabled item pipelines:
['jobboss.pipelines.JobbossPipeline',
 'jobboss.pipelinesmysql.JobspidersPipeline']
2018-10-18 08:39:31 [scrapy.core.engine] INFO: Spider opened
2018-10-18 08:39:31 [scrapy.extensions.logstats] INFO: Crawled 0 pages (at 0 pages/min), scraped 0 items (at 0 items/min)
2018-10-18 08:39:31 [jobbosspider] INFO: Spider opened: jobbosspider
2018-10-18 08:40:11 [scrapy.core.engine] INFO: Closing spider (finished)
2018-10-18 08:40:11 [scrapy.statscollectors] INFO: Dumping Scrapy stats:
{'downloader/request_bytes': 5315,
 'downloader/request_count': 9,
 'downloader/request_method_count/GET': 9,
 'downloader/response_bytes': 148228,
 'downloader/response_count': 9,
 'downloader/response_status_count/200': 9,
 'dupefilter/filtered': 202,
 'finish_reason': 'finished',
 'finish_time': datetime.datetime(2018, 10, 18, 0, 40, 11, 651191),
 'item_scraped_count': 210,
 'log_count/INFO': 8,
 'log_count/WARNING': 1,
 'request_depth_max': 7,
 'response_received_count': 9,
 'scheduler/dequeued': 8,
 'scheduler/dequeued/memory': 8,
 'scheduler/enqueued': 8,
 'scheduler/enqueued/memory': 8,
 'start_time': datetime.datetime(2018, 10, 18, 0, 39, 31, 709378)}
2018-10-18 08:40:11 [scrapy.core.engine] INFO: Spider closed (finished)
2018-10-18 08:43:18 [scrapy.utils.log] INFO: Scrapy 1.5.1 started (bot: jobboss)
2018-10-18 08:43:18 [scrapy.utils.log] INFO: Versions: lxml 4.2.4.0, libxml2 2.9.5, cssselect 1.0.3, parsel 1.5.0, w3lib 1.19.0, Twisted 18.7.0, Python 3.6.5 |Anaconda, Inc.| (default, Mar 29 2018, 13:32:41) [MSC v.1900 64 bit (AMD64)], pyOpenSSL 18.0.0 (OpenSSL 1.1.0i  14 Aug 2018), cryptography 2.3.1, Platform Windows-10-10.0.16299-SP0
2018-10-18 08:43:18 [scrapy.crawler] INFO: Overridden settings: {'BOT_NAME': 'jobboss', 'DOWNLOAD_DELAY': 3, 'LOG_FILE': 'jobboss.log', 'LOG_LEVEL': 'INFO', 'NEWSPIDER_MODULE': 'jobboss.spiders', 'ROBOTSTXT_OBEY': True, 'SPIDER_MODULES': ['jobboss.spiders']}
2018-10-18 08:43:19 [scrapy.middleware] INFO: Enabled extensions:
['scrapy.extensions.corestats.CoreStats',
 'scrapy.extensions.telnet.TelnetConsole',
 'scrapy.extensions.logstats.LogStats']
2018-10-18 08:43:19 [py.warnings] WARNING: G:\python46\python46\lib\site-packages\scrapy\utils\deprecate.py:156: ScrapyDeprecationWarning: `scrapy.contrib.downloadermiddleware.useragent.UserAgentMiddleware` class is deprecated, use `scrapy.downloadermiddlewares.useragent.UserAgentMiddleware` instead
  ScrapyDeprecationWarning)

2018-10-18 08:43:19 [scrapy.middleware] INFO: Enabled downloader middlewares:
['scrapy.downloadermiddlewares.robotstxt.RobotsTxtMiddleware',
 'scrapy.downloadermiddlewares.httpauth.HttpAuthMiddleware',
 'scrapy.downloadermiddlewares.downloadtimeout.DownloadTimeoutMiddleware',
 'scrapy.downloadermiddlewares.defaultheaders.DefaultHeadersMiddleware',
 'jobboss.rotateuseragent.RotateUserAgentMiddleware',
 'jobboss.middlewares.JobbossDownloaderMiddleware',
 'scrapy.downloadermiddlewares.retry.RetryMiddleware',
 'scrapy.downloadermiddlewares.redirect.MetaRefreshMiddleware',
 'scrapy.downloadermiddlewares.httpcompression.HttpCompressionMiddleware',
 'scrapy.downloadermiddlewares.redirect.RedirectMiddleware',
 'scrapy.downloadermiddlewares.cookies.CookiesMiddleware',
 'scrapy.downloadermiddlewares.httpproxy.HttpProxyMiddleware',
 'scrapy.downloadermiddlewares.stats.DownloaderStats']
2018-10-18 08:43:19 [scrapy.middleware] INFO: Enabled spider middlewares:
['scrapy.spidermiddlewares.httperror.HttpErrorMiddleware',
 'scrapy.spidermiddlewares.offsite.OffsiteMiddleware',
 'scrapy.spidermiddlewares.referer.RefererMiddleware',
 'scrapy.spidermiddlewares.urllength.UrlLengthMiddleware',
 'scrapy.spidermiddlewares.depth.DepthMiddleware']
2018-10-18 08:43:19 [scrapy.middleware] INFO: Enabled item pipelines:
['jobboss.pipelines.JobbossPipeline',
 'jobboss.pipelinesmysql.JobspidersPipeline']
2018-10-18 08:43:19 [scrapy.core.engine] INFO: Spider opened
2018-10-18 08:43:19 [scrapy.extensions.logstats] INFO: Crawled 0 pages (at 0 pages/min), scraped 0 items (at 0 items/min)
2018-10-18 08:43:19 [jobbosspider] INFO: Spider opened: jobbosspider
2018-10-18 08:44:13 [scrapy.core.engine] INFO: Closing spider (finished)
2018-10-18 08:44:13 [scrapy.statscollectors] INFO: Dumping Scrapy stats:
{'downloader/request_bytes': 6544,
 'downloader/request_count': 10,
 'downloader/request_method_count/GET': 10,
 'downloader/response_bytes': 159614,
 'downloader/response_count': 10,
 'downloader/response_status_count/200': 10,
 'dupefilter/filtered': 232,
 'finish_reason': 'finished',
 'finish_time': datetime.datetime(2018, 10, 18, 0, 44, 13, 189627),
 'item_scraped_count': 250,
 'log_count/INFO': 8,
 'log_count/WARNING': 1,
 'request_depth_max': 8,
 'response_received_count': 10,
 'scheduler/dequeued': 9,
 'scheduler/dequeued/memory': 9,
 'scheduler/enqueued': 9,
 'scheduler/enqueued/memory': 9,
 'start_time': datetime.datetime(2018, 10, 18, 0, 43, 19, 852053)}
2018-10-18 08:44:13 [scrapy.core.engine] INFO: Spider closed (finished)
2018-10-30 16:08:22 [scrapy.utils.log] INFO: Scrapy 1.5.1 started (bot: jobboss)
2018-10-30 16:08:22 [scrapy.utils.log] INFO: Versions: lxml 4.2.4.0, libxml2 2.9.5, cssselect 1.0.3, parsel 1.5.0, w3lib 1.19.0, Twisted 18.7.0, Python 3.6.5 |Anaconda, Inc.| (default, Mar 29 2018, 13:32:41) [MSC v.1900 64 bit (AMD64)], pyOpenSSL 18.0.0 (OpenSSL 1.1.0i  14 Aug 2018), cryptography 2.3.1, Platform Windows-10-10.0.16299-SP0
2018-10-30 16:08:22 [scrapy.crawler] INFO: Overridden settings: {'BOT_NAME': 'jobboss', 'DOWNLOAD_DELAY': 3, 'LOG_FILE': 'jobboss.log', 'LOG_LEVEL': 'INFO', 'NEWSPIDER_MODULE': 'jobboss.spiders', 'ROBOTSTXT_OBEY': True, 'SPIDER_MODULES': ['jobboss.spiders']}
2018-10-30 16:08:22 [scrapy.middleware] INFO: Enabled extensions:
['scrapy.extensions.corestats.CoreStats',
 'scrapy.extensions.telnet.TelnetConsole',
 'scrapy.extensions.logstats.LogStats']
2018-10-30 16:08:22 [py.warnings] WARNING: G:\python46\python46\lib\site-packages\scrapy\utils\deprecate.py:156: ScrapyDeprecationWarning: `scrapy.contrib.downloadermiddleware.useragent.UserAgentMiddleware` class is deprecated, use `scrapy.downloadermiddlewares.useragent.UserAgentMiddleware` instead
  ScrapyDeprecationWarning)

2018-10-30 16:08:23 [scrapy.middleware] INFO: Enabled downloader middlewares:
['scrapy.downloadermiddlewares.robotstxt.RobotsTxtMiddleware',
 'scrapy.downloadermiddlewares.httpauth.HttpAuthMiddleware',
 'scrapy.downloadermiddlewares.downloadtimeout.DownloadTimeoutMiddleware',
 'scrapy.downloadermiddlewares.defaultheaders.DefaultHeadersMiddleware',
 'jobboss.rotateuseragent.RotateUserAgentMiddleware',
 'jobboss.middlewares.JobbossDownloaderMiddleware',
 'scrapy.downloadermiddlewares.retry.RetryMiddleware',
 'scrapy.downloadermiddlewares.redirect.MetaRefreshMiddleware',
 'scrapy.downloadermiddlewares.httpcompression.HttpCompressionMiddleware',
 'scrapy.downloadermiddlewares.redirect.RedirectMiddleware',
 'scrapy.downloadermiddlewares.cookies.CookiesMiddleware',
 'scrapy.downloadermiddlewares.httpproxy.HttpProxyMiddleware',
 'scrapy.downloadermiddlewares.stats.DownloaderStats']
2018-10-30 16:08:23 [scrapy.middleware] INFO: Enabled spider middlewares:
['scrapy.spidermiddlewares.httperror.HttpErrorMiddleware',
 'scrapy.spidermiddlewares.offsite.OffsiteMiddleware',
 'jobboss.middlewares.JobbossSpiderMiddleware',
 'scrapy.spidermiddlewares.referer.RefererMiddleware',
 'scrapy.spidermiddlewares.urllength.UrlLengthMiddleware',
 'scrapy.spidermiddlewares.depth.DepthMiddleware']
2018-10-30 16:08:23 [scrapy.middleware] INFO: Enabled item pipelines:
['jobboss.pipelines.JobbossPipeline',
 'jobboss.pipelinesmysql.JobspidersPipeline']
2018-10-30 16:08:23 [scrapy.core.engine] INFO: Spider opened
2018-10-30 16:08:23 [scrapy.extensions.logstats] INFO: Crawled 0 pages (at 0 pages/min), scraped 0 items (at 0 items/min)
2018-10-30 16:08:23 [jobbosspider] INFO: Spider opened: jobbosspider
2018-10-30 16:08:23 [jobbosspider] INFO: Spider opened: jobbosspider
2018-11-01 10:26:15 [scrapy.utils.log] INFO: Scrapy 1.5.1 started (bot: jobboss)
2018-11-01 10:26:15 [scrapy.utils.log] INFO: Versions: lxml 4.2.4.0, libxml2 2.9.5, cssselect 1.0.3, parsel 1.5.0, w3lib 1.19.0, Twisted 18.7.0, Python 3.6.5 |Anaconda, Inc.| (default, Mar 29 2018, 13:32:41) [MSC v.1900 64 bit (AMD64)], pyOpenSSL 18.0.0 (OpenSSL 1.1.0i  14 Aug 2018), cryptography 2.3.1, Platform Windows-10-10.0.16299-SP0
2018-11-01 10:26:15 [scrapy.crawler] INFO: Overridden settings: {'BOT_NAME': 'jobboss', 'DOWNLOAD_DELAY': 3, 'LOG_FILE': 'jobboss.log', 'LOG_LEVEL': 'INFO', 'NEWSPIDER_MODULE': 'jobboss.spiders', 'ROBOTSTXT_OBEY': True, 'SPIDER_MODULES': ['jobboss.spiders']}
2018-11-01 10:26:15 [scrapy.middleware] INFO: Enabled extensions:
['scrapy.extensions.corestats.CoreStats',
 'scrapy.extensions.telnet.TelnetConsole',
 'scrapy.extensions.logstats.LogStats']
2018-11-01 10:26:15 [py.warnings] WARNING: G:\python46\python46\lib\site-packages\scrapy\utils\deprecate.py:156: ScrapyDeprecationWarning: `scrapy.contrib.downloadermiddleware.useragent.UserAgentMiddleware` class is deprecated, use `scrapy.downloadermiddlewares.useragent.UserAgentMiddleware` instead
  ScrapyDeprecationWarning)

2018-11-01 10:26:16 [scrapy.middleware] INFO: Enabled downloader middlewares:
['scrapy.downloadermiddlewares.robotstxt.RobotsTxtMiddleware',
 'scrapy.downloadermiddlewares.httpauth.HttpAuthMiddleware',
 'scrapy.downloadermiddlewares.downloadtimeout.DownloadTimeoutMiddleware',
 'scrapy.downloadermiddlewares.defaultheaders.DefaultHeadersMiddleware',
 'jobboss.rotateuseragent.RotateUserAgentMiddleware',
 'jobboss.middlewares.JobbossDownloaderMiddleware',
 'scrapy.downloadermiddlewares.retry.RetryMiddleware',
 'scrapy.downloadermiddlewares.redirect.MetaRefreshMiddleware',
 'scrapy.downloadermiddlewares.httpcompression.HttpCompressionMiddleware',
 'scrapy.downloadermiddlewares.redirect.RedirectMiddleware',
 'scrapy.downloadermiddlewares.cookies.CookiesMiddleware',
 'scrapy.downloadermiddlewares.httpproxy.HttpProxyMiddleware',
 'scrapy.downloadermiddlewares.stats.DownloaderStats']
2018-11-01 10:26:16 [scrapy.middleware] INFO: Enabled spider middlewares:
['scrapy.spidermiddlewares.httperror.HttpErrorMiddleware',
 'scrapy.spidermiddlewares.offsite.OffsiteMiddleware',
 'jobboss.middlewares.JobbossSpiderMiddleware',
 'scrapy.spidermiddlewares.referer.RefererMiddleware',
 'scrapy.spidermiddlewares.urllength.UrlLengthMiddleware',
 'scrapy.spidermiddlewares.depth.DepthMiddleware']
2018-11-01 10:26:16 [scrapy.middleware] INFO: Enabled item pipelines:
['jobboss.pipelines.JobbossPipeline',
 'jobboss.pipelinesmysql.JobspidersPipeline']
2018-11-01 10:26:16 [scrapy.core.engine] INFO: Spider opened
2018-11-01 10:26:17 [scrapy.extensions.logstats] INFO: Crawled 0 pages (at 0 pages/min), scraped 0 items (at 0 items/min)
2018-11-01 10:26:17 [jobbosspider] INFO: Spider opened: jobbosspider
2018-11-01 10:26:17 [jobbosspider] INFO: Spider opened: jobbosspider
